<?xml version="1.0" encoding="UTF-8"?>
<testng-results ignored="4" total="47" passed="15" failed="28" skipped="0">
  <reporter-output>
    <line>
      <![CDATA[<a href='C:\Users\Arrumi Alfarazi\IdeaProjects\automationproviderFindBy\target\surefire-reports\screenshots\positiveRegisterInPatient_03_11_2023_09_18_20.png'> <img src='C:\Users\Arrumi Alfarazi\IdeaProjects\automationproviderFindBy\target\surefire-reports\screenshots\positiveRegisterInPatient_03_11_2023_09_18_20.png' height='320' width='180'/> </a>]]>
    </line>
    <line>
      <![CDATA[<a href='C:\Users\Arrumi Alfarazi\IdeaProjects\automationproviderFindBy\target\surefire-reports\screenshots\verifyFilterRegDateNegListRI_03_11_2023_09_18_36.png'> <img src='C:\Users\Arrumi Alfarazi\IdeaProjects\automationproviderFindBy\target\surefire-reports\screenshots\verifyFilterRegDateNegListRI_03_11_2023_09_18_36.png' height='320' width='180'/> </a>]]>
    </line>
    <line>
      <![CDATA[<a href='C:\Users\Arrumi Alfarazi\IdeaProjects\automationproviderFindBy\target\surefire-reports\screenshots\verifyFilterRegDateListRI_03_11_2023_09_18_38.png'> <img src='C:\Users\Arrumi Alfarazi\IdeaProjects\automationproviderFindBy\target\surefire-reports\screenshots\verifyFilterRegDateListRI_03_11_2023_09_18_38.png' height='320' width='180'/> </a>]]>
    </line>
    <line>
      <![CDATA[<a href='C:\Users\Arrumi Alfarazi\IdeaProjects\automationproviderFindBy\target\surefire-reports\screenshots\verifyFilterNoKlaimNegListRI_03_11_2023_09_18_40.png'> <img src='C:\Users\Arrumi Alfarazi\IdeaProjects\automationproviderFindBy\target\surefire-reports\screenshots\verifyFilterNoKlaimNegListRI_03_11_2023_09_18_40.png' height='320' width='180'/> </a>]]>
    </line>
    <line>
      <![CDATA[<a href='C:\Users\Arrumi Alfarazi\IdeaProjects\automationproviderFindBy\target\surefire-reports\screenshots\verifyFilterTransNoListRI_03_11_2023_09_18_49.png'> <img src='C:\Users\Arrumi Alfarazi\IdeaProjects\automationproviderFindBy\target\surefire-reports\screenshots\verifyFilterTransNoListRI_03_11_2023_09_18_49.png' height='320' width='180'/> </a>]]>
    </line>
    <line>
      <![CDATA[<a href='C:\Users\Arrumi Alfarazi\IdeaProjects\automationproviderFindBy\target\surefire-reports\screenshots\verifyFilterCardNoNegListRI_03_11_2023_09_19_02.png'> <img src='C:\Users\Arrumi Alfarazi\IdeaProjects\automationproviderFindBy\target\surefire-reports\screenshots\verifyFilterCardNoNegListRI_03_11_2023_09_19_02.png' height='320' width='180'/> </a>]]>
    </line>
    <line>
      <![CDATA[<a href='C:\Users\Arrumi Alfarazi\IdeaProjects\automationproviderFindBy\target\surefire-reports\screenshots\verifyFilterParticipantNameNegListRI_03_11_2023_09_19_15.png'> <img src='C:\Users\Arrumi Alfarazi\IdeaProjects\automationproviderFindBy\target\surefire-reports\screenshots\verifyFilterParticipantNameNegListRI_03_11_2023_09_19_15.png' height='320' width='180'/> </a>]]>
    </line>
    <line>
      <![CDATA[<a href='C:\Users\Arrumi Alfarazi\IdeaProjects\automationproviderFindBy\target\surefire-reports\screenshots\verifyFilterTypeTreatmentListRI_03_11_2023_09_20_40.png'> <img src='C:\Users\Arrumi Alfarazi\IdeaProjects\automationproviderFindBy\target\surefire-reports\screenshots\verifyFilterTypeTreatmentListRI_03_11_2023_09_20_40.png' height='320' width='180'/> </a>]]>
    </line>
    <line>
      <![CDATA[<a href='C:\Users\Arrumi Alfarazi\IdeaProjects\automationproviderFindBy\target\surefire-reports\screenshots\verifyFilterNoKlaimListRJ_03_11_2023_09_21_04.png'> <img src='C:\Users\Arrumi Alfarazi\IdeaProjects\automationproviderFindBy\target\surefire-reports\screenshots\verifyFilterNoKlaimListRJ_03_11_2023_09_21_04.png' height='320' width='180'/> </a>]]>
    </line>
    <line>
      <![CDATA[<a href='C:\Users\Arrumi Alfarazi\IdeaProjects\automationproviderFindBy\target\surefire-reports\screenshots\verifyFilterRegDateListRJ_03_11_2023_09_21_05.png'> <img src='C:\Users\Arrumi Alfarazi\IdeaProjects\automationproviderFindBy\target\surefire-reports\screenshots\verifyFilterRegDateListRJ_03_11_2023_09_21_05.png' height='320' width='180'/> </a>]]>
    </line>
    <line>
      <![CDATA[<a href='C:\Users\Arrumi Alfarazi\IdeaProjects\automationproviderFindBy\target\surefire-reports\screenshots\verifyFilterRegDateNegListRJ_03_11_2023_09_21_07.png'> <img src='C:\Users\Arrumi Alfarazi\IdeaProjects\automationproviderFindBy\target\surefire-reports\screenshots\verifyFilterRegDateNegListRJ_03_11_2023_09_21_07.png' height='320' width='180'/> </a>]]>
    </line>
    <line>
      <![CDATA[<a href='C:\Users\Arrumi Alfarazi\IdeaProjects\automationproviderFindBy\target\surefire-reports\screenshots\verifyFilterNoKlaimNegListRJ_03_11_2023_09_21_07.png'> <img src='C:\Users\Arrumi Alfarazi\IdeaProjects\automationproviderFindBy\target\surefire-reports\screenshots\verifyFilterNoKlaimNegListRJ_03_11_2023_09_21_07.png' height='320' width='180'/> </a>]]>
    </line>
    <line>
      <![CDATA[<a href='C:\Users\Arrumi Alfarazi\IdeaProjects\automationproviderFindBy\target\surefire-reports\screenshots\verifyFilterTransNoNegListRJ_03_11_2023_09_21_31.png'> <img src='C:\Users\Arrumi Alfarazi\IdeaProjects\automationproviderFindBy\target\surefire-reports\screenshots\verifyFilterTransNoNegListRJ_03_11_2023_09_21_31.png' height='320' width='180'/> </a>]]>
    </line>
    <line>
      <![CDATA[<a href='C:\Users\Arrumi Alfarazi\IdeaProjects\automationproviderFindBy\target\surefire-reports\screenshots\verifyFilterTransNoListRJ_03_11_2023_09_21_32.png'> <img src='C:\Users\Arrumi Alfarazi\IdeaProjects\automationproviderFindBy\target\surefire-reports\screenshots\verifyFilterTransNoListRJ_03_11_2023_09_21_32.png' height='320' width='180'/> </a>]]>
    </line>
    <line>
      <![CDATA[<a href='C:\Users\Arrumi Alfarazi\IdeaProjects\automationproviderFindBy\target\surefire-reports\screenshots\verifyFilterCardNoListRJ_03_11_2023_09_21_34.png'> <img src='C:\Users\Arrumi Alfarazi\IdeaProjects\automationproviderFindBy\target\surefire-reports\screenshots\verifyFilterCardNoListRJ_03_11_2023_09_21_34.png' height='320' width='180'/> </a>]]>
    </line>
    <line>
      <![CDATA[<a href='C:\Users\Arrumi Alfarazi\IdeaProjects\automationproviderFindBy\target\surefire-reports\screenshots\verifyFilterCardNoNegListRJ_03_11_2023_09_21_34.png'> <img src='C:\Users\Arrumi Alfarazi\IdeaProjects\automationproviderFindBy\target\surefire-reports\screenshots\verifyFilterCardNoNegListRJ_03_11_2023_09_21_34.png' height='320' width='180'/> </a>]]>
    </line>
    <line>
      <![CDATA[<a href='C:\Users\Arrumi Alfarazi\IdeaProjects\automationproviderFindBy\target\surefire-reports\screenshots\verifyFilterParticipantNameNegListRJ_03_11_2023_09_21_55.png'> <img src='C:\Users\Arrumi Alfarazi\IdeaProjects\automationproviderFindBy\target\surefire-reports\screenshots\verifyFilterParticipantNameNegListRJ_03_11_2023_09_21_55.png' height='320' width='180'/> </a>]]>
    </line>
    <line>
      <![CDATA[<a href='C:\Users\Arrumi Alfarazi\IdeaProjects\automationproviderFindBy\target\surefire-reports\screenshots\verifyFilterTypeTreatmentListRJ_03_11_2023_09_21_55.png'> <img src='C:\Users\Arrumi Alfarazi\IdeaProjects\automationproviderFindBy\target\surefire-reports\screenshots\verifyFilterTypeTreatmentListRJ_03_11_2023_09_21_55.png' height='320' width='180'/> </a>]]>
    </line>
    <line>
      <![CDATA[<a href='C:\Users\Arrumi Alfarazi\IdeaProjects\automationproviderFindBy\target\surefire-reports\screenshots\verifyFilterStatusListRJ_03_11_2023_09_21_55.png'> <img src='C:\Users\Arrumi Alfarazi\IdeaProjects\automationproviderFindBy\target\surefire-reports\screenshots\verifyFilterStatusListRJ_03_11_2023_09_21_55.png' height='320' width='180'/> </a>]]>
    </line>
    <line>
      <![CDATA[<a href='C:\Users\Arrumi Alfarazi\IdeaProjects\automationproviderFindBy\target\surefire-reports\screenshots\policyInactiveUnderCorporate_03_11_2023_09_22_26.png'> <img src='C:\Users\Arrumi Alfarazi\IdeaProjects\automationproviderFindBy\target\surefire-reports\screenshots\policyInactiveUnderCorporate_03_11_2023_09_22_26.png' height='320' width='180'/> </a>]]>
    </line>
    <line>
      <![CDATA[<a href='C:\Users\Arrumi Alfarazi\IdeaProjects\automationproviderFindBy\target\surefire-reports\screenshots\policyInactiveIndividual_03_11_2023_09_22_27.png'> <img src='C:\Users\Arrumi Alfarazi\IdeaProjects\automationproviderFindBy\target\surefire-reports\screenshots\policyInactiveIndividual_03_11_2023_09_22_27.png' height='320' width='180'/> </a>]]>
    </line>
    <line>
      <![CDATA[<a href='C:\Users\Arrumi Alfarazi\IdeaProjects\automationproviderFindBy\target\surefire-reports\screenshots\invalidLevelProvider_03_11_2023_09_22_55.png'> <img src='C:\Users\Arrumi Alfarazi\IdeaProjects\automationproviderFindBy\target\surefire-reports\screenshots\invalidLevelProvider_03_11_2023_09_22_55.png' height='320' width='180'/> </a>]]>
    </line>
    <line>
      <![CDATA[<a href='C:\Users\Arrumi Alfarazi\IdeaProjects\automationproviderFindBy\target\surefire-reports\screenshots\regisSamePatientWithSameTreatment_03_11_2023_09_24_48.png'> <img src='C:\Users\Arrumi Alfarazi\IdeaProjects\automationproviderFindBy\target\surefire-reports\screenshots\regisSamePatientWithSameTreatment_03_11_2023_09_24_48.png' height='320' width='180'/> </a>]]>
    </line>
    <line>
      <![CDATA[<a href='C:\Users\Arrumi Alfarazi\IdeaProjects\automationproviderFindBy\target\surefire-reports\screenshots\cancelRegistFromListing_03_11_2023_09_25_01.png'> <img src='C:\Users\Arrumi Alfarazi\IdeaProjects\automationproviderFindBy\target\surefire-reports\screenshots\cancelRegistFromListing_03_11_2023_09_25_01.png' height='320' width='180'/> </a>]]>
    </line>
    <line>
      <![CDATA[<a href='C:\Users\Arrumi Alfarazi\IdeaProjects\automationproviderFindBy\target\surefire-reports\screenshots\CancelRegisWithCompletedPengesahanTagihan_03_11_2023_09_26_54.png'> <img src='C:\Users\Arrumi Alfarazi\IdeaProjects\automationproviderFindBy\target\surefire-reports\screenshots\CancelRegisWithCompletedPengesahanTagihan_03_11_2023_09_26_54.png' height='320' width='180'/> </a>]]>
    </line>
    <line>
      <![CDATA[<a href='C:\Users\Arrumi Alfarazi\IdeaProjects\automationproviderFindBy\target\surefire-reports\screenshots\positiveRegisOutPatient_03_11_2023_09_28_52.png'> <img src='C:\Users\Arrumi Alfarazi\IdeaProjects\automationproviderFindBy\target\surefire-reports\screenshots\positiveRegisOutPatient_03_11_2023_09_28_52.png' height='320' width='180'/> </a>]]>
    </line>
    <line>
      <![CDATA[<a href='C:\Users\Arrumi Alfarazi\IdeaProjects\automationproviderFindBy\target\surefire-reports\screenshots\positivePengesahanTagihan_03_11_2023_09_29_02.png'> <img src='C:\Users\Arrumi Alfarazi\IdeaProjects\automationproviderFindBy\target\surefire-reports\screenshots\positivePengesahanTagihan_03_11_2023_09_29_02.png' height='320' width='180'/> </a>]]>
    </line>
    <line>
      <![CDATA[<a href='C:\Users\Arrumi Alfarazi\IdeaProjects\automationproviderFindBy\target\surefire-reports\screenshots\positivePenagihanKlaimAndCancelRegis_03_11_2023_09_29_09.png'> <img src='C:\Users\Arrumi Alfarazi\IdeaProjects\automationproviderFindBy\target\surefire-reports\screenshots\positivePenagihanKlaimAndCancelRegis_03_11_2023_09_29_09.png' height='320' width='180'/> </a>]]>
    </line>
  </reporter-output>
  <suite started-at="2023-11-03T02:29:12Z" name="Suite" finished-at="2023-11-03T02:29:12Z" duration-ms="0">
    <groups>
    </groups>
  </suite> <!-- Suite -->
  <suite started-at="2023-11-03T02:26:56Z" name="Positive Rawat Jalan" finished-at="2023-11-03T02:29:11Z" duration-ms="134365">
    <groups>
    </groups>
    <test started-at="2023-11-03T02:26:56Z" name="Positive Rawat Jalan Test" finished-at="2023-11-03T02:29:11Z" duration-ms="134365">
      <class name="test.rawatjalan.PositiveRJTest">
        <test-method is-config="true" signature="createChromeDriver()[pri:0, instance:test.rawatjalan.PositiveRJTest@3de8f619]" started-at="2023-11-03T02:26:56Z" name="createChromeDriver" finished-at="2023-11-03T02:27:01Z" duration-ms="4153" status="PASS">
          <reporter-output>
          </reporter-output>
        </test-method> <!-- createChromeDriver -->
        <test-method is-config="true" signature="login()[pri:0, instance:test.rawatjalan.PositiveRJTest@3de8f619]" started-at="2023-11-03T02:27:01Z" name="login" finished-at="2023-11-03T02:27:02Z" duration-ms="1705" status="PASS">
          <reporter-output>
          </reporter-output>
        </test-method> <!-- login -->
        <test-method signature="positiveRegisOutPatient()[pri:1, instance:test.rawatjalan.PositiveRJTest@3de8f619]" started-at="2023-11-03T02:27:02Z" name="positiveRegisOutPatient" finished-at="2023-11-03T02:28:52Z" duration-ms="109371" status="FAIL">
          <exception class="org.openqa.selenium.TimeoutException">
            <message>
              <![CDATA[Expected condition failed: waiting for visibility of Proxy element for: DefaultElementLocator 'By.xpath: //table[1]/tbody/tr[1]/td[3]' (tried for 60 second(s) with 500 milliseconds interval)]]>
            </message>
            <full-stacktrace>
              <![CDATA[org.openqa.selenium.TimeoutException: Expected condition failed: waiting for visibility of Proxy element for: DefaultElementLocator 'By.xpath: //table[1]/tbody/tr[1]/td[3]' (tried for 60 second(s) with 500 milliseconds interval)
at org.openqa.selenium.support.ui.WebDriverWait.timeoutException(WebDriverWait.java:87)
at org.openqa.selenium.support.ui.FluentWait.until(FluentWait.java:231)
at page.BasePage.waitForVisibility(BasePage.java:53)
at page.BasePage.doGetText(BasePage.java:36)
at page.rawatjalan.CetakStrukPage.getTxtPayor(CetakStrukPage.java:82)
at test.rawatjalan.PositiveRJTest.positiveRegisOutPatient(PositiveRJTest.java:83)
at java.base/jdk.internal.reflect.NativeMethodAccessorImpl.invoke0(Native Method)
at java.base/jdk.internal.reflect.NativeMethodAccessorImpl.invoke(NativeMethodAccessorImpl.java:77)
at java.base/jdk.internal.reflect.DelegatingMethodAccessorImpl.invoke(DelegatingMethodAccessorImpl.java:43)
at java.base/java.lang.reflect.Method.invoke(Method.java:568)
at org.testng.internal.MethodInvocationHelper.invokeMethod(MethodInvocationHelper.java:124)
at org.testng.internal.Invoker.invokeMethod(Invoker.java:583)
at org.testng.internal.Invoker.invokeTestMethod(Invoker.java:719)
at org.testng.internal.Invoker.invokeTestMethods(Invoker.java:989)
at org.testng.internal.TestMethodWorker.invokeTestMethods(TestMethodWorker.java:125)
at org.testng.internal.TestMethodWorker.run(TestMethodWorker.java:109)
at java.base/java.util.concurrent.ThreadPoolExecutor.runWorker(ThreadPoolExecutor.java:1136)
at java.base/java.util.concurrent.ThreadPoolExecutor$Worker.run(ThreadPoolExecutor.java:635)
at java.base/java.lang.Thread.run(Thread.java:833)
Caused by: org.openqa.selenium.NoSuchElementException: Unable to locate element: //table[1]/tbody/tr[1]/td[3]
For documentation on this error, please visit: https://selenium.dev/exceptions/#no_such_element
Build info: version: '4.9.0', revision: 'd7057100a6'
System info: os.name: 'Windows 11', os.arch: 'amd64', os.version: '10.0', java.version: '17.0.7'
Driver info: org.openqa.selenium.firefox.FirefoxDriver
Command: [37e2057b-3171-46ca-ba29-97fcd117e455, findElement {using=xpath, value=//table[1]/tbody/tr[1]/td[3]}]
Capabilities {acceptInsecureCerts: true, browserName: firefox, browserVersion: 118.0.2, moz:accessibilityChecks: false, moz:buildID: 20231009140911, moz:debuggerAddress: 127.0.0.1:13694, moz:geckodriverVersion: 0.33.0, moz:headless: false, moz:platformVersion: 10.0, moz:processID: 40176, moz:profile: C:\Users\ARRUMI~1\AppData\L..., moz:shutdownTimeout: 60000, moz:webdriverClick: true, moz:windowless: false, pageLoadStrategy: normal, platformName: WINDOWS, proxy: Proxy(), se:cdp: ws://127.0.0.1:13694/devtoo..., se:cdpVersion: 85.0, setWindowRect: true, strictFileInteractability: false, timeouts: {implicit: 0, pageLoad: 300000, script: 30000}, unhandledPromptBehavior: dismiss and notify}
Session ID: 37e2057b-3171-46ca-ba29-97fcd117e455
at jdk.internal.reflect.GeneratedConstructorAccessor20.newInstance(Unknown Source)
at java.base/jdk.internal.reflect.DelegatingConstructorAccessorImpl.newInstance(DelegatingConstructorAccessorImpl.java:45)
at java.base/java.lang.reflect.Constructor.newInstanceWithCaller(Constructor.java:499)
at java.base/java.lang.reflect.Constructor.newInstance(Constructor.java:480)
at org.openqa.selenium.remote.codec.w3c.W3CHttpResponseCodec.createException(W3CHttpResponseCodec.java:200)
at org.openqa.selenium.remote.codec.w3c.W3CHttpResponseCodec.decode(W3CHttpResponseCodec.java:133)
at org.openqa.selenium.remote.codec.w3c.W3CHttpResponseCodec.decode(W3CHttpResponseCodec.java:53)
at org.openqa.selenium.remote.HttpCommandExecutor.execute(HttpCommandExecutor.java:193)
at org.openqa.selenium.remote.service.DriverCommandExecutor.invokeExecute(DriverCommandExecutor.java:183)
at org.openqa.selenium.remote.service.DriverCommandExecutor.execute(DriverCommandExecutor.java:158)
at org.openqa.selenium.remote.RemoteWebDriver.execute(RemoteWebDriver.java:543)
at org.openqa.selenium.remote.ElementLocation$ElementFinder$2.findElement(ElementLocation.java:162)
at org.openqa.selenium.remote.ElementLocation.findElement(ElementLocation.java:60)
at org.openqa.selenium.remote.RemoteWebDriver.findElement(RemoteWebDriver.java:352)
at org.openqa.selenium.remote.RemoteWebDriver.findElement(RemoteWebDriver.java:344)
at org.openqa.selenium.support.pagefactory.DefaultElementLocator.findElement(DefaultElementLocator.java:70)
at org.openqa.selenium.support.pagefactory.internal.LocatingElementHandler.invoke(LocatingElementHandler.java:39)
at jdk.proxy2/jdk.proxy2.$Proxy19.isDisplayed(Unknown Source)
at org.openqa.selenium.support.ui.ExpectedConditions.elementIfVisible(ExpectedConditions.java:307)
at org.openqa.selenium.support.ui.ExpectedConditions.access$000(ExpectedConditions.java:40)
at org.openqa.selenium.support.ui.ExpectedConditions$10.apply(ExpectedConditions.java:293)
at org.openqa.selenium.support.ui.ExpectedConditions$10.apply(ExpectedConditions.java:290)
at org.openqa.selenium.support.ui.FluentWait.until(FluentWait.java:208)
... 17 more
]]>
            </full-stacktrace>
          </exception> <!-- org.openqa.selenium.TimeoutException -->
          <reporter-output>
          </reporter-output>
        </test-method> <!-- positiveRegisOutPatient -->
        <test-method is-config="true" signature="quitChromeDriver(org.testng.ITestResult)[pri:0, instance:test.rawatjalan.PositiveRJTest@3de8f619]" started-at="2023-11-03T02:28:52Z" name="quitChromeDriver" finished-at="2023-11-03T02:28:53Z" duration-ms="1648" status="PASS">
          <params>
            <param index="0">
              <value>
                <![CDATA[[TestResult name=positiveRegisOutPatient status=FAILURE method=PositiveRJTest.positiveRegisOutPatient()[pri:1, instance:test.rawatjalan.PositiveRJTest@3de8f619] output={null}]]]>
              </value>
            </param>
          </params>
          <reporter-output>
            <line>
              <![CDATA[<a href='C:\Users\Arrumi Alfarazi\IdeaProjects\automationproviderFindBy\target\surefire-reports\screenshots\positiveRegisOutPatient_03_11_2023_09_28_52.png'> <img src='C:\Users\Arrumi Alfarazi\IdeaProjects\automationproviderFindBy\target\surefire-reports\screenshots\positiveRegisOutPatient_03_11_2023_09_28_52.png' height='320' width='180'/> </a>]]>
            </line>
          </reporter-output>
        </test-method> <!-- quitChromeDriver -->
        <test-method is-config="true" signature="createChromeDriver()[pri:0, instance:test.rawatjalan.PositiveRJTest@3de8f619]" started-at="2023-11-03T02:28:53Z" name="createChromeDriver" finished-at="2023-11-03T02:28:57Z" duration-ms="3979" status="PASS">
          <reporter-output>
          </reporter-output>
        </test-method> <!-- createChromeDriver -->
        <test-method is-config="true" signature="login()[pri:0, instance:test.rawatjalan.PositiveRJTest@3de8f619]" started-at="2023-11-03T02:28:57Z" name="login" finished-at="2023-11-03T02:28:59Z" duration-ms="1474" status="PASS">
          <reporter-output>
          </reporter-output>
        </test-method> <!-- login -->
        <test-method signature="positivePengesahanTagihan()[pri:2, instance:test.rawatjalan.PositiveRJTest@3de8f619]" started-at="2023-11-03T02:28:59Z" name="positivePengesahanTagihan" finished-at="2023-11-03T02:29:02Z" duration-ms="3291" status="FAIL">
          <exception class="org.openqa.selenium.StaleElementReferenceException">
            <message>
              <![CDATA[The element with the reference 81f50ea7-08e4-4904-84e3-9661695cf631 is stale; either its node document is not the active document, or it is no longer connected to the DOM
For documentation on this error, please visit: https://selenium.dev/exceptions/#stale_element_reference
Build info: version: '4.9.0', revision: 'd7057100a6'
System info: os.name: 'Windows 11', os.arch: 'amd64', os.version: '10.0', java.version: '17.0.7'
Driver info: org.openqa.selenium.firefox.FirefoxDriver
Command: [12178472-9b6c-4135-9415-d3f875114041, isElementDisplayed {id=81f50ea7-08e4-4904-84e3-9661695cf631}]
Capabilities {acceptInsecureCerts: true, browserName: firefox, browserVersion: 118.0.2, moz:accessibilityChecks: false, moz:buildID: 20231009140911, moz:debuggerAddress: 127.0.0.1:34179, moz:geckodriverVersion: 0.33.0, moz:headless: false, moz:platformVersion: 10.0, moz:processID: 72892, moz:profile: C:\Users\ARRUMI~1\AppData\L..., moz:shutdownTimeout: 60000, moz:webdriverClick: true, moz:windowless: false, pageLoadStrategy: normal, platformName: WINDOWS, proxy: Proxy(), se:cdp: ws://127.0.0.1:34179/devtoo..., se:cdpVersion: 85.0, setWindowRect: true, strictFileInteractability: false, timeouts: {implicit: 0, pageLoad: 300000, script: 30000}, unhandledPromptBehavior: dismiss and notify}
Element: [[FirefoxDriver: firefox on WINDOWS (12178472-9b6c-4135-9415-d3f875114041)] -> xpath: //div[@data-testid='btnShowFilter']]
Session ID: 12178472-9b6c-4135-9415-d3f875114041]]>
            </message>
            <full-stacktrace>
              <![CDATA[org.openqa.selenium.StaleElementReferenceException: The element with the reference 81f50ea7-08e4-4904-84e3-9661695cf631 is stale; either its node document is not the active document, or it is no longer connected to the DOM
For documentation on this error, please visit: https://selenium.dev/exceptions/#stale_element_reference
Build info: version: '4.9.0', revision: 'd7057100a6'
System info: os.name: 'Windows 11', os.arch: 'amd64', os.version: '10.0', java.version: '17.0.7'
Driver info: org.openqa.selenium.firefox.FirefoxDriver
Command: [12178472-9b6c-4135-9415-d3f875114041, isElementDisplayed {id=81f50ea7-08e4-4904-84e3-9661695cf631}]
Capabilities {acceptInsecureCerts: true, browserName: firefox, browserVersion: 118.0.2, moz:accessibilityChecks: false, moz:buildID: 20231009140911, moz:debuggerAddress: 127.0.0.1:34179, moz:geckodriverVersion: 0.33.0, moz:headless: false, moz:platformVersion: 10.0, moz:processID: 72892, moz:profile: C:\Users\ARRUMI~1\AppData\L..., moz:shutdownTimeout: 60000, moz:webdriverClick: true, moz:windowless: false, pageLoadStrategy: normal, platformName: WINDOWS, proxy: Proxy(), se:cdp: ws://127.0.0.1:34179/devtoo..., se:cdpVersion: 85.0, setWindowRect: true, strictFileInteractability: false, timeouts: {implicit: 0, pageLoad: 300000, script: 30000}, unhandledPromptBehavior: dismiss and notify}
Element: [[FirefoxDriver: firefox on WINDOWS (12178472-9b6c-4135-9415-d3f875114041)] -> xpath: //div[@data-testid='btnShowFilter']]
Session ID: 12178472-9b6c-4135-9415-d3f875114041
at jdk.internal.reflect.GeneratedConstructorAccessor44.newInstance(Unknown Source)
at java.base/jdk.internal.reflect.DelegatingConstructorAccessorImpl.newInstance(DelegatingConstructorAccessorImpl.java:45)
at java.base/java.lang.reflect.Constructor.newInstanceWithCaller(Constructor.java:499)
at java.base/java.lang.reflect.Constructor.newInstance(Constructor.java:480)
at org.openqa.selenium.remote.codec.w3c.W3CHttpResponseCodec.createException(W3CHttpResponseCodec.java:200)
at org.openqa.selenium.remote.codec.w3c.W3CHttpResponseCodec.decode(W3CHttpResponseCodec.java:133)
at org.openqa.selenium.remote.codec.w3c.W3CHttpResponseCodec.decode(W3CHttpResponseCodec.java:53)
at org.openqa.selenium.remote.HttpCommandExecutor.execute(HttpCommandExecutor.java:193)
at org.openqa.selenium.remote.service.DriverCommandExecutor.invokeExecute(DriverCommandExecutor.java:183)
at org.openqa.selenium.remote.service.DriverCommandExecutor.execute(DriverCommandExecutor.java:158)
at org.openqa.selenium.remote.RemoteWebDriver.execute(RemoteWebDriver.java:543)
at org.openqa.selenium.remote.RemoteWebElement.execute(RemoteWebElement.java:257)
at org.openqa.selenium.remote.RemoteWebElement.isDisplayed(RemoteWebElement.java:313)
at jdk.internal.reflect.GeneratedMethodAccessor6.invoke(Unknown Source)
at java.base/jdk.internal.reflect.DelegatingMethodAccessorImpl.invoke(DelegatingMethodAccessorImpl.java:43)
at java.base/java.lang.reflect.Method.invoke(Method.java:568)
at org.openqa.selenium.support.pagefactory.internal.LocatingElementHandler.invoke(LocatingElementHandler.java:52)
at jdk.proxy2/jdk.proxy2.$Proxy19.isDisplayed(Unknown Source)
at org.openqa.selenium.support.ui.ExpectedConditions.elementIfVisible(ExpectedConditions.java:307)
at org.openqa.selenium.support.ui.ExpectedConditions.access$000(ExpectedConditions.java:40)
at org.openqa.selenium.support.ui.ExpectedConditions$10.apply(ExpectedConditions.java:293)
at org.openqa.selenium.support.ui.ExpectedConditions$10.apply(ExpectedConditions.java:290)
at org.openqa.selenium.support.ui.ExpectedConditions$23.apply(ExpectedConditions.java:660)
at org.openqa.selenium.support.ui.ExpectedConditions$23.apply(ExpectedConditions.java:656)
at org.openqa.selenium.support.ui.FluentWait.until(FluentWait.java:208)
at page.BasePage.waitForClickable(BasePage.java:59)
at page.BasePage.doClick(BasePage.java:24)
at page.rawatjalan.ListRJPage.clickPencarian(ListRJPage.java:153)
at test.rawatjalan.PositiveRJTest.positivePengesahanTagihan(PositiveRJTest.java:137)
at java.base/jdk.internal.reflect.NativeMethodAccessorImpl.invoke0(Native Method)
at java.base/jdk.internal.reflect.NativeMethodAccessorImpl.invoke(NativeMethodAccessorImpl.java:77)
at java.base/jdk.internal.reflect.DelegatingMethodAccessorImpl.invoke(DelegatingMethodAccessorImpl.java:43)
at java.base/java.lang.reflect.Method.invoke(Method.java:568)
at org.testng.internal.MethodInvocationHelper.invokeMethod(MethodInvocationHelper.java:124)
at org.testng.internal.Invoker.invokeMethod(Invoker.java:583)
at org.testng.internal.Invoker.invokeTestMethod(Invoker.java:719)
at org.testng.internal.Invoker.invokeTestMethods(Invoker.java:989)
at org.testng.internal.TestMethodWorker.invokeTestMethods(TestMethodWorker.java:125)
at org.testng.internal.TestMethodWorker.run(TestMethodWorker.java:109)
at java.base/java.util.concurrent.ThreadPoolExecutor.runWorker(ThreadPoolExecutor.java:1136)
at java.base/java.util.concurrent.ThreadPoolExecutor$Worker.run(ThreadPoolExecutor.java:635)
at java.base/java.lang.Thread.run(Thread.java:833)
]]>
            </full-stacktrace>
          </exception> <!-- org.openqa.selenium.StaleElementReferenceException -->
          <reporter-output>
          </reporter-output>
        </test-method> <!-- positivePengesahanTagihan -->
        <test-method is-config="true" signature="quitChromeDriver(org.testng.ITestResult)[pri:0, instance:test.rawatjalan.PositiveRJTest@3de8f619]" started-at="2023-11-03T02:29:02Z" name="quitChromeDriver" finished-at="2023-11-03T02:29:04Z" duration-ms="2034" status="PASS">
          <params>
            <param index="0">
              <value>
                <![CDATA[[TestResult name=positivePengesahanTagihan status=FAILURE method=PositiveRJTest.positivePengesahanTagihan()[pri:2, instance:test.rawatjalan.PositiveRJTest@3de8f619] output={null}]]]>
              </value>
            </param>
          </params>
          <reporter-output>
            <line>
              <![CDATA[<a href='C:\Users\Arrumi Alfarazi\IdeaProjects\automationproviderFindBy\target\surefire-reports\screenshots\positivePengesahanTagihan_03_11_2023_09_29_02.png'> <img src='C:\Users\Arrumi Alfarazi\IdeaProjects\automationproviderFindBy\target\surefire-reports\screenshots\positivePengesahanTagihan_03_11_2023_09_29_02.png' height='320' width='180'/> </a>]]>
            </line>
          </reporter-output>
        </test-method> <!-- quitChromeDriver -->
        <test-method is-config="true" signature="createChromeDriver()[pri:0, instance:test.rawatjalan.PositiveRJTest@3de8f619]" started-at="2023-11-03T02:29:04Z" name="createChromeDriver" finished-at="2023-11-03T02:29:08Z" duration-ms="3477" status="PASS">
          <reporter-output>
          </reporter-output>
        </test-method> <!-- createChromeDriver -->
        <test-method is-config="true" signature="login()[pri:0, instance:test.rawatjalan.PositiveRJTest@3de8f619]" started-at="2023-11-03T02:29:08Z" name="login" finished-at="2023-11-03T02:29:09Z" duration-ms="1498" status="PASS">
          <reporter-output>
          </reporter-output>
        </test-method> <!-- login -->
        <test-method signature="positivePenagihanKlaimAndCancelRegis()[pri:3, instance:test.rawatjalan.PositiveRJTest@3de8f619]" started-at="2023-11-03T02:29:09Z" name="positivePenagihanKlaimAndCancelRegis" finished-at="2023-11-03T02:29:09Z" duration-ms="290" status="FAIL">
          <exception class="org.openqa.selenium.NoSuchElementException">
            <message>
              <![CDATA[Unable to locate element: //p[normalize-space()='Penagihan Klaim']
For documentation on this error, please visit: https://selenium.dev/exceptions/#no_such_element
Build info: version: '4.9.0', revision: 'd7057100a6'
System info: os.name: 'Windows 11', os.arch: 'amd64', os.version: '10.0', java.version: '17.0.7'
Driver info: org.openqa.selenium.firefox.FirefoxDriver
Command: [ae0ee626-b6af-455e-b33d-ef6364a0ab45, findElement {using=xpath, value=//p[normalize-space()='Penagihan Klaim']}]
Capabilities {acceptInsecureCerts: true, browserName: firefox, browserVersion: 118.0.2, moz:accessibilityChecks: false, moz:buildID: 20231009140911, moz:debuggerAddress: 127.0.0.1:10368, moz:geckodriverVersion: 0.33.0, moz:headless: false, moz:platformVersion: 10.0, moz:processID: 74904, moz:profile: C:\Users\ARRUMI~1\AppData\L..., moz:shutdownTimeout: 60000, moz:webdriverClick: true, moz:windowless: false, pageLoadStrategy: normal, platformName: WINDOWS, proxy: Proxy(), se:cdp: ws://127.0.0.1:10368/devtoo..., se:cdpVersion: 85.0, setWindowRect: true, strictFileInteractability: false, timeouts: {implicit: 0, pageLoad: 300000, script: 30000}, unhandledPromptBehavior: dismiss and notify}
Session ID: ae0ee626-b6af-455e-b33d-ef6364a0ab45]]>
            </message>
            <full-stacktrace>
              <![CDATA[org.openqa.selenium.NoSuchElementException: Unable to locate element: //p[normalize-space()='Penagihan Klaim']
For documentation on this error, please visit: https://selenium.dev/exceptions/#no_such_element
Build info: version: '4.9.0', revision: 'd7057100a6'
System info: os.name: 'Windows 11', os.arch: 'amd64', os.version: '10.0', java.version: '17.0.7'
Driver info: org.openqa.selenium.firefox.FirefoxDriver
Command: [ae0ee626-b6af-455e-b33d-ef6364a0ab45, findElement {using=xpath, value=//p[normalize-space()='Penagihan Klaim']}]
Capabilities {acceptInsecureCerts: true, browserName: firefox, browserVersion: 118.0.2, moz:accessibilityChecks: false, moz:buildID: 20231009140911, moz:debuggerAddress: 127.0.0.1:10368, moz:geckodriverVersion: 0.33.0, moz:headless: false, moz:platformVersion: 10.0, moz:processID: 74904, moz:profile: C:\Users\ARRUMI~1\AppData\L..., moz:shutdownTimeout: 60000, moz:webdriverClick: true, moz:windowless: false, pageLoadStrategy: normal, platformName: WINDOWS, proxy: Proxy(), se:cdp: ws://127.0.0.1:10368/devtoo..., se:cdpVersion: 85.0, setWindowRect: true, strictFileInteractability: false, timeouts: {implicit: 0, pageLoad: 300000, script: 30000}, unhandledPromptBehavior: dismiss and notify}
Session ID: ae0ee626-b6af-455e-b33d-ef6364a0ab45
at jdk.internal.reflect.GeneratedConstructorAccessor20.newInstance(Unknown Source)
at java.base/jdk.internal.reflect.DelegatingConstructorAccessorImpl.newInstance(DelegatingConstructorAccessorImpl.java:45)
at java.base/java.lang.reflect.Constructor.newInstanceWithCaller(Constructor.java:499)
at java.base/java.lang.reflect.Constructor.newInstance(Constructor.java:480)
at org.openqa.selenium.remote.codec.w3c.W3CHttpResponseCodec.createException(W3CHttpResponseCodec.java:200)
at org.openqa.selenium.remote.codec.w3c.W3CHttpResponseCodec.decode(W3CHttpResponseCodec.java:133)
at org.openqa.selenium.remote.codec.w3c.W3CHttpResponseCodec.decode(W3CHttpResponseCodec.java:53)
at org.openqa.selenium.remote.HttpCommandExecutor.execute(HttpCommandExecutor.java:193)
at org.openqa.selenium.remote.service.DriverCommandExecutor.invokeExecute(DriverCommandExecutor.java:183)
at org.openqa.selenium.remote.service.DriverCommandExecutor.execute(DriverCommandExecutor.java:158)
at org.openqa.selenium.remote.RemoteWebDriver.execute(RemoteWebDriver.java:543)
at org.openqa.selenium.remote.ElementLocation$ElementFinder$2.findElement(ElementLocation.java:162)
at org.openqa.selenium.remote.ElementLocation.findElement(ElementLocation.java:60)
at org.openqa.selenium.remote.RemoteWebDriver.findElement(RemoteWebDriver.java:352)
at org.openqa.selenium.remote.RemoteWebDriver.findElement(RemoteWebDriver.java:344)
at org.openqa.selenium.support.pagefactory.DefaultElementLocator.findElement(DefaultElementLocator.java:70)
at org.openqa.selenium.support.pagefactory.internal.LocatingElementHandler.invoke(LocatingElementHandler.java:39)
at jdk.proxy2/jdk.proxy2.$Proxy19.getWrappedElement(Unknown Source)
at org.openqa.selenium.remote.internal.WebElementToJsonConverter.apply(WebElementToJsonConverter.java:51)
at java.base/java.util.stream.ReferencePipeline$3$1.accept(ReferencePipeline.java:197)
at java.base/java.util.Spliterators$ArraySpliterator.forEachRemaining(Spliterators.java:992)
at java.base/java.util.stream.AbstractPipeline.copyInto(AbstractPipeline.java:509)
at java.base/java.util.stream.AbstractPipeline.wrapAndCopyInto(AbstractPipeline.java:499)
at java.base/java.util.stream.ReduceOps$ReduceOp.evaluateSequential(ReduceOps.java:921)
at java.base/java.util.stream.AbstractPipeline.evaluate(AbstractPipeline.java:234)
at java.base/java.util.stream.ReferencePipeline.collect(ReferencePipeline.java:682)
at org.openqa.selenium.remote.RemoteWebDriver.executeScript(RemoteWebDriver.java:477)
at page.HomePage.scrollUntilBtnPenagihanKlaim(HomePage.java:112)
at test.rawatjalan.PositiveRJTest.positivePenagihanKlaimAndCancelRegis(PositiveRJTest.java:238)
at java.base/jdk.internal.reflect.NativeMethodAccessorImpl.invoke0(Native Method)
at java.base/jdk.internal.reflect.NativeMethodAccessorImpl.invoke(NativeMethodAccessorImpl.java:77)
at java.base/jdk.internal.reflect.DelegatingMethodAccessorImpl.invoke(DelegatingMethodAccessorImpl.java:43)
at java.base/java.lang.reflect.Method.invoke(Method.java:568)
at org.testng.internal.MethodInvocationHelper.invokeMethod(MethodInvocationHelper.java:124)
at org.testng.internal.Invoker.invokeMethod(Invoker.java:583)
at org.testng.internal.Invoker.invokeTestMethod(Invoker.java:719)
at org.testng.internal.Invoker.invokeTestMethods(Invoker.java:989)
at org.testng.internal.TestMethodWorker.invokeTestMethods(TestMethodWorker.java:125)
at org.testng.internal.TestMethodWorker.run(TestMethodWorker.java:109)
at java.base/java.util.concurrent.ThreadPoolExecutor.runWorker(ThreadPoolExecutor.java:1136)
at java.base/java.util.concurrent.ThreadPoolExecutor$Worker.run(ThreadPoolExecutor.java:635)
at java.base/java.lang.Thread.run(Thread.java:833)
]]>
            </full-stacktrace>
          </exception> <!-- org.openqa.selenium.NoSuchElementException -->
          <reporter-output>
          </reporter-output>
        </test-method> <!-- positivePenagihanKlaimAndCancelRegis -->
        <test-method is-config="true" signature="quitChromeDriver(org.testng.ITestResult)[pri:0, instance:test.rawatjalan.PositiveRJTest@3de8f619]" started-at="2023-11-03T02:29:09Z" name="quitChromeDriver" finished-at="2023-11-03T02:29:11Z" duration-ms="1390" status="PASS">
          <params>
            <param index="0">
              <value>
                <![CDATA[[TestResult name=positivePenagihanKlaimAndCancelRegis status=FAILURE method=PositiveRJTest.positivePenagihanKlaimAndCancelRegis()[pri:3, instance:test.rawatjalan.PositiveRJTest@3de8f619] output={null}]]]>
              </value>
            </param>
          </params>
          <reporter-output>
            <line>
              <![CDATA[<a href='C:\Users\Arrumi Alfarazi\IdeaProjects\automationproviderFindBy\target\surefire-reports\screenshots\positivePenagihanKlaimAndCancelRegis_03_11_2023_09_29_09.png'> <img src='C:\Users\Arrumi Alfarazi\IdeaProjects\automationproviderFindBy\target\surefire-reports\screenshots\positivePenagihanKlaimAndCancelRegis_03_11_2023_09_29_09.png' height='320' width='180'/> </a>]]>
            </line>
          </reporter-output>
        </test-method> <!-- quitChromeDriver -->
      </class> <!-- test.rawatjalan.PositiveRJTest -->
    </test> <!-- Positive Rawat Jalan Test -->
  </suite> <!-- Positive Rawat Jalan -->
  <suite started-at="2023-11-03T02:18:21Z" name="Filter List Rawat Jalan" finished-at="2023-11-03T02:20:46Z" duration-ms="144846">
    <groups>
    </groups>
    <test started-at="2023-11-03T02:18:21Z" name="Filter List Rawat Inap Test" finished-at="2023-11-03T02:20:46Z" duration-ms="144846">
      <class name="test.rawatinap.FilterRITest">
        <test-method is-config="true" signature="createChromeDriver()[pri:0, instance:test.rawatinap.FilterRITest@7c37508a]" started-at="2023-11-03T02:18:21Z" name="createChromeDriver" finished-at="2023-11-03T02:18:28Z" duration-ms="6760" status="PASS">
          <reporter-output>
          </reporter-output>
        </test-method> <!-- createChromeDriver -->
        <test-method is-config="true" signature="createChromeDriver()[pri:0, instance:test.rawatinap.FilterRITest@7c37508a]" started-at="2023-11-03T02:18:21Z" name="createChromeDriver" finished-at="2023-11-03T02:18:31Z" duration-ms="9705" status="PASS">
          <reporter-output>
          </reporter-output>
        </test-method> <!-- createChromeDriver -->
        <test-method is-config="true" signature="createChromeDriver()[pri:0, instance:test.rawatinap.FilterRITest@7c37508a]" started-at="2023-11-03T02:18:21Z" name="createChromeDriver" finished-at="2023-11-03T02:18:31Z" duration-ms="9570" status="PASS">
          <reporter-output>
          </reporter-output>
        </test-method> <!-- createChromeDriver -->
        <test-method is-config="true" signature="createChromeDriver()[pri:0, instance:test.rawatinap.FilterRITest@7c37508a]" started-at="2023-11-03T02:18:21Z" name="createChromeDriver" finished-at="2023-11-03T02:18:31Z" duration-ms="9441" status="PASS">
          <reporter-output>
          </reporter-output>
        </test-method> <!-- createChromeDriver -->
        <test-method is-config="true" signature="login()[pri:0, instance:test.rawatinap.FilterRITest@7c37508a]" started-at="2023-11-03T02:18:28Z" name="login" finished-at="2023-11-03T02:18:32Z" duration-ms="4140" status="PASS">
          <reporter-output>
          </reporter-output>
        </test-method> <!-- login -->
        <test-method is-config="true" signature="login()[pri:0, instance:test.rawatinap.FilterRITest@7c37508a]" started-at="2023-11-03T02:18:31Z" name="login" finished-at="2023-11-03T02:18:34Z" duration-ms="2969" status="PASS">
          <reporter-output>
          </reporter-output>
        </test-method> <!-- login -->
        <test-method is-config="true" signature="login()[pri:0, instance:test.rawatinap.FilterRITest@7c37508a]" started-at="2023-11-03T02:18:31Z" name="login" finished-at="2023-11-03T02:18:37Z" duration-ms="6092" status="PASS">
          <reporter-output>
          </reporter-output>
        </test-method> <!-- login -->
        <test-method is-config="true" signature="login()[pri:0, instance:test.rawatinap.FilterRITest@7c37508a]" started-at="2023-11-03T02:18:31Z" name="login" finished-at="2023-11-03T02:18:37Z" duration-ms="5855" status="PASS">
          <reporter-output>
          </reporter-output>
        </test-method> <!-- login -->
        <test-method signature="verifyFilterRegDateNegListRI()[pri:0, instance:test.rawatinap.FilterRITest@7c37508a]" started-at="2023-11-03T02:18:32Z" name="verifyFilterRegDateNegListRI" finished-at="2023-11-03T02:18:36Z" duration-ms="3603" status="FAIL">
          <exception class="org.openqa.selenium.StaleElementReferenceException">
            <message>
              <![CDATA[The element with the reference 92b8f184-ea45-4314-a7f2-5fc5a54f343d is stale; either its node document is not the active document, or it is no longer connected to the DOM
For documentation on this error, please visit: https://selenium.dev/exceptions/#stale_element_reference
Build info: version: '4.9.0', revision: 'd7057100a6'
System info: os.name: 'Windows 11', os.arch: 'amd64', os.version: '10.0', java.version: '17.0.7'
Driver info: org.openqa.selenium.firefox.FirefoxDriver
Command: [c0b5398d-86a7-475a-a87e-1eb523173eef, isElementDisplayed {id=92b8f184-ea45-4314-a7f2-5fc5a54f343d}]
Capabilities {acceptInsecureCerts: true, browserName: firefox, browserVersion: 118.0.2, moz:accessibilityChecks: false, moz:buildID: 20231009140911, moz:debuggerAddress: 127.0.0.1:27327, moz:geckodriverVersion: 0.33.0, moz:headless: false, moz:platformVersion: 10.0, moz:processID: 44344, moz:profile: C:\Users\ARRUMI~1\AppData\L..., moz:shutdownTimeout: 60000, moz:webdriverClick: true, moz:windowless: false, pageLoadStrategy: normal, platformName: WINDOWS, proxy: Proxy(), se:cdp: ws://127.0.0.1:27327/devtoo..., se:cdpVersion: 85.0, setWindowRect: true, strictFileInteractability: false, timeouts: {implicit: 0, pageLoad: 300000, script: 30000}, unhandledPromptBehavior: dismiss and notify}
Element: [[FirefoxDriver: firefox on WINDOWS (c0b5398d-86a7-475a-a87e-1eb523173eef)] -> xpath: //div[@data-testid='btnRawatInap']]
Session ID: c0b5398d-86a7-475a-a87e-1eb523173eef]]>
            </message>
            <full-stacktrace>
              <![CDATA[org.openqa.selenium.StaleElementReferenceException: The element with the reference 92b8f184-ea45-4314-a7f2-5fc5a54f343d is stale; either its node document is not the active document, or it is no longer connected to the DOM
For documentation on this error, please visit: https://selenium.dev/exceptions/#stale_element_reference
Build info: version: '4.9.0', revision: 'd7057100a6'
System info: os.name: 'Windows 11', os.arch: 'amd64', os.version: '10.0', java.version: '17.0.7'
Driver info: org.openqa.selenium.firefox.FirefoxDriver
Command: [c0b5398d-86a7-475a-a87e-1eb523173eef, isElementDisplayed {id=92b8f184-ea45-4314-a7f2-5fc5a54f343d}]
Capabilities {acceptInsecureCerts: true, browserName: firefox, browserVersion: 118.0.2, moz:accessibilityChecks: false, moz:buildID: 20231009140911, moz:debuggerAddress: 127.0.0.1:27327, moz:geckodriverVersion: 0.33.0, moz:headless: false, moz:platformVersion: 10.0, moz:processID: 44344, moz:profile: C:\Users\ARRUMI~1\AppData\L..., moz:shutdownTimeout: 60000, moz:webdriverClick: true, moz:windowless: false, pageLoadStrategy: normal, platformName: WINDOWS, proxy: Proxy(), se:cdp: ws://127.0.0.1:27327/devtoo..., se:cdpVersion: 85.0, setWindowRect: true, strictFileInteractability: false, timeouts: {implicit: 0, pageLoad: 300000, script: 30000}, unhandledPromptBehavior: dismiss and notify}
Element: [[FirefoxDriver: firefox on WINDOWS (c0b5398d-86a7-475a-a87e-1eb523173eef)] -> xpath: //div[@data-testid='btnRawatInap']]
Session ID: c0b5398d-86a7-475a-a87e-1eb523173eef
at java.base/jdk.internal.reflect.NativeConstructorAccessorImpl.newInstance0(Native Method)
at java.base/jdk.internal.reflect.NativeConstructorAccessorImpl.newInstance(NativeConstructorAccessorImpl.java:77)
at java.base/jdk.internal.reflect.DelegatingConstructorAccessorImpl.newInstance(DelegatingConstructorAccessorImpl.java:45)
at java.base/java.lang.reflect.Constructor.newInstanceWithCaller(Constructor.java:499)
at java.base/java.lang.reflect.Constructor.newInstance(Constructor.java:480)
at org.openqa.selenium.remote.codec.w3c.W3CHttpResponseCodec.createException(W3CHttpResponseCodec.java:200)
at org.openqa.selenium.remote.codec.w3c.W3CHttpResponseCodec.decode(W3CHttpResponseCodec.java:133)
at org.openqa.selenium.remote.codec.w3c.W3CHttpResponseCodec.decode(W3CHttpResponseCodec.java:53)
at org.openqa.selenium.remote.HttpCommandExecutor.execute(HttpCommandExecutor.java:193)
at org.openqa.selenium.remote.service.DriverCommandExecutor.invokeExecute(DriverCommandExecutor.java:183)
at org.openqa.selenium.remote.service.DriverCommandExecutor.execute(DriverCommandExecutor.java:158)
at org.openqa.selenium.remote.RemoteWebDriver.execute(RemoteWebDriver.java:543)
at org.openqa.selenium.remote.RemoteWebElement.execute(RemoteWebElement.java:257)
at org.openqa.selenium.remote.RemoteWebElement.isDisplayed(RemoteWebElement.java:313)
at jdk.internal.reflect.GeneratedMethodAccessor6.invoke(Unknown Source)
at java.base/jdk.internal.reflect.DelegatingMethodAccessorImpl.invoke(DelegatingMethodAccessorImpl.java:43)
at java.base/java.lang.reflect.Method.invoke(Method.java:568)
at org.openqa.selenium.support.pagefactory.internal.LocatingElementHandler.invoke(LocatingElementHandler.java:52)
at jdk.proxy2/jdk.proxy2.$Proxy19.isDisplayed(Unknown Source)
at org.openqa.selenium.support.ui.ExpectedConditions.elementIfVisible(ExpectedConditions.java:307)
at org.openqa.selenium.support.ui.ExpectedConditions.access$000(ExpectedConditions.java:40)
at org.openqa.selenium.support.ui.ExpectedConditions$10.apply(ExpectedConditions.java:293)
at org.openqa.selenium.support.ui.ExpectedConditions$10.apply(ExpectedConditions.java:290)
at org.openqa.selenium.support.ui.ExpectedConditions$23.apply(ExpectedConditions.java:660)
at org.openqa.selenium.support.ui.ExpectedConditions$23.apply(ExpectedConditions.java:656)
at org.openqa.selenium.support.ui.FluentWait.until(FluentWait.java:208)
at page.BasePage.waitForClickable(BasePage.java:59)
at page.BasePage.doClick(BasePage.java:24)
at page.HomePage.clickRawatInap(HomePage.java:87)
at test.rawatinap.FilterRITest.verifyFilterRegDateNegListRI(FilterRITest.java:83)
at java.base/jdk.internal.reflect.NativeMethodAccessorImpl.invoke0(Native Method)
at java.base/jdk.internal.reflect.NativeMethodAccessorImpl.invoke(NativeMethodAccessorImpl.java:77)
at java.base/jdk.internal.reflect.DelegatingMethodAccessorImpl.invoke(DelegatingMethodAccessorImpl.java:43)
at java.base/java.lang.reflect.Method.invoke(Method.java:568)
at org.testng.internal.MethodInvocationHelper.invokeMethod(MethodInvocationHelper.java:124)
at org.testng.internal.Invoker.invokeMethod(Invoker.java:583)
at org.testng.internal.Invoker.invokeTestMethod(Invoker.java:719)
at org.testng.internal.Invoker.invokeTestMethods(Invoker.java:989)
at org.testng.internal.TestMethodWorker.invokeTestMethods(TestMethodWorker.java:125)
at org.testng.internal.TestMethodWorker.run(TestMethodWorker.java:109)
at java.base/java.util.concurrent.ThreadPoolExecutor.runWorker(ThreadPoolExecutor.java:1136)
at java.base/java.util.concurrent.ThreadPoolExecutor$Worker.run(ThreadPoolExecutor.java:635)
at java.base/java.lang.Thread.run(Thread.java:833)
]]>
            </full-stacktrace>
          </exception> <!-- org.openqa.selenium.StaleElementReferenceException -->
          <reporter-output>
          </reporter-output>
        </test-method> <!-- verifyFilterRegDateNegListRI -->
        <test-method signature="verifyFilterRegDateListRI()[pri:0, instance:test.rawatinap.FilterRITest@7c37508a]" started-at="2023-11-03T02:18:34Z" name="verifyFilterRegDateListRI" finished-at="2023-11-03T02:18:38Z" duration-ms="4529" status="FAIL">
          <exception class="org.openqa.selenium.StaleElementReferenceException">
            <message>
              <![CDATA[The element with the reference 76717b30-c372-4f04-8399-8bcaf8171674 is stale; either its node document is not the active document, or it is no longer connected to the DOM
For documentation on this error, please visit: https://selenium.dev/exceptions/#stale_element_reference
Build info: version: '4.9.0', revision: 'd7057100a6'
System info: os.name: 'Windows 11', os.arch: 'amd64', os.version: '10.0', java.version: '17.0.7'
Driver info: org.openqa.selenium.firefox.FirefoxDriver
Command: [73551c09-2576-4df5-9fa1-078983b3fd36, isElementDisplayed {id=76717b30-c372-4f04-8399-8bcaf8171674}]
Capabilities {acceptInsecureCerts: true, browserName: firefox, browserVersion: 118.0.2, moz:accessibilityChecks: false, moz:buildID: 20231009140911, moz:debuggerAddress: 127.0.0.1:24777, moz:geckodriverVersion: 0.33.0, moz:headless: false, moz:platformVersion: 10.0, moz:processID: 55348, moz:profile: C:\Users\ARRUMI~1\AppData\L..., moz:shutdownTimeout: 60000, moz:webdriverClick: true, moz:windowless: false, pageLoadStrategy: normal, platformName: WINDOWS, proxy: Proxy(), se:cdp: ws://127.0.0.1:24777/devtoo..., se:cdpVersion: 85.0, setWindowRect: true, strictFileInteractability: false, timeouts: {implicit: 0, pageLoad: 300000, script: 30000}, unhandledPromptBehavior: dismiss and notify}
Element: [[FirefoxDriver: firefox on WINDOWS (73551c09-2576-4df5-9fa1-078983b3fd36)] -> xpath: //div[@data-testid='btnRawatInap']]
Session ID: 73551c09-2576-4df5-9fa1-078983b3fd36]]>
            </message>
            <full-stacktrace>
              <![CDATA[org.openqa.selenium.StaleElementReferenceException: The element with the reference 76717b30-c372-4f04-8399-8bcaf8171674 is stale; either its node document is not the active document, or it is no longer connected to the DOM
For documentation on this error, please visit: https://selenium.dev/exceptions/#stale_element_reference
Build info: version: '4.9.0', revision: 'd7057100a6'
System info: os.name: 'Windows 11', os.arch: 'amd64', os.version: '10.0', java.version: '17.0.7'
Driver info: org.openqa.selenium.firefox.FirefoxDriver
Command: [73551c09-2576-4df5-9fa1-078983b3fd36, isElementDisplayed {id=76717b30-c372-4f04-8399-8bcaf8171674}]
Capabilities {acceptInsecureCerts: true, browserName: firefox, browserVersion: 118.0.2, moz:accessibilityChecks: false, moz:buildID: 20231009140911, moz:debuggerAddress: 127.0.0.1:24777, moz:geckodriverVersion: 0.33.0, moz:headless: false, moz:platformVersion: 10.0, moz:processID: 55348, moz:profile: C:\Users\ARRUMI~1\AppData\L..., moz:shutdownTimeout: 60000, moz:webdriverClick: true, moz:windowless: false, pageLoadStrategy: normal, platformName: WINDOWS, proxy: Proxy(), se:cdp: ws://127.0.0.1:24777/devtoo..., se:cdpVersion: 85.0, setWindowRect: true, strictFileInteractability: false, timeouts: {implicit: 0, pageLoad: 300000, script: 30000}, unhandledPromptBehavior: dismiss and notify}
Element: [[FirefoxDriver: firefox on WINDOWS (73551c09-2576-4df5-9fa1-078983b3fd36)] -> xpath: //div[@data-testid='btnRawatInap']]
Session ID: 73551c09-2576-4df5-9fa1-078983b3fd36
at java.base/jdk.internal.reflect.NativeConstructorAccessorImpl.newInstance0(Native Method)
at java.base/jdk.internal.reflect.NativeConstructorAccessorImpl.newInstance(NativeConstructorAccessorImpl.java:77)
at java.base/jdk.internal.reflect.DelegatingConstructorAccessorImpl.newInstance(DelegatingConstructorAccessorImpl.java:45)
at java.base/java.lang.reflect.Constructor.newInstanceWithCaller(Constructor.java:499)
at java.base/java.lang.reflect.Constructor.newInstance(Constructor.java:480)
at org.openqa.selenium.remote.codec.w3c.W3CHttpResponseCodec.createException(W3CHttpResponseCodec.java:200)
at org.openqa.selenium.remote.codec.w3c.W3CHttpResponseCodec.decode(W3CHttpResponseCodec.java:133)
at org.openqa.selenium.remote.codec.w3c.W3CHttpResponseCodec.decode(W3CHttpResponseCodec.java:53)
at org.openqa.selenium.remote.HttpCommandExecutor.execute(HttpCommandExecutor.java:193)
at org.openqa.selenium.remote.service.DriverCommandExecutor.invokeExecute(DriverCommandExecutor.java:183)
at org.openqa.selenium.remote.service.DriverCommandExecutor.execute(DriverCommandExecutor.java:158)
at org.openqa.selenium.remote.RemoteWebDriver.execute(RemoteWebDriver.java:543)
at org.openqa.selenium.remote.RemoteWebElement.execute(RemoteWebElement.java:257)
at org.openqa.selenium.remote.RemoteWebElement.isDisplayed(RemoteWebElement.java:313)
at jdk.internal.reflect.GeneratedMethodAccessor6.invoke(Unknown Source)
at java.base/jdk.internal.reflect.DelegatingMethodAccessorImpl.invoke(DelegatingMethodAccessorImpl.java:43)
at java.base/java.lang.reflect.Method.invoke(Method.java:568)
at org.openqa.selenium.support.pagefactory.internal.LocatingElementHandler.invoke(LocatingElementHandler.java:52)
at jdk.proxy2/jdk.proxy2.$Proxy19.isDisplayed(Unknown Source)
at org.openqa.selenium.support.ui.ExpectedConditions.elementIfVisible(ExpectedConditions.java:307)
at org.openqa.selenium.support.ui.ExpectedConditions.access$000(ExpectedConditions.java:40)
at org.openqa.selenium.support.ui.ExpectedConditions$10.apply(ExpectedConditions.java:293)
at org.openqa.selenium.support.ui.ExpectedConditions$10.apply(ExpectedConditions.java:290)
at org.openqa.selenium.support.ui.ExpectedConditions$23.apply(ExpectedConditions.java:660)
at org.openqa.selenium.support.ui.ExpectedConditions$23.apply(ExpectedConditions.java:656)
at org.openqa.selenium.support.ui.FluentWait.until(FluentWait.java:208)
at page.BasePage.waitForClickable(BasePage.java:59)
at page.BasePage.doClick(BasePage.java:24)
at page.HomePage.clickRawatInap(HomePage.java:87)
at test.rawatinap.FilterRITest.verifyFilterRegDateListRI(FilterRITest.java:65)
at java.base/jdk.internal.reflect.NativeMethodAccessorImpl.invoke0(Native Method)
at java.base/jdk.internal.reflect.NativeMethodAccessorImpl.invoke(NativeMethodAccessorImpl.java:77)
at java.base/jdk.internal.reflect.DelegatingMethodAccessorImpl.invoke(DelegatingMethodAccessorImpl.java:43)
at java.base/java.lang.reflect.Method.invoke(Method.java:568)
at org.testng.internal.MethodInvocationHelper.invokeMethod(MethodInvocationHelper.java:124)
at org.testng.internal.Invoker.invokeMethod(Invoker.java:583)
at org.testng.internal.Invoker.invokeTestMethod(Invoker.java:719)
at org.testng.internal.Invoker.invokeTestMethods(Invoker.java:989)
at org.testng.internal.TestMethodWorker.invokeTestMethods(TestMethodWorker.java:125)
at org.testng.internal.TestMethodWorker.run(TestMethodWorker.java:109)
at java.base/java.util.concurrent.ThreadPoolExecutor.runWorker(ThreadPoolExecutor.java:1136)
at java.base/java.util.concurrent.ThreadPoolExecutor$Worker.run(ThreadPoolExecutor.java:635)
at java.base/java.lang.Thread.run(Thread.java:833)
]]>
            </full-stacktrace>
          </exception> <!-- org.openqa.selenium.StaleElementReferenceException -->
          <reporter-output>
          </reporter-output>
        </test-method> <!-- verifyFilterRegDateListRI -->
        <test-method is-config="true" signature="quitChromeDriver(org.testng.ITestResult)[pri:0, instance:test.rawatinap.FilterRITest@7c37508a]" started-at="2023-11-03T02:18:36Z" name="quitChromeDriver" finished-at="2023-11-03T02:18:39Z" duration-ms="2869" status="PASS">
          <params>
            <param index="0">
              <value>
                <![CDATA[[TestResult name=verifyFilterRegDateNegListRI status=FAILURE method=FilterRITest.verifyFilterRegDateNegListRI()[pri:0, instance:test.rawatinap.FilterRITest@7c37508a] output={null}]]]>
              </value>
            </param>
          </params>
          <reporter-output>
            <line>
              <![CDATA[<a href='C:\Users\Arrumi Alfarazi\IdeaProjects\automationproviderFindBy\target\surefire-reports\screenshots\verifyFilterRegDateNegListRI_03_11_2023_09_18_36.png'> <img src='C:\Users\Arrumi Alfarazi\IdeaProjects\automationproviderFindBy\target\surefire-reports\screenshots\verifyFilterRegDateNegListRI_03_11_2023_09_18_36.png' height='320' width='180'/> </a>]]>
            </line>
          </reporter-output>
        </test-method> <!-- quitChromeDriver -->
        <test-method signature="verifyFilterNoKlaimListRI()[pri:0, instance:test.rawatinap.FilterRITest@7c37508a]" started-at="2023-11-03T02:18:37Z" name="verifyFilterNoKlaimListRI" finished-at="2023-11-03T02:18:57Z" duration-ms="20184" status="PASS">
          <reporter-output>
          </reporter-output>
        </test-method> <!-- verifyFilterNoKlaimListRI -->
        <test-method signature="verifyFilterNoKlaimNegListRI()[pri:0, instance:test.rawatinap.FilterRITest@7c37508a]" started-at="2023-11-03T02:18:37Z" name="verifyFilterNoKlaimNegListRI" finished-at="2023-11-03T02:18:40Z" duration-ms="2559" status="FAIL">
          <exception class="org.openqa.selenium.StaleElementReferenceException">
            <message>
              <![CDATA[The element with the reference 5b935ff2-6ded-46c5-a21f-1dd8ea537260 is stale; either its node document is not the active document, or it is no longer connected to the DOM
For documentation on this error, please visit: https://selenium.dev/exceptions/#stale_element_reference
Build info: version: '4.9.0', revision: 'd7057100a6'
System info: os.name: 'Windows 11', os.arch: 'amd64', os.version: '10.0', java.version: '17.0.7'
Driver info: org.openqa.selenium.firefox.FirefoxDriver
Command: [ce730cda-9a20-4923-bb9a-d21bef987cc0, isElementDisplayed {id=5b935ff2-6ded-46c5-a21f-1dd8ea537260}]
Capabilities {acceptInsecureCerts: true, browserName: firefox, browserVersion: 118.0.2, moz:accessibilityChecks: false, moz:buildID: 20231009140911, moz:debuggerAddress: 127.0.0.1:10779, moz:geckodriverVersion: 0.33.0, moz:headless: false, moz:platformVersion: 10.0, moz:processID: 36448, moz:profile: C:\Users\ARRUMI~1\AppData\L..., moz:shutdownTimeout: 60000, moz:webdriverClick: true, moz:windowless: false, pageLoadStrategy: normal, platformName: WINDOWS, proxy: Proxy(), se:cdp: ws://127.0.0.1:10779/devtoo..., se:cdpVersion: 85.0, setWindowRect: true, strictFileInteractability: false, timeouts: {implicit: 0, pageLoad: 300000, script: 30000}, unhandledPromptBehavior: dismiss and notify}
Element: [[FirefoxDriver: firefox on WINDOWS (ce730cda-9a20-4923-bb9a-d21bef987cc0)] -> xpath: //div[@data-testid='btnRawatInap']]
Session ID: ce730cda-9a20-4923-bb9a-d21bef987cc0]]>
            </message>
            <full-stacktrace>
              <![CDATA[org.openqa.selenium.StaleElementReferenceException: The element with the reference 5b935ff2-6ded-46c5-a21f-1dd8ea537260 is stale; either its node document is not the active document, or it is no longer connected to the DOM
For documentation on this error, please visit: https://selenium.dev/exceptions/#stale_element_reference
Build info: version: '4.9.0', revision: 'd7057100a6'
System info: os.name: 'Windows 11', os.arch: 'amd64', os.version: '10.0', java.version: '17.0.7'
Driver info: org.openqa.selenium.firefox.FirefoxDriver
Command: [ce730cda-9a20-4923-bb9a-d21bef987cc0, isElementDisplayed {id=5b935ff2-6ded-46c5-a21f-1dd8ea537260}]
Capabilities {acceptInsecureCerts: true, browserName: firefox, browserVersion: 118.0.2, moz:accessibilityChecks: false, moz:buildID: 20231009140911, moz:debuggerAddress: 127.0.0.1:10779, moz:geckodriverVersion: 0.33.0, moz:headless: false, moz:platformVersion: 10.0, moz:processID: 36448, moz:profile: C:\Users\ARRUMI~1\AppData\L..., moz:shutdownTimeout: 60000, moz:webdriverClick: true, moz:windowless: false, pageLoadStrategy: normal, platformName: WINDOWS, proxy: Proxy(), se:cdp: ws://127.0.0.1:10779/devtoo..., se:cdpVersion: 85.0, setWindowRect: true, strictFileInteractability: false, timeouts: {implicit: 0, pageLoad: 300000, script: 30000}, unhandledPromptBehavior: dismiss and notify}
Element: [[FirefoxDriver: firefox on WINDOWS (ce730cda-9a20-4923-bb9a-d21bef987cc0)] -> xpath: //div[@data-testid='btnRawatInap']]
Session ID: ce730cda-9a20-4923-bb9a-d21bef987cc0
at java.base/jdk.internal.reflect.NativeConstructorAccessorImpl.newInstance0(Native Method)
at java.base/jdk.internal.reflect.NativeConstructorAccessorImpl.newInstance(NativeConstructorAccessorImpl.java:77)
at java.base/jdk.internal.reflect.DelegatingConstructorAccessorImpl.newInstance(DelegatingConstructorAccessorImpl.java:45)
at java.base/java.lang.reflect.Constructor.newInstanceWithCaller(Constructor.java:499)
at java.base/java.lang.reflect.Constructor.newInstance(Constructor.java:480)
at org.openqa.selenium.remote.codec.w3c.W3CHttpResponseCodec.createException(W3CHttpResponseCodec.java:200)
at org.openqa.selenium.remote.codec.w3c.W3CHttpResponseCodec.decode(W3CHttpResponseCodec.java:133)
at org.openqa.selenium.remote.codec.w3c.W3CHttpResponseCodec.decode(W3CHttpResponseCodec.java:53)
at org.openqa.selenium.remote.HttpCommandExecutor.execute(HttpCommandExecutor.java:193)
at org.openqa.selenium.remote.service.DriverCommandExecutor.invokeExecute(DriverCommandExecutor.java:183)
at org.openqa.selenium.remote.service.DriverCommandExecutor.execute(DriverCommandExecutor.java:158)
at org.openqa.selenium.remote.RemoteWebDriver.execute(RemoteWebDriver.java:543)
at org.openqa.selenium.remote.RemoteWebElement.execute(RemoteWebElement.java:257)
at org.openqa.selenium.remote.RemoteWebElement.isDisplayed(RemoteWebElement.java:313)
at jdk.internal.reflect.GeneratedMethodAccessor6.invoke(Unknown Source)
at java.base/jdk.internal.reflect.DelegatingMethodAccessorImpl.invoke(DelegatingMethodAccessorImpl.java:43)
at java.base/java.lang.reflect.Method.invoke(Method.java:568)
at org.openqa.selenium.support.pagefactory.internal.LocatingElementHandler.invoke(LocatingElementHandler.java:52)
at jdk.proxy2/jdk.proxy2.$Proxy19.isDisplayed(Unknown Source)
at org.openqa.selenium.support.ui.ExpectedConditions.elementIfVisible(ExpectedConditions.java:307)
at org.openqa.selenium.support.ui.ExpectedConditions.access$000(ExpectedConditions.java:40)
at org.openqa.selenium.support.ui.ExpectedConditions$10.apply(ExpectedConditions.java:293)
at org.openqa.selenium.support.ui.ExpectedConditions$10.apply(ExpectedConditions.java:290)
at org.openqa.selenium.support.ui.ExpectedConditions$23.apply(ExpectedConditions.java:660)
at org.openqa.selenium.support.ui.ExpectedConditions$23.apply(ExpectedConditions.java:656)
at org.openqa.selenium.support.ui.FluentWait.until(FluentWait.java:208)
at page.BasePage.waitForClickable(BasePage.java:59)
at page.BasePage.doClick(BasePage.java:24)
at page.HomePage.clickRawatInap(HomePage.java:87)
at test.rawatinap.FilterRITest.verifyFilterNoKlaimNegListRI(FilterRITest.java:49)
at java.base/jdk.internal.reflect.NativeMethodAccessorImpl.invoke0(Native Method)
at java.base/jdk.internal.reflect.NativeMethodAccessorImpl.invoke(NativeMethodAccessorImpl.java:77)
at java.base/jdk.internal.reflect.DelegatingMethodAccessorImpl.invoke(DelegatingMethodAccessorImpl.java:43)
at java.base/java.lang.reflect.Method.invoke(Method.java:568)
at org.testng.internal.MethodInvocationHelper.invokeMethod(MethodInvocationHelper.java:124)
at org.testng.internal.Invoker.invokeMethod(Invoker.java:583)
at org.testng.internal.Invoker.invokeTestMethod(Invoker.java:719)
at org.testng.internal.Invoker.invokeTestMethods(Invoker.java:989)
at org.testng.internal.TestMethodWorker.invokeTestMethods(TestMethodWorker.java:125)
at org.testng.internal.TestMethodWorker.run(TestMethodWorker.java:109)
at java.base/java.util.concurrent.ThreadPoolExecutor.runWorker(ThreadPoolExecutor.java:1136)
at java.base/java.util.concurrent.ThreadPoolExecutor$Worker.run(ThreadPoolExecutor.java:635)
at java.base/java.lang.Thread.run(Thread.java:833)
]]>
            </full-stacktrace>
          </exception> <!-- org.openqa.selenium.StaleElementReferenceException -->
          <reporter-output>
          </reporter-output>
        </test-method> <!-- verifyFilterNoKlaimNegListRI -->
        <test-method is-config="true" signature="quitChromeDriver(org.testng.ITestResult)[pri:0, instance:test.rawatinap.FilterRITest@7c37508a]" started-at="2023-11-03T02:18:38Z" name="quitChromeDriver" finished-at="2023-11-03T02:18:41Z" duration-ms="2507" status="PASS">
          <params>
            <param index="0">
              <value>
                <![CDATA[[TestResult name=verifyFilterRegDateListRI status=FAILURE method=FilterRITest.verifyFilterRegDateListRI()[pri:0, instance:test.rawatinap.FilterRITest@7c37508a] output={null}]]]>
              </value>
            </param>
          </params>
          <reporter-output>
            <line>
              <![CDATA[<a href='C:\Users\Arrumi Alfarazi\IdeaProjects\automationproviderFindBy\target\surefire-reports\screenshots\verifyFilterRegDateListRI_03_11_2023_09_18_38.png'> <img src='C:\Users\Arrumi Alfarazi\IdeaProjects\automationproviderFindBy\target\surefire-reports\screenshots\verifyFilterRegDateListRI_03_11_2023_09_18_38.png' height='320' width='180'/> </a>]]>
            </line>
          </reporter-output>
        </test-method> <!-- quitChromeDriver -->
        <test-method is-config="true" signature="createChromeDriver()[pri:0, instance:test.rawatinap.FilterRITest@7c37508a]" started-at="2023-11-03T02:18:39Z" name="createChromeDriver" finished-at="2023-11-03T02:18:44Z" duration-ms="5540" status="PASS">
          <reporter-output>
          </reporter-output>
        </test-method> <!-- createChromeDriver -->
        <test-method is-config="true" signature="quitChromeDriver(org.testng.ITestResult)[pri:0, instance:test.rawatinap.FilterRITest@7c37508a]" started-at="2023-11-03T02:18:40Z" name="quitChromeDriver" finished-at="2023-11-03T02:18:42Z" duration-ms="2179" status="PASS">
          <params>
            <param index="0">
              <value>
                <![CDATA[[TestResult name=verifyFilterNoKlaimNegListRI status=FAILURE method=FilterRITest.verifyFilterNoKlaimNegListRI()[pri:0, instance:test.rawatinap.FilterRITest@7c37508a] output={null}]]]>
              </value>
            </param>
          </params>
          <reporter-output>
            <line>
              <![CDATA[<a href='C:\Users\Arrumi Alfarazi\IdeaProjects\automationproviderFindBy\target\surefire-reports\screenshots\verifyFilterNoKlaimNegListRI_03_11_2023_09_18_40.png'> <img src='C:\Users\Arrumi Alfarazi\IdeaProjects\automationproviderFindBy\target\surefire-reports\screenshots\verifyFilterNoKlaimNegListRI_03_11_2023_09_18_40.png' height='320' width='180'/> </a>]]>
            </line>
          </reporter-output>
        </test-method> <!-- quitChromeDriver -->
        <test-method is-config="true" signature="createChromeDriver()[pri:0, instance:test.rawatinap.FilterRITest@7c37508a]" started-at="2023-11-03T02:18:41Z" name="createChromeDriver" finished-at="2023-11-03T02:18:47Z" duration-ms="5960" status="PASS">
          <reporter-output>
          </reporter-output>
        </test-method> <!-- createChromeDriver -->
        <test-method is-config="true" signature="createChromeDriver()[pri:0, instance:test.rawatinap.FilterRITest@7c37508a]" started-at="2023-11-03T02:18:42Z" name="createChromeDriver" finished-at="2023-11-03T02:18:48Z" duration-ms="6144" status="PASS">
          <reporter-output>
          </reporter-output>
        </test-method> <!-- createChromeDriver -->
        <test-method is-config="true" signature="login()[pri:0, instance:test.rawatinap.FilterRITest@7c37508a]" started-at="2023-11-03T02:18:44Z" name="login" finished-at="2023-11-03T02:18:46Z" duration-ms="2116" status="PASS">
          <reporter-output>
          </reporter-output>
        </test-method> <!-- login -->
        <test-method signature="verifyFilterTransNoListRI()[pri:0, instance:test.rawatinap.FilterRITest@7c37508a]" started-at="2023-11-03T02:18:46Z" name="verifyFilterTransNoListRI" finished-at="2023-11-03T02:18:49Z" duration-ms="2702" status="FAIL">
          <exception class="org.openqa.selenium.StaleElementReferenceException">
            <message>
              <![CDATA[The element with the reference 3822292b-d2c3-4c91-81aa-74ece6ed339b is stale; either its node document is not the active document, or it is no longer connected to the DOM
For documentation on this error, please visit: https://selenium.dev/exceptions/#stale_element_reference
Build info: version: '4.9.0', revision: 'd7057100a6'
System info: os.name: 'Windows 11', os.arch: 'amd64', os.version: '10.0', java.version: '17.0.7'
Driver info: org.openqa.selenium.firefox.FirefoxDriver
Command: [04fc6142-a823-4a61-a716-68b8dec8cfbf, isElementDisplayed {id=3822292b-d2c3-4c91-81aa-74ece6ed339b}]
Capabilities {acceptInsecureCerts: true, browserName: firefox, browserVersion: 118.0.2, moz:accessibilityChecks: false, moz:buildID: 20231009140911, moz:debuggerAddress: 127.0.0.1:34551, moz:geckodriverVersion: 0.33.0, moz:headless: false, moz:platformVersion: 10.0, moz:processID: 64764, moz:profile: C:\Users\ARRUMI~1\AppData\L..., moz:shutdownTimeout: 60000, moz:webdriverClick: true, moz:windowless: false, pageLoadStrategy: normal, platformName: WINDOWS, proxy: Proxy(), se:cdp: ws://127.0.0.1:34551/devtoo..., se:cdpVersion: 85.0, setWindowRect: true, strictFileInteractability: false, timeouts: {implicit: 0, pageLoad: 300000, script: 30000}, unhandledPromptBehavior: dismiss and notify}
Element: [[FirefoxDriver: firefox on WINDOWS (04fc6142-a823-4a61-a716-68b8dec8cfbf)] -> xpath: //div[@data-testid='btnRawatInap']]
Session ID: 04fc6142-a823-4a61-a716-68b8dec8cfbf]]>
            </message>
            <full-stacktrace>
              <![CDATA[org.openqa.selenium.StaleElementReferenceException: The element with the reference 3822292b-d2c3-4c91-81aa-74ece6ed339b is stale; either its node document is not the active document, or it is no longer connected to the DOM
For documentation on this error, please visit: https://selenium.dev/exceptions/#stale_element_reference
Build info: version: '4.9.0', revision: 'd7057100a6'
System info: os.name: 'Windows 11', os.arch: 'amd64', os.version: '10.0', java.version: '17.0.7'
Driver info: org.openqa.selenium.firefox.FirefoxDriver
Command: [04fc6142-a823-4a61-a716-68b8dec8cfbf, isElementDisplayed {id=3822292b-d2c3-4c91-81aa-74ece6ed339b}]
Capabilities {acceptInsecureCerts: true, browserName: firefox, browserVersion: 118.0.2, moz:accessibilityChecks: false, moz:buildID: 20231009140911, moz:debuggerAddress: 127.0.0.1:34551, moz:geckodriverVersion: 0.33.0, moz:headless: false, moz:platformVersion: 10.0, moz:processID: 64764, moz:profile: C:\Users\ARRUMI~1\AppData\L..., moz:shutdownTimeout: 60000, moz:webdriverClick: true, moz:windowless: false, pageLoadStrategy: normal, platformName: WINDOWS, proxy: Proxy(), se:cdp: ws://127.0.0.1:34551/devtoo..., se:cdpVersion: 85.0, setWindowRect: true, strictFileInteractability: false, timeouts: {implicit: 0, pageLoad: 300000, script: 30000}, unhandledPromptBehavior: dismiss and notify}
Element: [[FirefoxDriver: firefox on WINDOWS (04fc6142-a823-4a61-a716-68b8dec8cfbf)] -> xpath: //div[@data-testid='btnRawatInap']]
Session ID: 04fc6142-a823-4a61-a716-68b8dec8cfbf
at java.base/jdk.internal.reflect.NativeConstructorAccessorImpl.newInstance0(Native Method)
at java.base/jdk.internal.reflect.NativeConstructorAccessorImpl.newInstance(NativeConstructorAccessorImpl.java:77)
at java.base/jdk.internal.reflect.DelegatingConstructorAccessorImpl.newInstance(DelegatingConstructorAccessorImpl.java:45)
at java.base/java.lang.reflect.Constructor.newInstanceWithCaller(Constructor.java:499)
at java.base/java.lang.reflect.Constructor.newInstance(Constructor.java:480)
at org.openqa.selenium.remote.codec.w3c.W3CHttpResponseCodec.createException(W3CHttpResponseCodec.java:200)
at org.openqa.selenium.remote.codec.w3c.W3CHttpResponseCodec.decode(W3CHttpResponseCodec.java:133)
at org.openqa.selenium.remote.codec.w3c.W3CHttpResponseCodec.decode(W3CHttpResponseCodec.java:53)
at org.openqa.selenium.remote.HttpCommandExecutor.execute(HttpCommandExecutor.java:193)
at org.openqa.selenium.remote.service.DriverCommandExecutor.invokeExecute(DriverCommandExecutor.java:183)
at org.openqa.selenium.remote.service.DriverCommandExecutor.execute(DriverCommandExecutor.java:158)
at org.openqa.selenium.remote.RemoteWebDriver.execute(RemoteWebDriver.java:543)
at org.openqa.selenium.remote.RemoteWebElement.execute(RemoteWebElement.java:257)
at org.openqa.selenium.remote.RemoteWebElement.isDisplayed(RemoteWebElement.java:313)
at jdk.internal.reflect.GeneratedMethodAccessor6.invoke(Unknown Source)
at java.base/jdk.internal.reflect.DelegatingMethodAccessorImpl.invoke(DelegatingMethodAccessorImpl.java:43)
at java.base/java.lang.reflect.Method.invoke(Method.java:568)
at org.openqa.selenium.support.pagefactory.internal.LocatingElementHandler.invoke(LocatingElementHandler.java:52)
at jdk.proxy2/jdk.proxy2.$Proxy19.isDisplayed(Unknown Source)
at org.openqa.selenium.support.ui.ExpectedConditions.elementIfVisible(ExpectedConditions.java:307)
at org.openqa.selenium.support.ui.ExpectedConditions.access$000(ExpectedConditions.java:40)
at org.openqa.selenium.support.ui.ExpectedConditions$10.apply(ExpectedConditions.java:293)
at org.openqa.selenium.support.ui.ExpectedConditions$10.apply(ExpectedConditions.java:290)
at org.openqa.selenium.support.ui.ExpectedConditions$23.apply(ExpectedConditions.java:660)
at org.openqa.selenium.support.ui.ExpectedConditions$23.apply(ExpectedConditions.java:656)
at org.openqa.selenium.support.ui.FluentWait.until(FluentWait.java:208)
at page.BasePage.waitForClickable(BasePage.java:59)
at page.BasePage.doClick(BasePage.java:24)
at page.HomePage.clickRawatInap(HomePage.java:87)
at test.rawatinap.FilterRITest.verifyFilterTransNoListRI(FilterRITest.java:99)
at java.base/jdk.internal.reflect.NativeMethodAccessorImpl.invoke0(Native Method)
at java.base/jdk.internal.reflect.NativeMethodAccessorImpl.invoke(NativeMethodAccessorImpl.java:77)
at java.base/jdk.internal.reflect.DelegatingMethodAccessorImpl.invoke(DelegatingMethodAccessorImpl.java:43)
at java.base/java.lang.reflect.Method.invoke(Method.java:568)
at org.testng.internal.MethodInvocationHelper.invokeMethod(MethodInvocationHelper.java:124)
at org.testng.internal.Invoker.invokeMethod(Invoker.java:583)
at org.testng.internal.Invoker.invokeTestMethod(Invoker.java:719)
at org.testng.internal.Invoker.invokeTestMethods(Invoker.java:989)
at org.testng.internal.TestMethodWorker.invokeTestMethods(TestMethodWorker.java:125)
at org.testng.internal.TestMethodWorker.run(TestMethodWorker.java:109)
at java.base/java.util.concurrent.ThreadPoolExecutor.runWorker(ThreadPoolExecutor.java:1136)
at java.base/java.util.concurrent.ThreadPoolExecutor$Worker.run(ThreadPoolExecutor.java:635)
at java.base/java.lang.Thread.run(Thread.java:833)
]]>
            </full-stacktrace>
          </exception> <!-- org.openqa.selenium.StaleElementReferenceException -->
          <reporter-output>
          </reporter-output>
        </test-method> <!-- verifyFilterTransNoListRI -->
        <test-method is-config="true" signature="login()[pri:0, instance:test.rawatinap.FilterRITest@7c37508a]" started-at="2023-11-03T02:18:47Z" name="login" finished-at="2023-11-03T02:18:50Z" duration-ms="2902" status="PASS">
          <reporter-output>
          </reporter-output>
        </test-method> <!-- login -->
        <test-method is-config="true" signature="login()[pri:0, instance:test.rawatinap.FilterRITest@7c37508a]" started-at="2023-11-03T02:18:48Z" name="login" finished-at="2023-11-03T02:18:51Z" duration-ms="2918" status="PASS">
          <reporter-output>
          </reporter-output>
        </test-method> <!-- login -->
        <test-method is-config="true" signature="quitChromeDriver(org.testng.ITestResult)[pri:0, instance:test.rawatinap.FilterRITest@7c37508a]" started-at="2023-11-03T02:18:49Z" name="quitChromeDriver" finished-at="2023-11-03T02:18:53Z" duration-ms="3517" status="PASS">
          <params>
            <param index="0">
              <value>
                <![CDATA[[TestResult name=verifyFilterTransNoListRI status=FAILURE method=FilterRITest.verifyFilterTransNoListRI()[pri:0, instance:test.rawatinap.FilterRITest@7c37508a] output={null}]]]>
              </value>
            </param>
          </params>
          <reporter-output>
            <line>
              <![CDATA[<a href='C:\Users\Arrumi Alfarazi\IdeaProjects\automationproviderFindBy\target\surefire-reports\screenshots\verifyFilterTransNoListRI_03_11_2023_09_18_49.png'> <img src='C:\Users\Arrumi Alfarazi\IdeaProjects\automationproviderFindBy\target\surefire-reports\screenshots\verifyFilterTransNoListRI_03_11_2023_09_18_49.png' height='320' width='180'/> </a>]]>
            </line>
          </reporter-output>
        </test-method> <!-- quitChromeDriver -->
        <test-method signature="verifyFilterTransNoNegListRI()[pri:0, instance:test.rawatinap.FilterRITest@7c37508a]" started-at="2023-11-03T02:18:50Z" name="verifyFilterTransNoNegListRI" finished-at="2023-11-03T02:19:08Z" duration-ms="18777" status="PASS">
          <reporter-output>
          </reporter-output>
        </test-method> <!-- verifyFilterTransNoNegListRI -->
        <test-method signature="verifyFilterCardNoListRI()[pri:0, instance:test.rawatinap.FilterRITest@7c37508a]" started-at="2023-11-03T02:18:51Z" name="verifyFilterCardNoListRI" finished-at="2023-11-03T02:19:10Z" duration-ms="18893" status="PASS">
          <reporter-output>
          </reporter-output>
        </test-method> <!-- verifyFilterCardNoListRI -->
        <test-method is-config="true" signature="createChromeDriver()[pri:0, instance:test.rawatinap.FilterRITest@7c37508a]" started-at="2023-11-03T02:18:53Z" name="createChromeDriver" finished-at="2023-11-03T02:18:57Z" duration-ms="4307" status="PASS">
          <reporter-output>
          </reporter-output>
        </test-method> <!-- createChromeDriver -->
        <test-method is-config="true" signature="login()[pri:0, instance:test.rawatinap.FilterRITest@7c37508a]" started-at="2023-11-03T02:18:57Z" name="login" finished-at="2023-11-03T02:19:00Z" duration-ms="2597" status="PASS">
          <reporter-output>
          </reporter-output>
        </test-method> <!-- login -->
        <test-method is-config="true" signature="quitChromeDriver(org.testng.ITestResult)[pri:0, instance:test.rawatinap.FilterRITest@7c37508a]" started-at="2023-11-03T02:18:57Z" name="quitChromeDriver" finished-at="2023-11-03T02:19:00Z" duration-ms="2594" status="PASS">
          <params>
            <param index="0">
              <value>
                <![CDATA[[TestResult name=verifyFilterNoKlaimListRI status=SUCCESS method=FilterRITest.verifyFilterNoKlaimListRI()[pri:0, instance:test.rawatinap.FilterRITest@7c37508a] output={null}]]]>
              </value>
            </param>
          </params>
          <reporter-output>
          </reporter-output>
        </test-method> <!-- quitChromeDriver -->
        <test-method signature="verifyFilterCardNoNegListRI()[pri:0, instance:test.rawatinap.FilterRITest@7c37508a]" started-at="2023-11-03T02:19:00Z" name="verifyFilterCardNoNegListRI" finished-at="2023-11-03T02:19:02Z" duration-ms="2119" status="FAIL">
          <exception class="org.openqa.selenium.StaleElementReferenceException">
            <message>
              <![CDATA[The element with the reference b1c7411e-df6d-4d9e-bb90-1348f7656221 is stale; either its node document is not the active document, or it is no longer connected to the DOM
For documentation on this error, please visit: https://selenium.dev/exceptions/#stale_element_reference
Build info: version: '4.9.0', revision: 'd7057100a6'
System info: os.name: 'Windows 11', os.arch: 'amd64', os.version: '10.0', java.version: '17.0.7'
Driver info: org.openqa.selenium.firefox.FirefoxDriver
Command: [c4ecf63b-5517-4adf-ba38-f3ef5c90a1c6, isElementDisplayed {id=b1c7411e-df6d-4d9e-bb90-1348f7656221}]
[...]
at org.openqa.selenium.support.ui.ExpectedConditions.elementIfVisible(ExpectedConditions.java:307)
at org.openqa.selenium.support.ui.ExpectedConditions.access$000(ExpectedConditions.java:40)
at org.openqa.selenium.support.ui.ExpectedConditions$10.apply(ExpectedConditions.java:293)
at org.openqa.selenium.support.ui.ExpectedConditions$10.apply(ExpectedConditions.java:290)
at org.openqa.selenium.support.ui.ExpectedConditions$23.apply(ExpectedConditions.java:660)
at org.openqa.selenium.support.ui.ExpectedConditions$23.apply(ExpectedConditions.java:656)
at org.openqa.selenium.support.ui.FluentWait.until(FluentWait.java:208)
at page.BasePage.waitForClickable(BasePage.java:59)
at page.BasePage.doClick(BasePage.java:24)
at page.rawatjalan.ListRJPage.clickBtnPendaftaran(ListRJPage.java:143)
at test.rawatjalan.PembatalanRawatJalanTest.cancelRegistFromListing(PembatalanRawatJalanTest.java:98)
at java.base/jdk.internal.reflect.NativeMethodAccessorImpl.invoke0(Native Method)
at java.base/jdk.internal.reflect.NativeMethodAccessorImpl.invoke(NativeMethodAccessorImpl.java:77)
at java.base/jdk.internal.reflect.DelegatingMethodAccessorImpl.invoke(DelegatingMethodAccessorImpl.java:43)
at java.base/java.lang.reflect.Method.invoke(Method.java:568)
at org.testng.internal.MethodInvocationHelper.invokeMethod(MethodInvocationHelper.java:124)
at org.testng.internal.Invoker.invokeMethod(Invoker.java:583)
at org.testng.internal.Invoker.invokeTestMethod(Invoker.java:719)
at org.testng.internal.Invoker.invokeTestMethods(Invoker.java:989)
at org.testng.internal.TestMethodWorker.invokeTestMethods(TestMethodWorker.java:125)
at org.testng.internal.TestMethodWorker.run(TestMethodWorker.java:109)
at java.base/java.util.concurrent.ThreadPoolExecutor.runWorker(ThreadPoolExecutor.java:1136)
at java.base/java.util.concurrent.ThreadPoolExecutor$Worker.run(ThreadPoolExecutor.java:635)
at java.base/java.lang.Thread.run(Thread.java:833)
]]>
            </full-stacktrace>
          </exception> <!-- org.openqa.selenium.StaleElementReferenceException -->
          <reporter-output>
          </reporter-output>
        </test-method> <!-- cancelRegistFromListing -->
        <test-method is-config="true" signature="quitChromeDriver(org.testng.ITestResult)[pri:0, instance:test.rawatjalan.PembatalanRawatJalanTest@4d1bf319]" started-at="2023-11-03T02:25:01Z" name="quitChromeDriver" finished-at="2023-11-03T02:25:03Z" duration-ms="2056" status="PASS">
          <params>
            <param index="0">
              <value>
                <![CDATA[[TestResult name=cancelRegistFromListing status=FAILURE method=PembatalanRawatJalanTest.cancelRegistFromListing()[pri:0, instance:test.rawatjalan.PembatalanRawatJalanTest@4d1bf319] output={null}]]]>
              </value>
            </param>
          </params>
          <reporter-output>
            <line>
              <![CDATA[<a href='C:\Users\Arrumi Alfarazi\IdeaProjects\automationproviderFindBy\target\surefire-reports\screenshots\cancelRegistFromListing_03_11_2023_09_25_01.png'> <img src='C:\Users\Arrumi Alfarazi\IdeaProjects\automationproviderFindBy\target\surefire-reports\screenshots\cancelRegistFromListing_03_11_2023_09_25_01.png' height='320' width='180'/> </a>]]>
            </line>
          </reporter-output>
        </test-method> <!-- quitChromeDriver -->
        <test-method is-config="true" signature="createChromeDriver()[pri:0, instance:test.rawatjalan.PembatalanRawatJalanTest@4d1bf319]" started-at="2023-11-03T02:25:03Z" name="createChromeDriver" finished-at="2023-11-03T02:25:07Z" duration-ms="4575" status="PASS">
          <reporter-output>
          </reporter-output>
        </test-method> <!-- createChromeDriver -->
        <test-method is-config="true" signature="login()[pri:0, instance:test.rawatjalan.PembatalanRawatJalanTest@4d1bf319]" started-at="2023-11-03T02:25:07Z" name="login" finished-at="2023-11-03T02:25:09Z" duration-ms="1807" status="PASS">
          <reporter-output>
          </reporter-output>
        </test-method> <!-- login -->
        <test-method signature="CancelRegisWithCompletedPengesahanTagihan()[pri:0, instance:test.rawatjalan.PembatalanRawatJalanTest@4d1bf319]" started-at="2023-11-03T02:25:09Z" name="CancelRegisWithCompletedPengesahanTagihan" finished-at="2023-11-03T02:26:54Z" duration-ms="105370" status="FAIL">
          <exception class="org.openqa.selenium.TimeoutException">
            <message>
              <![CDATA[Expected condition failed: waiting for element to be clickable: Proxy element for: DefaultElementLocator 'By.xpath: //button[@data-testid='btnTutupCetakStruk']' (tried for 60 second(s) with 500 milliseconds interval)]]>
            </message>
            <full-stacktrace>
              <![CDATA[org.openqa.selenium.TimeoutException: Expected condition failed: waiting for element to be clickable: Proxy element for: DefaultElementLocator 'By.xpath: //button[@data-testid='btnTutupCetakStruk']' (tried for 60 second(s) with 500 milliseconds interval)
at org.openqa.selenium.support.ui.WebDriverWait.timeoutException(WebDriverWait.java:87)
at org.openqa.selenium.support.ui.FluentWait.until(FluentWait.java:231)
at page.BasePage.waitForClickable(BasePage.java:59)
at page.BasePage.doClick(BasePage.java:24)
at page.rawatjalan.CetakStrukPage.clickBtnTutup(CetakStrukPage.java:108)
at test.rawatjalan.PembatalanRawatJalanTest.CancelRegisWithCompletedPengesahanTagihan(PembatalanRawatJalanTest.java:175)
at java.base/jdk.internal.reflect.NativeMethodAccessorImpl.invoke0(Native Method)
at java.base/jdk.internal.reflect.NativeMethodAccessorImpl.invoke(NativeMethodAccessorImpl.java:77)
at java.base/jdk.internal.reflect.DelegatingMethodAccessorImpl.invoke(DelegatingMethodAccessorImpl.java:43)
at java.base/java.lang.reflect.Method.invoke(Method.java:568)
at org.testng.internal.MethodInvocationHelper.invokeMethod(MethodInvocationHelper.java:124)
at org.testng.internal.Invoker.invokeMethod(Invoker.java:583)
at org.testng.internal.Invoker.invokeTestMethod(Invoker.java:719)
at org.testng.internal.Invoker.invokeTestMethods(Invoker.java:989)
at org.testng.internal.TestMethodWorker.invokeTestMethods(TestMethodWorker.java:125)
at org.testng.internal.TestMethodWorker.run(TestMethodWorker.java:109)
at java.base/java.util.concurrent.ThreadPoolExecutor.runWorker(ThreadPoolExecutor.java:1136)
at java.base/java.util.concurrent.ThreadPoolExecutor$Worker.run(ThreadPoolExecutor.java:635)
at java.base/java.lang.Thread.run(Thread.java:833)
Caused by: org.openqa.selenium.NoSuchElementException: Unable to locate element: //button[@data-testid='btnTutupCetakStruk']
For documentation on this error, please visit: https://selenium.dev/exceptions/#no_such_element
Build info: version: '4.9.0', revision: 'd7057100a6'
System info: os.name: 'Windows 11', os.arch: 'amd64', os.version: '10.0', java.version: '17.0.7'
Driver info: org.openqa.selenium.firefox.FirefoxDriver
Command: [3fc72205-d0a8-4f2c-913b-938fb2a140f0, findElement {using=xpath, value=//button[@data-testid='btnTutupCetakStruk']}]
Capabilities {acceptInsecureCerts: true, browserName: firefox, browserVersion: 118.0.2, moz:accessibilityChecks: false, moz:buildID: 20231009140911, moz:debuggerAddress: 127.0.0.1:34621, moz:geckodriverVersion: 0.33.0, moz:headless: false, moz:platformVersion: 10.0, moz:processID: 23936, moz:profile: C:\Users\ARRUMI~1\AppData\L..., moz:shutdownTimeout: 60000, moz:webdriverClick: true, moz:windowless: false, pageLoadStrategy: normal, platformName: WINDOWS, proxy: Proxy(), se:cdp: ws://127.0.0.1:34621/devtoo..., se:cdpVersion: 85.0, setWindowRect: true, strictFileInteractability: false, timeouts: {implicit: 0, pageLoad: 300000, script: 30000}, unhandledPromptBehavior: dismiss and notify}
Session ID: 3fc72205-d0a8-4f2c-913b-938fb2a140f0
at jdk.internal.reflect.GeneratedConstructorAccessor20.newInstance(Unknown Source)
at java.base/jdk.internal.reflect.DelegatingConstructorAccessorImpl.newInstance(DelegatingConstructorAccessorImpl.java:45)
at java.base/java.lang.reflect.Constructor.newInstanceWithCaller(Constructor.java:499)
at java.base/java.lang.reflect.Constructor.newInstance(Constructor.java:480)
at org.openqa.selenium.remote.codec.w3c.W3CHttpResponseCodec.createException(W3CHttpResponseCodec.java:200)
at org.openqa.selenium.remote.codec.w3c.W3CHttpResponseCodec.decode(W3CHttpResponseCodec.java:133)
at org.openqa.selenium.remote.codec.w3c.W3CHttpResponseCodec.decode(W3CHttpResponseCodec.java:53)
at org.openqa.selenium.remote.HttpCommandExecutor.execute(HttpCommandExecutor.java:193)
at org.openqa.selenium.remote.service.DriverCommandExecutor.invokeExecute(DriverCommandExecutor.java:183)
at org.openqa.selenium.remote.service.DriverCommandExecutor.execute(DriverCommandExecutor.java:158)
at org.openqa.selenium.remote.RemoteWebDriver.execute(RemoteWebDriver.java:543)
at org.openqa.selenium.remote.ElementLocation$ElementFinder$2.findElement(ElementLocation.java:162)
at org.openqa.selenium.remote.ElementLocation.findElement(ElementLocation.java:60)
at org.openqa.selenium.remote.RemoteWebDriver.findElement(RemoteWebDriver.java:352)
at org.openqa.selenium.remote.RemoteWebDriver.findElement(RemoteWebDriver.java:344)
at org.openqa.selenium.support.pagefactory.DefaultElementLocator.findElement(DefaultElementLocator.java:70)
at org.openqa.selenium.support.pagefactory.internal.LocatingElementHandler.invoke(LocatingElementHandler.java:39)
at jdk.proxy2/jdk.proxy2.$Proxy19.isDisplayed(Unknown Source)
at org.openqa.selenium.support.ui.ExpectedConditions.elementIfVisible(ExpectedConditions.java:307)
at org.openqa.selenium.support.ui.ExpectedConditions.access$000(ExpectedConditions.java:40)
at org.openqa.selenium.support.ui.ExpectedConditions$10.apply(ExpectedConditions.java:293)
at org.openqa.selenium.support.ui.ExpectedConditions$10.apply(ExpectedConditions.java:290)
at org.openqa.selenium.support.ui.ExpectedConditions$23.apply(ExpectedConditions.java:660)
at org.openqa.selenium.support.ui.ExpectedConditions$23.apply(ExpectedConditions.java:656)
at org.openqa.selenium.support.ui.FluentWait.until(FluentWait.java:208)
... 17 more
]]>
            </full-stacktrace>
          </exception> <!-- org.openqa.selenium.TimeoutException -->
          <reporter-output>
          </reporter-output>
        </test-method> <!-- CancelRegisWithCompletedPengesahanTagihan -->
        <test-method is-config="true" signature="quitChromeDriver(org.testng.ITestResult)[pri:0, instance:test.rawatjalan.PembatalanRawatJalanTest@4d1bf319]" started-at="2023-11-03T02:26:54Z" name="quitChromeDriver" finished-at="2023-11-03T02:26:56Z" duration-ms="2052" status="PASS">
          <params>
            <param index="0">
              <value>
                <![CDATA[[TestResult name=CancelRegisWithCompletedPengesahanTagihan status=FAILURE method=PembatalanRawatJalanTest.CancelRegisWithCompletedPengesahanTagihan()[pri:0, instance:test.rawatjalan.PembatalanRawatJalanTest@4d1bf319] output={null}]]]>
              </value>
            </param>
          </params>
          <reporter-output>
            <line>
              <![CDATA[<a href='C:\Users\Arrumi Alfarazi\IdeaProjects\automationproviderFindBy\target\surefire-reports\screenshots\CancelRegisWithCompletedPengesahanTagihan_03_11_2023_09_26_54.png'> <img src='C:\Users\Arrumi Alfarazi\IdeaProjects\automationproviderFindBy\target\surefire-reports\screenshots\CancelRegisWithCompletedPengesahanTagihan_03_11_2023_09_26_54.png' height='320' width='180'/> </a>]]>
            </line>
          </reporter-output>
        </test-method> <!-- quitChromeDriver -->
      </class> <!-- test.rawatjalan.PembatalanRawatJalanTest -->
    </test> <!-- Pembatalan Rawat Jalan Test -->
  </suite> <!-- Pembatalan Rawat Jalan -->
  <suite started-at="2023-11-03T02:17:46Z" name="Login" finished-at="2023-11-03T02:17:58Z" duration-ms="11782">
    <groups>
    </groups>
    <test started-at="2023-11-03T02:17:46Z" name="Login Test" finished-at="2023-11-03T02:17:58Z" duration-ms="11782">
      <class name="test.LoginTest">
        <test-method is-config="true" signature="createChromeDriver()[pri:0, instance:test.LoginTest@53fb3dab]" started-at="2023-11-03T02:17:46Z" name="createChromeDriver" finished-at="2023-11-03T02:17:54Z" duration-ms="7450" status="PASS">
          <reporter-output>
          </reporter-output>
        </test-method> <!-- createChromeDriver -->
        <test-method is-config="true" signature="createChromeDriver()[pri:0, instance:test.LoginTest@53fb3dab]" started-at="2023-11-03T02:17:46Z" name="createChromeDriver" finished-at="2023-11-03T02:17:55Z" duration-ms="8212" status="PASS">
          <reporter-output>
          </reporter-output>
        </test-method> <!-- createChromeDriver -->
        <test-method signature="invalidPass()[pri:0, instance:test.LoginTest@53fb3dab]" started-at="2023-11-03T02:17:54Z" name="invalidPass" finished-at="2023-11-03T02:17:56Z" duration-ms="1603" status="PASS">
          <reporter-output>
          </reporter-output>
        </test-method> <!-- invalidPass -->
        <test-method signature="invalidUserName()[pri:0, instance:test.LoginTest@53fb3dab]" started-at="2023-11-03T02:17:55Z" name="invalidUserName" finished-at="2023-11-03T02:17:56Z" duration-ms="1372" status="PASS">
          <reporter-output>
          </reporter-output>
        </test-method> <!-- invalidUserName -->
        <test-method is-config="true" signature="quitChromeDriver(org.testng.ITestResult)[pri:0, instance:test.LoginTest@53fb3dab]" started-at="2023-11-03T02:17:56Z" name="quitChromeDriver" finished-at="2023-11-03T02:17:57Z" duration-ms="1675" status="PASS">
          <params>
            <param index="0">
              <value>
                <![CDATA[[TestResult name=invalidPass status=SUCCESS method=LoginTest.invalidPass()[pri:0, instance:test.LoginTest@53fb3dab] output={null}]]]>
              </value>
            </param>
          </params>
          <reporter-output>
          </reporter-output>
        </test-method> <!-- quitChromeDriver -->
        <test-method is-config="true" signature="quitChromeDriver(org.testng.ITestResult)[pri:0, instance:test.LoginTest@53fb3dab]" started-at="2023-11-03T02:17:56Z" name="quitChromeDriver" finished-at="2023-11-03T02:17:58Z" duration-ms="2144" status="PASS">
          <params>
            <param index="0">
              <value>
                <![CDATA[[TestResult name=invalidUserName status=SUCCESS method=LoginTest.invalidUserName()[pri:0, instance:test.LoginTest@53fb3dab] output={null}]]]>
              </value>
            </param>
          </params>
          <reporter-output>
          </reporter-output>
        </test-method> <!-- quitChromeDriver -->
      </class> <!-- test.LoginTest -->
    </test> <!-- Login Test -->
  </suite> <!-- Login -->
  <suite started-at="2023-11-03T02:17:58Z" name="Positive Rawat Inap" finished-at="2023-11-03T02:18:21Z" duration-ms="22930">
    <groups>
    </groups>
    <test started-at="2023-11-03T02:17:58Z" name="Positive Rawat Inap Test" finished-at="2023-11-03T02:18:21Z" duration-ms="22930">
      <class name="test.rawatinap.PositiveRITest">
        <test-method is-config="true" signature="createChromeDriver()[pri:0, instance:test.rawatinap.PositiveRITest@4681c175]" started-at="2023-11-03T02:17:58Z" name="createChromeDriver" finished-at="2023-11-03T02:18:03Z" duration-ms="4760" status="PASS">
          <reporter-output>
          </reporter-output>
        </test-method> <!-- createChromeDriver -->
        <test-method is-config="true" signature="login()[pri:0, instance:test.rawatinap.PositiveRITest@4681c175]" started-at="2023-11-03T02:18:03Z" name="login" finished-at="2023-11-03T02:18:05Z" duration-ms="2349" status="PASS">
          <reporter-output>
          </reporter-output>
        </test-method> <!-- login -->
        <test-method signature="positiveRegisterInPatient()[pri:1, instance:test.rawatinap.PositiveRITest@4681c175]" started-at="2023-11-03T02:18:05Z" name="positiveRegisterInPatient" finished-at="2023-11-03T02:18:20Z" duration-ms="14232" status="FAIL">
          <exception class="java.lang.IndexOutOfBoundsException">
            <message>
              <![CDATA[Index 0 out of bounds for length 0]]>
            </message>
            <full-stacktrace>
              <![CDATA[java.lang.IndexOutOfBoundsException: Index 0 out of bounds for length 0
at java.base/jdk.internal.util.Preconditions.outOfBounds(Preconditions.java:64)
at java.base/jdk.internal.util.Preconditions.outOfBoundsCheckIndex(Preconditions.java:70)
at java.base/jdk.internal.util.Preconditions.checkIndex(Preconditions.java:266)
at java.base/java.util.Objects.checkIndex(Objects.java:359)
at java.base/java.util.ArrayList.get(ArrayList.java:427)
at java.base/jdk.internal.reflect.NativeMethodAccessorImpl.invoke0(Native Method)
at java.base/jdk.internal.reflect.NativeMethodAccessorImpl.invoke(NativeMethodAccessorImpl.java:77)
at java.base/jdk.internal.reflect.DelegatingMethodAccessorImpl.invoke(DelegatingMethodAccessorImpl.java:43)
at java.base/java.lang.reflect.Method.invoke(Method.java:568)
at org.openqa.selenium.support.pagefactory.internal.LocatingElementListHandler.invoke(LocatingElementListHandler.java:40)
at jdk.proxy2/jdk.proxy2.$Proxy22.get(Unknown Source)
at page.rawatinap.PendaftaranRIPage.getTxtNama(PendaftaranRIPage.java:149)
at test.rawatinap.PositiveRITest.positiveRegisterInPatient(PositiveRITest.java:47)
at java.base/jdk.internal.reflect.NativeMethodAccessorImpl.invoke0(Native Method)
at java.base/jdk.internal.reflect.NativeMethodAccessorImpl.invoke(NativeMethodAccessorImpl.java:77)
at java.base/jdk.internal.reflect.DelegatingMethodAccessorImpl.invoke(DelegatingMethodAccessorImpl.java:43)
at java.base/java.lang.reflect.Method.invoke(Method.java:568)
at org.testng.internal.MethodInvocationHelper.invokeMethod(MethodInvocationHelper.java:124)
at org.testng.internal.Invoker.invokeMethod(Invoker.java:583)
at org.testng.internal.Invoker.invokeTestMethod(Invoker.java:719)
at org.testng.internal.Invoker.invokeTestMethods(Invoker.java:989)
at org.testng.internal.TestMethodWorker.invokeTestMethods(TestMethodWorker.java:125)
at org.testng.internal.TestMethodWorker.run(TestMethodWorker.java:109)
at java.base/java.util.concurrent.ThreadPoolExecutor.runWorker(ThreadPoolExecutor.java:1136)
at java.base/java.util.concurrent.ThreadPoolExecutor$Worker.run(ThreadPoolExecutor.java:635)
at java.base/java.lang.Thread.run(Thread.java:833)
]]>
            </full-stacktrace>
          </exception> <!-- java.lang.IndexOutOfBoundsException -->
          <reporter-output>
          </reporter-output>
        </test-method> <!-- positiveRegisterInPatient -->
        <test-method is-config="true" signature="quitChromeDriver(org.testng.ITestResult)[pri:0, instance:test.rawatinap.PositiveRITest@4681c175]" started-at="2023-11-03T02:18:20Z" name="quitChromeDriver" finished-at="2023-11-03T02:18:21Z" duration-ms="1545" status="PASS">
          <params>
            <param index="0">
              <value>
                <![CDATA[[TestResult name=positiveRegisterInPatient status=FAILURE method=PositiveRITest.positiveRegisterInPatient()[pri:1, instance:test.rawatinap.PositiveRITest@4681c175] output={null}]]]>
              </value>
            </param>
          </params>
          <reporter-output>
            <line>
              <![CDATA[<a href='C:\Users\Arrumi Alfarazi\IdeaProjects\automationproviderFindBy\target\surefire-reports\screenshots\positiveRegisterInPatient_03_11_2023_09_18_20.png'> <img src='C:\Users\Arrumi Alfarazi\IdeaProjects\automationproviderFindBy\target\surefire-reports\screenshots\positiveRegisterInPatient_03_11_2023_09_18_20.png' height='320' width='180'/> </a>]]>
            </line>
          </reporter-output>
        </test-method> <!-- quitChromeDriver -->
      </class> <!-- test.rawatinap.PositiveRITest -->
    </test> <!-- Positive Rawat Inap Test -->
  </suite> <!-- Positive Rawat Inap -->
</testng-results>
