<?xml version="1.0" encoding="UTF-8"?>
<testsuite xmlns:xsi="http://www.w3.org/2001/XMLSchema-instance" xsi:noNamespaceSchemaLocation="https://maven.apache.org/surefire/maven-surefire-plugin/xsd/surefire-test-report-3.0.xsd" version="3.0" name="TestSuite" time="690.08" tests="43" errors="0" skipped="0" failures="28">
  <properties>
[...]
</properties>
  <testcase name="invalidPass" classname="test.LoginTest" time="1.084">
    <system-out><![CDATA[[TestNGContentHandler] [WARN] It is strongly recommended to add "<!DOCTYPE suite SYSTEM "http://testng.org/testng-1.0.dtd" >" at the top of your file, otherwise TestNG may fail or not work as expected.
[TestNG] [WARN] Ignoring duplicate listener : listeners.ExtentReportListener
[TestNG] [WARN] Ignoring duplicate listener : listeners.ExtentReportListener
[TestNG] [WARN] Ignoring duplicate listener : listeners.ExtentReportListener
[TestNG] [WARN] Ignoring duplicate listener : listeners.ExtentReportListener
[TestNG] [WARN] Ignoring duplicate listener : listeners.ExtentReportListener
[TestNG] [WARN] Ignoring duplicate listener : listeners.ExtentReportListener
[TestNG] [WARN] Ignoring duplicate listener : listeners.ExtentReportListener
]]></system-out>
    <system-err><![CDATA[SLF4J: No SLF4J providers were found.
SLF4J: Defaulting to no-operation (NOP) logger implementation
SLF4J: See https://www.slf4j.org/codes.html#noProviders for further details.
1698977868398	geckodriver	INFO	Listening on 127.0.0.1:29377
1698977868397	geckodriver	INFO	Listening on 127.0.0.1:23709
1698977868807	mozrun1ner::r6unner	9INFO8	Running 9com7man7d:8 "C6:\\8Pro8gra0m F8ile	s\\mMozilola Firefox\\firefox.exe" "--marizonette" "--remote-debugging-port" "33349" "--remote ... alhost:33349/,http://[::1]:3334r9/" "-no-remote" "-profile" "C:\\Users\\ARRUuMI~1\n\AnppeDrat:a:\r\Luoncnaelr\	\ITNeFmOp	\R\urnunsitn_gm oczopmrmoafnidl:e c"MCSpO:4"\\
Program Files\\Mozilla Firefox\\firefox.exe" "--marionette" "--remote-debugging-port" "22292" "--remote ... alhost:22292/,http://[::1]:22292/" "-no-remote" "-profile" "C:\\Users\\ARRUMI~1\\AppData\\Local\\Temp\\rust_mozprofile2U4TO6"
console.warn: services.settings: Ignoring preference override of remote settings server
console.warn: services.settings: Allow by setting MOZ_REMOTE_SETTINGS_DEVTOOLS=1 in the environment
console.warn: services.settings: Ignoring preference override of remote settings server
console.warn: services.settings: Allow by setting MOZ_REMOTE_SETTINGS_DEVTOOLS=1 in the environment
1698977869438	Marionette	INFO	Marionette enabled
1698977869439	Marionette	INFO	Marionette enabled
Dynamically enable window occlusion 0
Dynamically enable window occlusion 0
1698977869538	Marionette	INFO	Listening on port 62835
WebDriver BiDi listening on ws://127.0.0.1:33349
1698977869570	Marionette	INFO	Listening on port 62836
WebDriver BiDi listening on ws://127.0.0.1:22292
Read port: 62835
Read port: 62836
1698977869855	RemoteAgent	WARN	TLS certificate errors will be ignored for this session
1698977869873	RemoteAgent	WARN	TLS certificate errors will be ignored for this session
DevTools listening on ws://127.0.0.1:33349/devtools/browser/cb341503-2ba0-4fd3-b3c1-5c10cccd8ada
DevTools listening on ws://127.0.0.1:22292/devtools/browser/bbf90f9c-53c2-4bc3-9477-d0c2161cf522
console.warn: LoginRecipes: "Falling back to a synchronous message for: https://iam-uat.meditap.id."
console.warn: LoginRecipes: "Falling back to a synchronous message for: https://iam-uat.meditap.id."
console.warn: LoginRecipes: "Falling back to a synchronous message for: https://iam-uat.meditap.id."
console.warn: LoginRecipes: "Falling back to a synchronous message for: https://iam-uat.meditap.id."
]]></system-err>
  </testcase>
  <testcase name="invalidUserName" classname="test.LoginTest" time="1.373">
    <system-err><![CDATA[1698977876271	RemoteAgent	INFO	Perform WebSocket upgrade for incoming connection from 127.0.0.1:62905
1698977876286	CDP	WARN	Invalid browser preferences for CDP. Set "fission.webContentIsolationStrategy"to 0 and "fission.bfcacheInParent" to false before Firefox starts.
1698977876353	Marionette	INFO	Stopped listening on port 62835
]]></system-err>
  </testcase>
  <testcase name="positiveRegisterInPatient" classname="test.rawatinap.PositiveRITest" time="14.205">
    <failure message="Index 0 out of bounds for length 0" type="java.lang.IndexOutOfBoundsException"><![CDATA[java.lang.IndexOutOfBoundsException: Index 0 out of bounds for length 0
	at java.base/jdk.internal.util.Preconditions.outOfBounds(Preconditions.java:64)
	at java.base/jdk.internal.util.Preconditions.outOfBoundsCheckIndex(Preconditions.java:70)
	at java.base/jdk.internal.util.Preconditions.checkIndex(Preconditions.java:266)
	at java.base/java.util.Objects.checkIndex(Objects.java:359)
	at java.base/java.util.ArrayList.get(ArrayList.java:427)
	at java.base/jdk.internal.reflect.NativeMethodAccessorImpl.invoke0(Native Method)
	at java.base/jdk.internal.reflect.NativeMethodAccessorImpl.invoke(NativeMethodAccessorImpl.java:77)
	at java.base/jdk.internal.reflect.DelegatingMethodAccessorImpl.invoke(DelegatingMethodAccessorImpl.java:43)
	at java.base/java.lang.reflect.Method.invoke(Method.java:568)
	at org.openqa.selenium.support.pagefactory.internal.LocatingElementListHandler.invoke(LocatingElementListHandler.java:40)
	at jdk.proxy2/jdk.proxy2.$Proxy22.get(Unknown Source)
	at page.rawatinap.PendaftaranRIPage.getTxtNama(PendaftaranRIPage.java:149)
	at test.rawatinap.PositiveRITest.positiveRegisterInPatient(PositiveRITest.java:47)
	at java.base/jdk.internal.reflect.NativeMethodAccessorImpl.invoke0(Native Method)
	at java.base/jdk.internal.reflect.NativeMethodAccessorImpl.invoke(NativeMethodAccessorImpl.java:77)
	at java.base/jdk.internal.reflect.DelegatingMethodAccessorImpl.invoke(DelegatingMethodAccessorImpl.java:43)
	at java.base/java.lang.reflect.Method.invoke(Method.java:568)
	at org.testng.internal.MethodInvocationHelper.invokeMethod(MethodInvocationHelper.java:124)
	at org.testng.internal.Invoker.invokeMethod(Invoker.java:583)
	at org.testng.internal.Invoker.invokeTestMethod(Invoker.java:719)
	at org.testng.internal.Invoker.invokeTestMethods(Invoker.java:989)
	at org.testng.internal.TestMethodWorker.invokeTestMethods(TestMethodWorker.java:125)
	at org.testng.internal.TestMethodWorker.run(TestMethodWorker.java:109)
	at java.base/java.util.concurrent.ThreadPoolExecutor.runWorker(ThreadPoolExecutor.java:1136)
	at java.base/java.util.concurrent.ThreadPoolExecutor$Worker.run(ThreadPoolExecutor.java:635)
	at java.base/java.lang.Thread.run(Thread.java:833)
]]></failure>
    <system-err><![CDATA[1698977876519	RemoteAgent	INFO	Perform WebSocket upgrade for incoming connection from 127.0.0.1:62907
1698977876524	CDP	WARN	Invalid browser preferences for CDP. Set "fission.webContentIsolationStrategy"to 0 and "fission.bfcacheInParent" to false before Firefox starts.
1698977876536	Marionette	INFO	Stopped listening on port 62836
Dynamically enable window occlusion 1
Dynamically enable window occlusion 1
1698977878808	geckodriver	INFO	Listening on 127.0.0.1:20529
1698977878841	mozrunner::runner	INFO	Running command: "C:\\Program Files\\Mozilla Firefox\\firefox.exe" "--marionette" "--remote-debugging-port" "46033" "--remote ... alhost:46033/,http://[::1]:46033/" "-no-remote" "-profile" "C:\\Users\\ARRUMI~1\\AppData\\Local\\Temp\\rust_mozprofileKfAbtJ"
console.warn: services.settings: Ignoring preference override of remote settings server
console.warn: services.settings: Allow by setting MOZ_REMOTE_SETTINGS_DEVTOOLS=1 in the environment
1698977879499	Marionette	INFO	Marionette enabled
Dynamically enable window occlusion 0
1698977879589	Marionette	INFO	Listening on port 62913
WebDriver BiDi listening on ws://127.0.0.1:46033
Read port: 62913
1698977879825	RemoteAgent	WARN	TLS certificate errors will be ignored for this session
DevTools listening on ws://127.0.0.1:46033/devtools/browser/c51b270d-cbc9-4c7e-8407-fb527977310c
console.warn: LoginRecipes: "Falling back to a synchronous message for: https://iam-uat.meditap.id."
console.warn: LoginRecipes: "Falling back to a synchronous message for: https://iam-uat.meditap.id."
console.warn: services.settings: Ignoring preference override of remote settings server
console.warn: services.settings: Allow by setting MOZ_REMOTE_SETTINGS_DEVTOOLS=1 in the environment
console.error: (new TypeError("lazy.AsyncShutdown.profileBeforeChange is undefined", "resource://services-settings/Database.sys.mjs", 593))
console.warn: LoginRecipes: "Falling back to a synchronous message for: https://provider-uat.meditap.id."
]]></system-err>
  </testcase>
  <testcase name="verifyFilterRegDateNegListRI" classname="test.rawatinap.FilterRITest" time="2.114">
    <failure message="The element with the reference 92b8f184-ea45-4314-a7f2-5fc5a54f343d is stale; either its node document is not the active document, or it is no longer connected to the DOM&#10;For documentation on this error, please visit: https://selenium.dev/exceptions/#stale_element_reference&#10;Build info: version: &apos;4.9.0&apos;, revision: &apos;d7057100a6&apos;&#10;System info: os.name: &apos;Windows 11&apos;, os.arch: &apos;amd64&apos;, os.version: &apos;10.0&apos;, java.version: &apos;17.0.7&apos;&#10;Driver info: org.openqa.selenium.firefox.FirefoxDriver&#10;Command: [c0b5398d-86a7-475a-a87e-1eb523173eef, isElementDisplayed {id=92b8f184-ea45-4314-a7f2-5fc5a54f343d}]&#10;Capabilities {acceptInsecureCerts: true, browserName: firefox, browserVersion: 118.0.2, moz:accessibilityChecks: false, moz:buildID: 20231009140911, moz:debuggerAddress: 127.0.0.1:27327, moz:geckodriverVersion: 0.33.0, moz:headless: false, moz:platformVersion: 10.0, moz:processID: 44344, moz:profile: C:\Users\ARRUMI~1\AppData\L..., moz:shutdownTimeout: 60000, moz:webdriverClick: true, moz:windowless: false, pageLoadStrategy: normal, platformName: WINDOWS, proxy: Proxy(), se:cdp: ws://127.0.0.1:27327/devtoo..., se:cdpVersion: 85.0, setWindowRect: true, strictFileInteractability: false, timeouts: {implicit: 0, pageLoad: 300000, script: 30000}, unhandledPromptBehavior: dismiss and notify}&#10;Element: [[FirefoxDriver: firefox on WINDOWS (c0b5398d-86a7-475a-a87e-1eb523173eef)] -&gt; xpath: //div[@data-testid=&apos;btnRawatInap&apos;]]&#10;Session ID: c0b5398d-86a7-475a-a87e-1eb523173eef" type="org.openqa.selenium.StaleElementReferenceException"><![CDATA[org.openqa.selenium.StaleElementReferenceException: 
The element with the reference 92b8f184-ea45-4314-a7f2-5fc5a54f343d is stale; either its node document is not the active document, or it is no longer connected to the DOM
For documentation on this error, please visit: https://selenium.dev/exceptions/#stale_element_reference
Build info: version: '4.9.0', revision: 'd7057100a6'
System info: os.name: 'Windows 11', os.arch: 'amd64', os.version: '10.0', java.version: '17.0.7'
Driver info: org.openqa.selenium.firefox.FirefoxDriver
Command: [c0b5398d-86a7-475a-a87e-1eb523173eef, isElementDisplayed {id=92b8f184-ea45-4314-a7f2-5fc5a54f343d}]
Capabilities {acceptInsecureCerts: true, browserName: firefox, browserVersion: 118.0.2, moz:accessibilityChecks: false, moz:buildID: 20231009140911, moz:debuggerAddress: 127.0.0.1:27327, moz:geckodriverVersion: 0.33.0, moz:headless: false, moz:platformVersion: 10.0, moz:processID: 44344, moz:profile: C:\Users\ARRUMI~1\AppData\L..., moz:shutdownTimeout: 60000, moz:webdriverClick: true, moz:windowless: false, pageLoadStrategy: normal, platformName: WINDOWS, proxy: Proxy(), se:cdp: ws://127.0.0.1:27327/devtoo..., se:cdpVersion: 85.0, setWindowRect: true, strictFileInteractability: false, timeouts: {implicit: 0, pageLoad: 300000, script: 30000}, unhandledPromptBehavior: dismiss and notify}
Element: [[FirefoxDriver: firefox on WINDOWS (c0b5398d-86a7-475a-a87e-1eb523173eef)] -> xpath: //div[@data-testid='btnRawatInap']]
Session ID: c0b5398d-86a7-475a-a87e-1eb523173eef
	at java.base/jdk.internal.reflect.NativeConstructorAccessorImpl.newInstance0(Native Method)
	at java.base/jdk.internal.reflect.NativeConstructorAccessorImpl.newInstance(NativeConstructorAccessorImpl.java:77)
	at java.base/jdk.internal.reflect.DelegatingConstructorAccessorImpl.newInstance(DelegatingConstructorAccessorImpl.java:45)
	at java.base/java.lang.reflect.Constructor.newInstanceWithCaller(Constructor.java:499)
	at java.base/java.lang.reflect.Constructor.newInstance(Constructor.java:480)
	at org.openqa.selenium.remote.codec.w3c.W3CHttpResponseCodec.createException(W3CHttpResponseCodec.java:200)
	at org.openqa.selenium.remote.codec.w3c.W3CHttpResponseCodec.decode(W3CHttpResponseCodec.java:133)
	at org.openqa.selenium.remote.codec.w3c.W3CHttpResponseCodec.decode(W3CHttpResponseCodec.java:53)
	at org.openqa.selenium.remote.HttpCommandExecutor.execute(HttpCommandExecutor.java:193)
	at org.openqa.selenium.remote.service.DriverCommandExecutor.invokeExecute(DriverCommandExecutor.java:183)
	at org.openqa.selenium.remote.service.DriverCommandExecutor.execute(DriverCommandExecutor.java:158)
	at org.openqa.selenium.remote.RemoteWebDriver.execute(RemoteWebDriver.java:543)
	at org.openqa.selenium.remote.RemoteWebElement.execute(RemoteWebElement.java:257)
	at org.openqa.selenium.remote.RemoteWebElement.isDisplayed(RemoteWebElement.java:313)
	at jdk.internal.reflect.GeneratedMethodAccessor6.invoke(Unknown Source)
	at java.base/jdk.internal.reflect.DelegatingMethodAccessorImpl.invoke(DelegatingMethodAccessorImpl.java:43)
	at java.base/java.lang.reflect.Method.invoke(Method.java:568)
	at org.openqa.selenium.support.pagefactory.internal.LocatingElementHandler.invoke(LocatingElementHandler.java:52)
	at jdk.proxy2/jdk.proxy2.$Proxy19.isDisplayed(Unknown Source)
	at org.openqa.selenium.support.ui.ExpectedConditions.elementIfVisible(ExpectedConditions.java:307)
	at org.openqa.selenium.support.ui.ExpectedConditions.access$000(ExpectedConditions.java:40)
	at org.openqa.selenium.support.ui.ExpectedConditions$10.apply(ExpectedConditions.java:293)
	at org.openqa.selenium.support.ui.ExpectedConditions$10.apply(ExpectedConditions.java:290)
	at org.openqa.selenium.support.ui.ExpectedConditions$23.apply(ExpectedConditions.java:660)
	at org.openqa.selenium.support.ui.ExpectedConditions$23.apply(ExpectedConditions.java:656)
	at org.openqa.selenium.support.ui.FluentWait.until(FluentWait.java:208)
	at page.BasePage.waitForClickable(BasePage.java:59)
	at page.BasePage.doClick(BasePage.java:24)
	at page.HomePage.clickRawatInap(HomePage.java:87)
	at test.rawatinap.FilterRITest.verifyFilterRegDateNegListRI(FilterRITest.java:83)
	at java.base/jdk.internal.reflect.NativeMethodAccessorImpl.invoke0(Native Method)
	at java.base/jdk.internal.reflect.NativeMethodAccessorImpl.invoke(NativeMethodAccessorImpl.java:77)
	at java.base/jdk.internal.reflect.DelegatingMethodAccessorImpl.invoke(DelegatingMethodAccessorImpl.java:43)
	at java.base/java.lang.reflect.Method.invoke(Method.java:568)
	at org.testng.internal.MethodInvocationHelper.invokeMethod(MethodInvocationHelper.java:124)
	at org.testng.internal.Invoker.invokeMethod(Invoker.java:583)
	at org.testng.internal.Invoker.invokeTestMethod(Invoker.java:719)
	at org.testng.internal.Invoker.invokeTestMethods(Invoker.java:989)
	at org.testng.internal.TestMethodWorker.invokeTestMethods(TestMethodWorker.java:125)
	at org.testng.internal.TestMethodWorker.run(TestMethodWorker.java:109)
	at java.base/java.util.concurrent.ThreadPoolExecutor.runWorker(ThreadPoolExecutor.java:1136)
	at java.base/java.util.concurrent.ThreadPoolExecutor$Worker.run(ThreadPoolExecutor.java:635)
	at java.base/java.lang.Thread.run(Thread.java:833)
]]></failure>
    <system-err><![CDATA[1698977900179	RemoteAgent	INFO	Perform WebSocket upgrade for incoming connection from 127.0.0.1:62972
1698977900185	CDP	WARN	Invalid browser preferences for CDP. Set "fission.webContentIsolationStrategy"to 0 and "fission.bfcacheInParent" to false before Firefox starts.
1698977900190	Marionette	INFO	Stopped listening on port 62913
JavaScript warning: https://provider-uat.meditap.id/_next/static/chunks/main-a571486d12d17c78.js, line 1: Script terminated by timeout at:
95564/f/</</<@https://provider-uat.meditap.id/_next/static/chunks/main-a571486d12d17c78.js:1:24453

Dynamically enable window occlusion 1
1698977902069	geckodriver	INFO	Listening on 127.0.0.1:27914
1698977902120	geckodriver	INFO	Listening on 127.0.0.1:4593
1698977902122	mozrunner::runner	INFO	Running command: "C:\\Program Files\\Mozilla Firefox\\firefox.exe" "--marionette" "--remote-debugging-port" "27327" "--remote ... alhost:27327/,http://[::1]:27327/" "-no-remote" "-profile" "C:\\Users\\ARRUMI~1\\AppData\\Local\\Temp\\rust_mozprofileURcuFo"
1698977902151	geckodriver	INFO	Listening on 127.0.0.1:44494
1698977902167	mozrunner::runner	INFO	Running command: "C:\\Program Files\\Mozilla Firefox\\firefox.exe" "--marionette" "--remote-debugging-port" "24777" "--remote ... alhost:24777/,http://[::1]:24777/" "-no-remote" "-profile" "C:\\Users\\ARRUMI~1\\AppData\\Local\\Temp\\rust_mozprofilekarquD"
1698977902208	mozrunner::runner	INFO	Running command: "C:\\Program Files\\Mozilla Firefox\\firefox.exe" "--marionette" "--remote-debugging-port" "10779" "--remote ... alhost:10779/,http://[::1]:10779/" "-no-remote" "-profile" "C:\\Users\\ARRUMI~1\\AppData\\Local\\Temp\\rust_mozprofilevFPwA6"
1698977902209	geckodriver	INFO	Listening on 127.0.0.1:18636
1698977902313	mozrunner::runner	INFO	Running command: "C:\\Program Files\\Mozilla Firefox\\firefox.exe" "--marionette" "--remote-debugging-port" "17056" "--remote ... alhost:17056/,http://[::1]:17056/" "-no-remote" "-profile" "C:\\Users\\ARRUMI~1\\AppData\\Local\\Temp\\rust_mozprofilek5FpUD"
console.warn: services.settings: Ignoring preference override of remote settings server
console.warn: services.settings: Allow by setting MOZ_REMOTE_SETTINGS_DEVTOOLS=1 in the environment
console.warn: services.settings: Ignoring preference override of remote settings server
console.warn: services.settings: Allow by setting MOZ_REMOTE_SETTINGS_DEVTOOLS=1 in the environment
console.warn: services.settings: Ignoring preference override of remote settings server
console.warn: services.settings: Allow by setting MOZ_REMOTE_SETTINGS_DEVTOOLS=1 in the environment
console.warn: services.settings: Ignoring preference override of remote settings server
console.warn: services.settings: Allow by setting MOZ_REMOTE_SETTINGS_DEVTOOLS=1 in the environment
1698977902936	Marionette	INFO	Marionette enabled
Dynamically enable window occlusion 0
1698977902971	Marionette	INFO	Marionette enabled
1698977902972	Marionette	INFO	Marionette enabled
Dynamically enable window occlusion 0
Dynamically enable window occlusion 0
1698977903076	Marionette	INFO	Marionette enabled
1698977903077	Marionette	INFO	Listening on port 63632
Dynamically enable window occlusion 0
WebDriver BiDi listening on ws://127.0.0.1:10779
Read port: 63632
1698977903125	Marionette	INFO	Listening on port 63633
1698977903153	Marionette	INFO	Listening on port 63634
WebDriver BiDi listening on ws://127.0.0.1:24777
WebDriver BiDi listening on ws://127.0.0.1:17056
Read port: 63633
Read port: 63634
1698977903339	Marionette	INFO	Listening on port 63635
WebDriver BiDi listening on ws://127.0.0.1:27327
Read port: 63635
1698977903536	RemoteAgent	WARN	TLS certificate errors will be ignored for this session
1698977903673	RemoteAgent	WARN	TLS certificate errors will be ignored for this session
1698977903698	RemoteAgent	WARN	TLS certificate errors will be ignored for this session
1698977903826	RemoteAgent	WARN	TLS certificate errors will be ignored for this session
DevTools listening on ws://127.0.0.1:27327/devtools/browser/48e2f926-756d-4e1c-bb3b-00fbf788c905
DevTools listening on ws://127.0.0.1:17056/devtools/browser/d915b8fb-ffd8-4596-86a2-4caa70ca6960
DevTools listening on ws://127.0.0.1:10779/devtools/browser/3034fefb-5054-48c2-9d5e-476b8a70eb92
DevTools listening on ws://127.0.0.1:24777/devtools/browser/5e700daf-cfb5-4006-882b-1943d107056e
console.warn: LoginRecipes: "Falling back to a synchronous message for: https://iam-uat.meditap.id."
console.warn: LoginRecipes: "Falling back to a synchronous message for: https://iam-uat.meditap.id."
console.warn: LoginRecipes: "Falling back to a synchronous message for: https://iam-uat.meditap.id."
console.warn: LoginRecipes: "Falling back to a synchronous message for: https://iam-uat.meditap.id."
console.warn: LoginRecipes: "Falling back to a synchronous message for: https://iam-uat.meditap.id."
console.warn: LoginRecipes: "Falling back to a synchronous message for: https://iam-uat.meditap.id."
console.warn: LoginRecipes: "Falling back to a synchronous message for: https://iam-uat.meditap.id."
console.warn: LoginRecipes: "Falling back to a synchronous message for: https://iam-uat.meditap.id."
console.warn: services.settings: Ignoring preference override of remote settings server
console.warn: services.settings: Allow by setting MOZ_REMOTE_SETTINGS_DEVTOOLS=1 in the environment
console.error: (new TypeError("lazy.AsyncShutdown.profileBeforeChange is undefined", "resource://services-settings/Database.sys.mjs", 593))
console.warn: services.settings: Ignoring preference override of remote settings server
console.warn: services.settings: Allow by setting MOZ_REMOTE_SETTINGS_DEVTOOLS=1 in the environment
console.error: (new TypeError("lazy.AsyncShutdown.profileBeforeChange is undefined", "resource://services-settings/Database.sys.mjs", 593))
]]></system-err>
  </testcase>
  <testcase name="verifyFilterRegDateListRI" classname="test.rawatinap.FilterRITest" time="0.797">
    <failure message="The element with the reference 76717b30-c372-4f04-8399-8bcaf8171674 is stale; either its node document is not the active document, or it is no longer connected to the DOM&#10;For documentation on this error, please visit: https://selenium.dev/exceptions/#stale_element_reference&#10;Build info: version: &apos;4.9.0&apos;, revision: &apos;d7057100a6&apos;&#10;System info: os.name: &apos;Windows 11&apos;, os.arch: &apos;amd64&apos;, os.version: &apos;10.0&apos;, java.version: &apos;17.0.7&apos;&#10;Driver info: org.openqa.selenium.firefox.FirefoxDriver&#10;Command: [73551c09-2576-4df5-9fa1-078983b3fd36, isElementDisplayed {id=76717b30-c372-4f04-8399-8bcaf8171674}]&#10;Capabilities {acceptInsecureCerts: true, browserName: firefox, browserVersion: 118.0.2, moz:accessibilityChecks: false, moz:buildID: 20231009140911, moz:debuggerAddress: 127.0.0.1:24777, moz:geckodriverVersion: 0.33.0, moz:headless: false, moz:platformVersion: 10.0, moz:processID: 55348, moz:profile: C:\Users\ARRUMI~1\AppData\L..., moz:shutdownTimeout: 60000, moz:webdriverClick: true, moz:windowless: false, pageLoadStrategy: normal, platformName: WINDOWS, proxy: Proxy(), se:cdp: ws://127.0.0.1:24777/devtoo..., se:cdpVersion: 85.0, setWindowRect: true, strictFileInteractability: false, timeouts: {implicit: 0, pageLoad: 300000, script: 30000}, unhandledPromptBehavior: dismiss and notify}&#10;Element: [[FirefoxDriver: firefox on WINDOWS (73551c09-2576-4df5-9fa1-078983b3fd36)] -&gt; xpath: //div[@data-testid=&apos;btnRawatInap&apos;]]&#10;Session ID: 73551c09-2576-4df5-9fa1-078983b3fd36" type="org.openqa.selenium.StaleElementReferenceException"><![CDATA[org.openqa.selenium.StaleElementReferenceException: 
The element with the reference 76717b30-c372-4f04-8399-8bcaf8171674 is stale; either its node document is not the active document, or it is no longer connected to the DOM
For documentation on this error, please visit: https://selenium.dev/exceptions/#stale_element_reference
Build info: version: '4.9.0', revision: 'd7057100a6'
System info: os.name: 'Windows 11', os.arch: 'amd64', os.version: '10.0', java.version: '17.0.7'
Driver info: org.openqa.selenium.firefox.FirefoxDriver
Command: [73551c09-2576-4df5-9fa1-078983b3fd36, isElementDisplayed {id=76717b30-c372-4f04-8399-8bcaf8171674}]
Capabilities {acceptInsecureCerts: true, browserName: firefox, browserVersion: 118.0.2, moz:accessibilityChecks: false, moz:buildID: 20231009140911, moz:debuggerAddress: 127.0.0.1:24777, moz:geckodriverVersion: 0.33.0, moz:headless: false, moz:platformVersion: 10.0, moz:processID: 55348, moz:profile: C:\Users\ARRUMI~1\AppData\L..., moz:shutdownTimeout: 60000, moz:webdriverClick: true, moz:windowless: false, pageLoadStrategy: normal, platformName: WINDOWS, proxy: Proxy(), se:cdp: ws://127.0.0.1:24777/devtoo..., se:cdpVersion: 85.0, setWindowRect: true, strictFileInteractability: false, timeouts: {implicit: 0, pageLoad: 300000, script: 30000}, unhandledPromptBehavior: dismiss and notify}
Element: [[FirefoxDriver: firefox on WINDOWS (73551c09-2576-4df5-9fa1-078983b3fd36)] -> xpath: //div[@data-testid='btnRawatInap']]
Session ID: 73551c09-2576-4df5-9fa1-078983b3fd36
	at java.base/jdk.internal.reflect.NativeConstructorAccessorImpl.newInstance0(Native Method)
	at java.base/jdk.internal.reflect.NativeConstructorAccessorImpl.newInstance(NativeConstructorAccessorImpl.java:77)
	at java.base/jdk.internal.reflect.DelegatingConstructorAccessorImpl.newInstance(DelegatingConstructorAccessorImpl.java:45)
	at java.base/java.lang.reflect.Constructor.newInstanceWithCaller(Constructor.java:499)
	at java.base/java.lang.reflect.Constructor.newInstance(Constructor.java:480)
	at org.openqa.selenium.remote.codec.w3c.W3CHttpResponseCodec.createException(W3CHttpResponseCodec.java:200)
	at org.openqa.selenium.remote.codec.w3c.W3CHttpResponseCodec.decode(W3CHttpResponseCodec.java:133)
	at org.openqa.selenium.remote.codec.w3c.W3CHttpResponseCodec.decode(W3CHttpResponseCodec.java:53)
	at org.openqa.selenium.remote.HttpCommandExecutor.execute(HttpCommandExecutor.java:193)
	at org.openqa.selenium.remote.service.DriverCommandExecutor.invokeExecute(DriverCommandExecutor.java:183)
	at org.openqa.selenium.remote.service.DriverCommandExecutor.execute(DriverCommandExecutor.java:158)
	at org.openqa.selenium.remote.RemoteWebDriver.execute(RemoteWebDriver.java:543)
	at org.openqa.selenium.remote.RemoteWebElement.execute(RemoteWebElement.java:257)
	at org.openqa.selenium.remote.RemoteWebElement.isDisplayed(RemoteWebElement.java:313)
	at jdk.internal.reflect.GeneratedMethodAccessor6.invoke(Unknown Source)
	at java.base/jdk.internal.reflect.DelegatingMethodAccessorImpl.invoke(DelegatingMethodAccessorImpl.java:43)
	at java.base/java.lang.reflect.Method.invoke(Method.java:568)
	at org.openqa.selenium.support.pagefactory.internal.LocatingElementHandler.invoke(LocatingElementHandler.java:52)
	at jdk.proxy2/jdk.proxy2.$Proxy19.isDisplayed(Unknown Source)
	at org.openqa.selenium.support.ui.ExpectedConditions.elementIfVisible(ExpectedConditions.java:307)
	at org.openqa.selenium.support.ui.ExpectedConditions.access$000(ExpectedConditions.java:40)
	at org.openqa.selenium.support.ui.ExpectedConditions$10.apply(ExpectedConditions.java:293)
	at org.openqa.selenium.support.ui.ExpectedConditions$10.apply(ExpectedConditions.java:290)
	at org.openqa.selenium.support.ui.ExpectedConditions$23.apply(ExpectedConditions.java:660)
	at org.openqa.selenium.support.ui.ExpectedConditions$23.apply(ExpectedConditions.java:656)
	at org.openqa.selenium.support.ui.FluentWait.until(FluentWait.java:208)
	at page.BasePage.waitForClickable(BasePage.java:59)
	at page.BasePage.doClick(BasePage.java:24)
	at page.HomePage.clickRawatInap(HomePage.java:87)
	at test.rawatinap.FilterRITest.verifyFilterRegDateListRI(FilterRITest.java:65)
	at java.base/jdk.internal.reflect.NativeMethodAccessorImpl.invoke0(Native Method)
	at java.base/jdk.internal.reflect.NativeMethodAccessorImpl.invoke(NativeMethodAccessorImpl.java:77)
	at java.base/jdk.internal.reflect.DelegatingMethodAccessorImpl.invoke(DelegatingMethodAccessorImpl.java:43)
	at java.base/java.lang.reflect.Method.invoke(Method.java:568)
	at org.testng.internal.MethodInvocationHelper.invokeMethod(MethodInvocationHelper.java:124)
	at org.testng.internal.Invoker.invokeMethod(Invoker.java:583)
	at org.testng.internal.Invoker.invokeTestMethod(Invoker.java:719)
	at org.testng.internal.Invoker.invokeTestMethods(Invoker.java:989)
	at org.testng.internal.TestMethodWorker.invokeTestMethods(TestMethodWorker.java:125)
	at org.testng.internal.TestMethodWorker.run(TestMethodWorker.java:109)
	at java.base/java.util.concurrent.ThreadPoolExecutor.runWorker(ThreadPoolExecutor.java:1136)
	at java.base/java.util.concurrent.ThreadPoolExecutor$Worker.run(ThreadPoolExecutor.java:635)
	at java.base/java.lang.Thread.run(Thread.java:833)
]]></failure>
    <system-err><![CDATA[1698977916525	RemoteAgent	INFO	Perform WebSocket upgrade for incoming connection from 127.0.0.1:63800
1698977916539	CDP	WARN	Invalid browser preferences for CDP. Set "fission.webContentIsolationStrategy"to 0 and "fission.bfcacheInParent" to false before Firefox starts.
1698977916547	Marionette	INFO	Stopped listening on port 63635
console.warn: services.settings: Ignoring preference override of remote settings server
console.warn: services.settings: Allow by setting MOZ_REMOTE_SETTINGS_DEVTOOLS=1 in the environment
console.error: (new TypeError("lazy.AsyncShutdown.profileBeforeChange is undefined", "resource://services-settings/Database.sys.mjs", 593))
Dynamically enable window occlusion 1
console.warn: services.settings: Ignoring preference override of remote settings server
console.warn: services.settings: Allow by setting MOZ_REMOTE_SETTINGS_DEVTOOLS=1 in the environment
console.error: (new TypeError("lazy.AsyncShutdown.profileBeforeChange is undefined", "resource://services-settings/Database.sys.mjs", 593))
]]></system-err>
  </testcase>
  <testcase name="verifyFilterNoKlaimNegListRI" classname="test.rawatinap.FilterRITest" time="2.109">
    <failure message="The element with the reference 5b935ff2-6ded-46c5-a21f-1dd8ea537260 is stale; either its node document is not the active document, or it is no longer connected to the DOM&#10;For documentation on this error, please visit: https://selenium.dev/exceptions/#stale_element_reference&#10;Build info: version: &apos;4.9.0&apos;, revision: &apos;d7057100a6&apos;&#10;System info: os.name: &apos;Windows 11&apos;, os.arch: &apos;amd64&apos;, os.version: &apos;10.0&apos;, java.version: &apos;17.0.7&apos;&#10;Driver info: org.openqa.selenium.firefox.FirefoxDriver&#10;Command: [ce730cda-9a20-4923-bb9a-d21bef987cc0, isElementDisplayed {id=5b935ff2-6ded-46c5-a21f-1dd8ea537260}]&#10;Capabilities {acceptInsecureCerts: true, browserName: firefox, browserVersion: 118.0.2, moz:accessibilityChecks: false, moz:buildID: 20231009140911, moz:debuggerAddress: 127.0.0.1:10779, moz:geckodriverVersion: 0.33.0, moz:headless: false, moz:platformVersion: 10.0, moz:processID: 36448, moz:profile: C:\Users\ARRUMI~1\AppData\L..., moz:shutdownTimeout: 60000, moz:webdriverClick: true, moz:windowless: false, pageLoadStrategy: normal, platformName: WINDOWS, proxy: Proxy(), se:cdp: ws://127.0.0.1:10779/devtoo..., se:cdpVersion: 85.0, setWindowRect: true, strictFileInteractability: false, timeouts: {implicit: 0, pageLoad: 300000, script: 30000}, unhandledPromptBehavior: dismiss and notify}&#10;Element: [[FirefoxDriver: firefox on WINDOWS (ce730cda-9a20-4923-bb9a-d21bef987cc0)] -&gt; xpath: //div[@data-testid=&apos;btnRawatInap&apos;]]&#10;Session ID: ce730cda-9a20-4923-bb9a-d21bef987cc0" type="org.openqa.selenium.StaleElementReferenceException"><![CDATA[org.openqa.selenium.StaleElementReferenceException: 
The element with the reference 5b935ff2-6ded-46c5-a21f-1dd8ea537260 is stale; either its node document is not the active document, or it is no longer connected to the DOM
For documentation on this error, please visit: https://selenium.dev/exceptions/#stale_element_reference
Build info: version: '4.9.0', revision: 'd7057100a6'
System info: os.name: 'Windows 11', os.arch: 'amd64', os.version: '10.0', java.version: '17.0.7'
Driver info: org.openqa.selenium.firefox.FirefoxDriver
Command: [ce730cda-9a20-4923-bb9a-d21bef987cc0, isElementDisplayed {id=5b935ff2-6ded-46c5-a21f-1dd8ea537260}]
Capabilities {acceptInsecureCerts: true, browserName: firefox, browserVersion: 118.0.2, moz:accessibilityChecks: false, moz:buildID: 20231009140911, moz:debuggerAddress: 127.0.0.1:10779, moz:geckodriverVersion: 0.33.0, moz:headless: false, moz:platformVersion: 10.0, moz:processID: 36448, moz:profile: C:\Users\ARRUMI~1\AppData\L..., moz:shutdownTimeout: 60000, moz:webdriverClick: true, moz:windowless: false, pageLoadStrategy: normal, platformName: WINDOWS, proxy: Proxy(), se:cdp: ws://127.0.0.1:10779/devtoo..., se:cdpVersion: 85.0, setWindowRect: true, strictFileInteractability: false, timeouts: {implicit: 0, pageLoad: 300000, script: 30000}, unhandledPromptBehavior: dismiss and notify}
Element: [[FirefoxDriver: firefox on WINDOWS (ce730cda-9a20-4923-bb9a-d21bef987cc0)] -> xpath: //div[@data-testid='btnRawatInap']]
Session ID: ce730cda-9a20-4923-bb9a-d21bef987cc0
	at java.base/jdk.internal.reflect.NativeConstructorAccessorImpl.newInstance0(Native Method)
	at java.base/jdk.internal.reflect.NativeConstructorAccessorImpl.newInstance(NativeConstructorAccessorImpl.java:77)
	at java.base/jdk.internal.reflect.DelegatingConstructorAccessorImpl.newInstance(DelegatingConstructorAccessorImpl.java:45)
	at java.base/java.lang.reflect.Constructor.newInstanceWithCaller(Constructor.java:499)
	at java.base/java.lang.reflect.Constructor.newInstance(Constructor.java:480)
	at org.openqa.selenium.remote.codec.w3c.W3CHttpResponseCodec.createException(W3CHttpResponseCodec.java:200)
	at org.openqa.selenium.remote.codec.w3c.W3CHttpResponseCodec.decode(W3CHttpResponseCodec.java:133)
	at org.openqa.selenium.remote.codec.w3c.W3CHttpResponseCodec.decode(W3CHttpResponseCodec.java:53)
	at org.openqa.selenium.remote.HttpCommandExecutor.execute(HttpCommandExecutor.java:193)
	at org.openqa.selenium.remote.service.DriverCommandExecutor.invokeExecute(DriverCommandExecutor.java:183)
	at org.openqa.selenium.remote.service.DriverCommandExecutor.execute(DriverCommandExecutor.java:158)
	at org.openqa.selenium.remote.RemoteWebDriver.execute(RemoteWebDriver.java:543)
	at org.openqa.selenium.remote.RemoteWebElement.execute(RemoteWebElement.java:257)
	at org.openqa.selenium.remote.RemoteWebElement.isDisplayed(RemoteWebElement.java:313)
	at jdk.internal.reflect.GeneratedMethodAccessor6.invoke(Unknown Source)
	at java.base/jdk.internal.reflect.DelegatingMethodAccessorImpl.invoke(DelegatingMethodAccessorImpl.java:43)
	at java.base/java.lang.reflect.Method.invoke(Method.java:568)
	at org.openqa.selenium.support.pagefactory.internal.LocatingElementHandler.invoke(LocatingElementHandler.java:52)
	at jdk.proxy2/jdk.proxy2.$Proxy19.isDisplayed(Unknown Source)
	at org.openqa.selenium.support.ui.ExpectedConditions.elementIfVisible(ExpectedConditions.java:307)
	at org.openqa.selenium.support.ui.ExpectedConditions.access$000(ExpectedConditions.java:40)
	at org.openqa.selenium.support.ui.ExpectedConditions$10.apply(ExpectedConditions.java:293)
	at org.openqa.selenium.support.ui.ExpectedConditions$10.apply(ExpectedConditions.java:290)
	at org.openqa.selenium.support.ui.ExpectedConditions$23.apply(ExpectedConditions.java:660)
	at org.openqa.selenium.support.ui.ExpectedConditions$23.apply(ExpectedConditions.java:656)
	at org.openqa.selenium.support.ui.FluentWait.until(FluentWait.java:208)
	at page.BasePage.waitForClickable(BasePage.java:59)
	at page.BasePage.doClick(BasePage.java:24)
	at page.HomePage.clickRawatInap(HomePage.java:87)
	at test.rawatinap.FilterRITest.verifyFilterNoKlaimNegListRI(FilterRITest.java:49)
	at java.base/jdk.internal.reflect.NativeMethodAccessorImpl.invoke0(Native Method)
	at java.base/jdk.internal.reflect.NativeMethodAccessorImpl.invoke(NativeMethodAccessorImpl.java:77)
	at java.base/jdk.internal.reflect.DelegatingMethodAccessorImpl.invoke(DelegatingMethodAccessorImpl.java:43)
	at java.base/java.lang.reflect.Method.invoke(Method.java:568)
	at org.testng.internal.MethodInvocationHelper.invokeMethod(MethodInvocationHelper.java:124)
	at org.testng.internal.Invoker.invokeMethod(Invoker.java:583)
	at org.testng.internal.Invoker.invokeTestMethod(Invoker.java:719)
	at org.testng.internal.Invoker.invokeTestMethods(Invoker.java:989)
	at org.testng.internal.TestMethodWorker.invokeTestMethods(TestMethodWorker.java:125)
	at org.testng.internal.TestMethodWorker.run(TestMethodWorker.java:109)
	at java.base/java.util.concurrent.ThreadPoolExecutor.runWorker(ThreadPoolExecutor.java:1136)
	at java.base/java.util.concurrent.ThreadPoolExecutor$Worker.run(ThreadPoolExecutor.java:635)
	at java.base/java.lang.Thread.run(Thread.java:833)
]]></failure>
    <system-err><![CDATA[1698977918964	RemoteAgent	INFO	Perform WebSocket upgrade for incoming connection from 127.0.0.1:63803
1698977918974	CDP	WARN	Invalid browser preferences for CDP. Set "fission.webContentIsolationStrategy"to 0 and "fission.bfcacheInParent" to false before Firefox starts.
1698977918977	Marionette	INFO	Stopped listening on port 63633
1698977919409	geckodriver	INFO	Listening on 127.0.0.1:6503
1698977919449	mozrunner::runner	INFO	Running command: "C:\\Program Files\\Mozilla Firefox\\firefox.exe" "--marionette" "--remote-debugging-port" "34551" "--remote ... alhost:34551/,http://[::1]:34551/" "-no-remote" "-profile" "C:\\Users\\ARRUMI~1\\AppData\\Local\\Temp\\rust_mozprofileVMJI2A"
Dynamically enable window occlusion 1
]]></system-err>
  </testcase>
  <testcase name="verifyFilterTransNoListRI" classname="test.rawatinap.FilterRITest" time="2.584">
    <failure message="The element with the reference 3822292b-d2c3-4c91-81aa-74ece6ed339b is stale; either its node document is not the active document, or it is no longer connected to the DOM&#10;For documentation on this error, please visit: https://selenium.dev/exceptions/#stale_element_reference&#10;Build info: version: &apos;4.9.0&apos;, revision: &apos;d7057100a6&apos;&#10;System info: os.name: &apos;Windows 11&apos;, os.arch: &apos;amd64&apos;, os.version: &apos;10.0&apos;, java.version: &apos;17.0.7&apos;&#10;Driver info: org.openqa.selenium.firefox.FirefoxDriver&#10;Command: [04fc6142-a823-4a61-a716-68b8dec8cfbf, isElementDisplayed {id=3822292b-d2c3-4c91-81aa-74ece6ed339b}]&#10;Capabilities {acceptInsecureCerts: true, browserName: firefox, browserVersion: 118.0.2, moz:accessibilityChecks: false, moz:buildID: 20231009140911, moz:debuggerAddress: 127.0.0.1:34551, moz:geckodriverVersion: 0.33.0, moz:headless: false, moz:platformVersion: 10.0, moz:processID: 64764, moz:profile: C:\Users\ARRUMI~1\AppData\L..., moz:shutdownTimeout: 60000, moz:webdriverClick: true, moz:windowless: false, pageLoadStrategy: normal, platformName: WINDOWS, proxy: Proxy(), se:cdp: ws://127.0.0.1:34551/devtoo..., se:cdpVersion: 85.0, setWindowRect: true, strictFileInteractability: false, timeouts: {implicit: 0, pageLoad: 300000, script: 30000}, unhandledPromptBehavior: dismiss and notify}&#10;Element: [[FirefoxDriver: firefox on WINDOWS (04fc6142-a823-4a61-a716-68b8dec8cfbf)] -&gt; xpath: //div[@data-testid=&apos;btnRawatInap&apos;]]&#10;Session ID: 04fc6142-a823-4a61-a716-68b8dec8cfbf" type="org.openqa.selenium.StaleElementReferenceException"><![CDATA[org.openqa.selenium.StaleElementReferenceException: 
The element with the reference 3822292b-d2c3-4c91-81aa-74ece6ed339b is stale; either its node document is not the active document, or it is no longer connected to the DOM
For documentation on this error, please visit: https://selenium.dev/exceptions/#stale_element_reference
Build info: version: '4.9.0', revision: 'd7057100a6'
System info: os.name: 'Windows 11', os.arch: 'amd64', os.version: '10.0', java.version: '17.0.7'
Driver info: org.openqa.selenium.firefox.FirefoxDriver
Command: [04fc6142-a823-4a61-a716-68b8dec8cfbf, isElementDisplayed {id=3822292b-d2c3-4c91-81aa-74ece6ed339b}]
Capabilities {acceptInsecureCerts: true, browserName: firefox, browserVersion: 118.0.2, moz:accessibilityChecks: false, moz:buildID: 20231009140911, moz:debuggerAddress: 127.0.0.1:34551, moz:geckodriverVersion: 0.33.0, moz:headless: false, moz:platformVersion: 10.0, moz:processID: 64764, moz:profile: C:\Users\ARRUMI~1\AppData\L..., moz:shutdownTimeout: 60000, moz:webdriverClick: true, moz:windowless: false, pageLoadStrategy: normal, platformName: WINDOWS, proxy: Proxy(), se:cdp: ws://127.0.0.1:34551/devtoo..., se:cdpVersion: 85.0, setWindowRect: true, strictFileInteractability: false, timeouts: {implicit: 0, pageLoad: 300000, script: 30000}, unhandledPromptBehavior: dismiss and notify}
Element: [[FirefoxDriver: firefox on WINDOWS (04fc6142-a823-4a61-a716-68b8dec8cfbf)] -> xpath: //div[@data-testid='btnRawatInap']]
Session ID: 04fc6142-a823-4a61-a716-68b8dec8cfbf
	at java.base/jdk.internal.reflect.NativeConstructorAccessorImpl.newInstance0(Native Method)
	at java.base/jdk.internal.reflect.NativeConstructorAccessorImpl.newInstance(NativeConstructorAccessorImpl.java:77)
	at java.base/jdk.internal.reflect.DelegatingConstructorAccessorImpl.newInstance(DelegatingConstructorAccessorImpl.java:45)
	at java.base/java.lang.reflect.Constructor.newInstanceWithCaller(Constructor.java:499)
	at java.base/java.lang.reflect.Constructor.newInstance(Constructor.java:480)
	at org.openqa.selenium.remote.codec.w3c.W3CHttpResponseCodec.createException(W3CHttpResponseCodec.java:200)
	at org.openqa.selenium.remote.codec.w3c.W3CHttpResponseCodec.decode(W3CHttpResponseCodec.java:133)
	at org.openqa.selenium.remote.codec.w3c.W3CHttpResponseCodec.decode(W3CHttpResponseCodec.java:53)
	at org.openqa.selenium.remote.HttpCommandExecutor.execute(HttpCommandExecutor.java:193)
	at org.openqa.selenium.remote.service.DriverCommandExecutor.invokeExecute(DriverCommandExecutor.java:183)
	at org.openqa.selenium.remote.service.DriverCommandExecutor.execute(DriverCommandExecutor.java:158)
	at org.openqa.selenium.remote.RemoteWebDriver.execute(RemoteWebDriver.java:543)
	at org.openqa.selenium.remote.RemoteWebElement.execute(RemoteWebElement.java:257)
	at org.openqa.selenium.remote.RemoteWebElement.isDisplayed(RemoteWebElement.java:313)
	at jdk.internal.reflect.GeneratedMethodAccessor6.invoke(Unknown Source)
	at java.base/jdk.internal.reflect.DelegatingMethodAccessorImpl.invoke(DelegatingMethodAccessorImpl.java:43)
	at java.base/java.lang.reflect.Method.invoke(Method.java:568)
	at org.openqa.selenium.support.pagefactory.internal.LocatingElementHandler.invoke(LocatingElementHandler.java:52)
	at jdk.proxy2/jdk.proxy2.$Proxy19.isDisplayed(Unknown Source)
	at org.openqa.selenium.support.ui.ExpectedConditions.elementIfVisible(ExpectedConditions.java:307)
	at org.openqa.selenium.support.ui.ExpectedConditions.access$000(ExpectedConditions.java:40)
	at org.openqa.selenium.support.ui.ExpectedConditions$10.apply(ExpectedConditions.java:293)
	at org.openqa.selenium.support.ui.ExpectedConditions$10.apply(ExpectedConditions.java:290)
	at org.openqa.selenium.support.ui.ExpectedConditions$23.apply(ExpectedConditions.java:660)
	at org.openqa.selenium.support.ui.ExpectedConditions$23.apply(ExpectedConditions.java:656)
	at org.openqa.selenium.support.ui.FluentWait.until(FluentWait.java:208)
	at page.BasePage.waitForClickable(BasePage.java:59)
	at page.BasePage.doClick(BasePage.java:24)
	at page.HomePage.clickRawatInap(HomePage.java:87)
	at test.rawatinap.FilterRITest.verifyFilterTransNoListRI(FilterRITest.java:99)
	at java.base/jdk.internal.reflect.NativeMethodAccessorImpl.invoke0(Native Method)
	at java.base/jdk.internal.reflect.NativeMethodAccessorImpl.invoke(NativeMethodAccessorImpl.java:77)
	at java.base/jdk.internal.reflect.DelegatingMethodAccessorImpl.invoke(DelegatingMethodAccessorImpl.java:43)
	at java.base/java.lang.reflect.Method.invoke(Method.java:568)
	at org.testng.internal.MethodInvocationHelper.invokeMethod(MethodInvocationHelper.java:124)
	at org.testng.internal.Invoker.invokeMethod(Invoker.java:583)
	at org.testng.internal.Invoker.invokeTestMethod(Invoker.java:719)
	at org.testng.internal.Invoker.invokeTestMethods(Invoker.java:989)
	at org.testng.internal.TestMethodWorker.invokeTestMethods(TestMethodWorker.java:125)
	at org.testng.internal.TestMethodWorker.run(TestMethodWorker.java:109)
	at java.base/java.util.concurrent.ThreadPoolExecutor.runWorker(ThreadPoolExecutor.java:1136)
	at java.base/java.util.concurrent.ThreadPoolExecutor$Worker.run(ThreadPoolExecutor.java:635)
	at java.base/java.lang.Thread.run(Thread.java:833)
]]></failure>
    <system-err><![CDATA[console.warn: services.settings: Ignoring preference override of remote settings server
console.warn: services.settings: Allow by setting MOZ_REMOTE_SETTINGS_DEVTOOLS=1 in the environment
1698977920173	RemoteAgent	INFO	Perform WebSocket upgrade for incoming connection from 127.0.0.1:63828
1698977920180	CDP	WARN	Invalid browser preferences for CDP. Set "fission.webContentIsolationStrategy"to 0 and "fission.bfcacheInParent" to false before Firefox starts.
1698977920187	Marionette	INFO	Stopped listening on port 63632
1698977920534	Marionette	INFO	Marionette enabled
Dynamically enable window occlusion 0
1698977920708	Marionette	INFO	Listening on port 63830
WebDriver BiDi listening on ws://127.0.0.1:34551
Read port: 63830
Dynamically enable window occlusion 1
1698977921169	RemoteAgent	WARN	TLS certificate errors will be ignored for this session
1698977921342	geckodriver	INFO	Listening on 127.0.0.1:29669
1698977921372	mozrunner::runner	INFO	Running command: "C:\\Program Files\\Mozilla Firefox\\firefox.exe" "--marionette" "--remote-debugging-port" "40564" "--remote ... alhost:40564/,http://[::1]:40564/" "-no-remote" "-profile" "C:\\Users\\ARRUMI~1\\AppData\\Local\\Temp\\rust_mozprofiletEgzOE"
console.warn: services.settings: Ignoring preference override of remote settings server
console.warn: services.settings: Allow by setting MOZ_REMOTE_SETTINGS_DEVTOOLS=1 in the environment
1698977922105	Marionette	INFO	Marionette enabled
Dynamically enable window occlusion 0
1698977922233	Marionette	INFO	Listening on port 63853
WebDriver BiDi listening on ws://127.0.0.1:40564
Read port: 63853
1698977922319	geckodriver	INFO	Listening on 127.0.0.1:21188
1698977922375	mozrunner::runner	INFO	Running command: "C:\\Program Files\\Mozilla Firefox\\firefox.exe" "--marionette" "--remote-debugging-port" "13357" "--remote ... alhost:13357/,http://[::1]:13357/" "-no-remote" "-profile" "C:\\Users\\ARRUMI~1\\AppData\\Local\\Temp\\rust_mozprofile0hqnqG"
1698977922590	RemoteAgent	WARN	TLS certificate errors will be ignored for this session
console.warn: services.settings: Ignoring preference override of remote settings server
console.warn: services.settings: Allow by setting MOZ_REMOTE_SETTINGS_DEVTOOLS=1 in the environment
1698977923041	Marionette	INFO	Marionette enabled
Dynamically enable window occlusion 0
1698977923168	Marionette	INFO	Listening on port 63878
WebDriver BiDi listening on ws://127.0.0.1:13357
Read port: 63878
DevTools listening on ws://127.0.0.1:34551/devtools/browser/3acd464e-9b81-49f9-ae3c-56b2ece1f5e5
1698977923730	RemoteAgent	WARN	TLS certificate errors will be ignored for this session
DevTools listening on ws://127.0.0.1:40564/devtools/browser/8d53550c-4e6a-410e-84fe-224658da0547
console.warn: LoginRecipes: "Falling back to a synchronous message for: https://iam-uat.meditap.id."
console.warn: LoginRecipes: "Falling back to a synchronous message for: https://iam-uat.meditap.id."
DevTools listening on ws://127.0.0.1:13357/devtools/browser/211f6640-1e1c-4d17-83c7-3d4eb44606fd
console.warn: services.settings: Ignoring preference override of remote settings server
console.warn: services.settings: Allow by setting MOZ_REMOTE_SETTINGS_DEVTOOLS=1 in the environment
console.error: (new TypeError("lazy.AsyncShutdown.profileBeforeChange is undefined", "resource://services-settings/Database.sys.mjs", 593))
console.warn: LoginRecipes: "Falling back to a synchronous message for: https://iam-uat.meditap.id."
console.warn: LoginRecipes: "Falling back to a synchronous message for: https://iam-uat.meditap.id."
console.warn: LoginRecipes: "Falling back to a synchronous message for: https://iam-uat.meditap.id."
console.warn: LoginRecipes: "Falling back to a synchronous message for: https://iam-uat.meditap.id."
]]></system-err>
  </testcase>
  <testcase name="verifyFilterNoKlaimListRI" classname="test.rawatinap.FilterRITest" time="6.21">
    <system-err><![CDATA[1698977929979	RemoteAgent	INFO	Perform WebSocket upgrade for incoming connection from 127.0.0.1:63976
1698977929988	CDP	WARN	Invalid browser preferences for CDP. Set "fission.webContentIsolationStrategy"to 0 and "fission.bfcacheInParent" to false before Firefox starts.
1698977930001	Marionette	INFO	Stopped listening on port 63830
console.warn: services.settings: Ignoring preference override of remote settings server
console.warn: services.settings: Allow by setting MOZ_REMOTE_SETTINGS_DEVTOOLS=1 in the environment
console.error: (new TypeError("lazy.AsyncShutdown.profileBeforeChange is undefined", "resource://services-settings/Database.sys.mjs", 593))
JavaScript warning: https://provider-uat.meditap.id/_next/static/chunks/framework-2645a99191cfc5e9.js, line 9: Script terminated by timeout at:
nU@https://provider-uat.meditap.id/_next/static/chunks/framework-2645a99191cfc5e9.js:9:20809

console.warn: services.settings: Ignoring preference override of remote settings server
console.warn: services.settings: Allow by setting MOZ_REMOTE_SETTINGS_DEVTOOLS=1 in the environment
console.error: (new TypeError("lazy.AsyncShutdown.profileBeforeChange is undefined", "resource://services-settings/Database.sys.mjs", 593))
Dynamically enable window occlusion 1
console.error: ({})
1698977933323	geckodriver	INFO	Listening on 127.0.0.1:2249
1698977933357	mozrunner::runner	INFO	Running command: "C:\\Program Files\\Mozilla Firefox\\firefox.exe" "--marionette" "--remote-debugging-port" "17564" "--remote ... alhost:17564/,http://[::1]:17564/" "-no-remote" "-profile" "C:\\Users\\ARRUMI~1\\AppData\\Local\\Temp\\rust_mozprofileSxnhMB"
console.warn: services.settings: Ignoring preference override of remote settings server
console.warn: services.settings: Allow by setting MOZ_REMOTE_SETTINGS_DEVTOOLS=1 in the environment
1698977933811	Marionette	INFO	Marionette enabled
Dynamically enable window occlusion 0
1698977933898	Marionette	INFO	Listening on port 63994
WebDriver BiDi listening on ws://127.0.0.1:17564
Read port: 63994
1698977934115	RemoteAgent	WARN	TLS certificate errors will be ignored for this session
DevTools listening on ws://127.0.0.1:17564/devtools/browser/75be3525-e3f7-4ee8-9c57-ec358456d73b
]]></system-err>
  </testcase>
  <testcase name="verifyFilterCardNoNegListRI" classname="test.rawatinap.FilterRITest" time="2.085">
    <failure message="The element with the reference b1c7411e-df6d-4d9e-bb90-1348f7656221 is stale; either its node document is not the active document, or it is no longer connected to the DOM&#10;For documentation on this error, please visit: https://selenium.dev/exceptions/#stale_element_reference&#10;Build info: version: &apos;4.9.0&apos;, revision: &apos;d7057100a6&apos;&#10;System info: os.name: &apos;Windows 11&apos;, os.arch: &apos;amd64&apos;, os.version: &apos;10.0&apos;, java.version: &apos;17.0.7&apos;&#10;Driver info: org.openqa.selenium.firefox.FirefoxDriver&#10;Command: [c4ecf63b-5517-4adf-ba38-f3ef5c90a1c6, isElementDisplayed {id=b1c7411e-df6d-4d9e-bb90-1348f7656221}]&#10;Capabilities {acceptInsecureCerts: true, browserName: firefox, browserVersion: 118.0.2, moz:accessibilityChecks: false, moz:buildID: 20231009140911, moz:debuggerAddress: 127.0.0.1:17564, moz:geckodriverVersion: 0.33.0, moz:headless: false, moz:platformVersion: 10.0, moz:processID: 25904, moz:profile: C:\Users\ARRUMI~1\AppData\L..., moz:shutdownTimeout: 60000, moz:webdriverClick: true, moz:windowless: false, pageLoadStrategy: normal, platformName: WINDOWS, proxy: Proxy(), se:cdp: ws://127.0.0.1:17564/devtoo..., se:cdpVersion: 85.0, setWindowRect: true, strictFileInteractability: false, timeouts: {implicit: 0, pageLoad: 300000, script: 30000}, unhandledPromptBehavior: dismiss and notify}&#10;Element: [[FirefoxDriver: firefox on WINDOWS (c4ecf63b-5517-4adf-ba38-f3ef5c90a1c6)] -&gt; xpath: //div[@data-testid=&apos;btnRawatInap&apos;]]&#10;Session ID: c4ecf63b-5517-4adf-ba38-f3ef5c90a1c6" type="org.openqa.selenium.StaleElementReferenceException"><![CDATA[org.openqa.selenium.StaleElementReferenceException: 
The element with the reference b1c7411e-df6d-4d9e-bb90-1348f7656221 is stale; either its node document is not the active document, or it is no longer connected to the DOM
For documentation on this error, please visit: https://selenium.dev/exceptions/#stale_element_reference
Build info: version: '4.9.0', revision: 'd7057100a6'
System info: os.name: 'Windows 11', os.arch: 'amd64', os.version: '10.0', java.version: '17.0.7'
Driver info: org.openqa.selenium.firefox.FirefoxDriver
Command: [c4ecf63b-5517-4adf-ba38-f3ef5c90a1c6, isElementDisplayed {id=b1c7411e-df6d-4d9e-bb90-1348f7656221}]
Capabilities {acceptInsecureCerts: true, browserName: firefox, browserVersion: 118.0.2, moz:accessibilityChecks: false, moz:buildID: 20231009140911, moz:debuggerAddress: 127.0.0.1:17564, moz:geckodriverVersion: 0.33.0, moz:headless: false, moz:platformVersion: 10.0, moz:processID: 25904, moz:profile: C:\Users\ARRUMI~1\AppData\L..., moz:shutdownTimeout: 60000, moz:webdriverClick: true, moz:windowless: false, pageLoadStrategy: normal, platformName: WINDOWS, proxy: Proxy(), se:cdp: ws://127.0.0.1:17564/devtoo..., se:cdpVersion: 85.0, setWindowRect: true, strictFileInteractability: false, timeouts: {implicit: 0, pageLoad: 300000, script: 30000}, unhandledPromptBehavior: dismiss and notify}
Element: [[FirefoxDriver: firefox on WINDOWS (c4ecf63b-5517-4adf-ba38-f3ef5c90a1c6)] -> xpath: //div[@data-testid='btnRawatInap']]
Session ID: c4ecf63b-5517-4adf-ba38-f3ef5c90a1c6
	at java.base/jdk.internal.reflect.NativeConstructorAccessorImpl.newInstance0(Native Method)
	at java.base/jdk.internal.reflect.NativeConstructorAccessorImpl.newInstance(NativeConstructorAccessorImpl.java:77)
	at java.base/jdk.internal.reflect.DelegatingConstructorAccessorImpl.newInstance(DelegatingConstructorAccessorImpl.java:45)
	at java.base/java.lang.reflect.Constructor.newInstanceWithCaller(Constructor.java:499)
	at java.base/java.lang.reflect.Constructor.newInstance(Constructor.java:480)
	at org.openqa.selenium.remote.codec.w3c.W3CHttpResponseCodec.createException(W3CHttpResponseCodec.java:200)
	at org.openqa.selenium.remote.codec.w3c.W3CHttpResponseCodec.decode(W3CHttpResponseCodec.java:133)
	at org.openqa.selenium.remote.codec.w3c.W3CHttpResponseCodec.decode(W3CHttpResponseCodec.java:53)
	at org.openqa.selenium.remote.HttpCommandExecutor.execute(HttpCommandExecutor.java:193)
	at org.openqa.selenium.remote.service.DriverCommandExecutor.invokeExecute(DriverCommandExecutor.java:183)
	at org.openqa.selenium.remote.service.DriverCommandExecutor.execute(DriverCommandExecutor.java:158)
	at org.openqa.selenium.remote.RemoteWebDriver.execute(RemoteWebDriver.java:543)
	at org.openqa.selenium.remote.RemoteWebElement.execute(RemoteWebElement.java:257)
	at org.openqa.selenium.remote.RemoteWebElement.isDisplayed(RemoteWebElement.java:313)
	at jdk.internal.reflect.GeneratedMethodAccessor6.invoke(Unknown Source)
	at java.base/jdk.internal.reflect.DelegatingMethodAccessorImpl.invoke(DelegatingMethodAccessorImpl.java:43)
	at java.base/java.lang.reflect.Method.invoke(Method.java:568)
	at org.openqa.selenium.support.pagefactory.internal.LocatingElementHandler.invoke(LocatingElementHandler.java:52)
	at jdk.proxy2/jdk.proxy2.$Proxy19.isDisplayed(Unknown Source)
	at org.openqa.selenium.support.ui.ExpectedConditions.elementIfVisible(ExpectedConditions.java:307)
	at org.openqa.selenium.support.ui.ExpectedConditions.access$000(ExpectedConditions.java:40)
	at org.openqa.selenium.support.ui.ExpectedConditions$10.apply(ExpectedConditions.java:293)
	at org.openqa.selenium.support.ui.ExpectedConditions$10.apply(ExpectedConditions.java:290)
	at org.openqa.selenium.support.ui.ExpectedConditions$23.apply(ExpectedConditions.java:660)
	at org.openqa.selenium.support.ui.ExpectedConditions$23.apply(ExpectedConditions.java:656)
	at org.openqa.selenium.support.ui.FluentWait.until(FluentWait.java:208)
	at page.BasePage.waitForClickable(BasePage.java:59)
	at page.BasePage.doClick(BasePage.java:24)
	at page.HomePage.clickRawatInap(HomePage.java:87)
	at test.rawatinap.FilterRITest.verifyFilterCardNoNegListRI(FilterRITest.java:153)
	at java.base/jdk.internal.reflect.NativeMethodAccessorImpl.invoke0(Native Method)
	at java.base/jdk.internal.reflect.NativeMethodAccessorImpl.invoke(NativeMethodAccessorImpl.java:77)
	at java.base/jdk.internal.reflect.DelegatingMethodAccessorImpl.invoke(DelegatingMethodAccessorImpl.java:43)
	at java.base/java.lang.reflect.Method.invoke(Method.java:568)
	at org.testng.internal.MethodInvocationHelper.invokeMethod(MethodInvocationHelper.java:124)
	at org.testng.internal.Invoker.invokeMethod(Invoker.java:583)
	at org.testng.internal.Invoker.invokeTestMethod(Invoker.java:719)
	at org.testng.internal.Invoker.invokeTestMethods(Invoker.java:989)
	at org.testng.internal.TestMethodWorker.invokeTestMethods(TestMethodWorker.java:125)
	at org.testng.internal.TestMethodWorker.run(TestMethodWorker.java:109)
	at java.base/java.util.concurrent.ThreadPoolExecutor.runWorker(ThreadPoolExecutor.java:1136)
	at java.base/java.util.concurrent.ThreadPoolExecutor$Worker.run(ThreadPoolExecutor.java:635)
	at java.base/java.lang.Thread.run(Thread.java:833)
]]></failure>
    <system-err><![CDATA[1698977937541	RemoteAgent	INFO	Perform WebSocket upgrade for incoming connection from 127.0.0.1:64034
1698977937550	CDP	WARN	Invalid browser preferences for CDP. Set "fission.webContentIsolationStrategy"to 0 and "fission.bfcacheInParent" to false before Firefox starts.
1698977937560	Marionette	INFO	Stopped listening on port 63634
console.warn: LoginRecipes: "Falling back to a synchronous message for: https://iam-uat.meditap.id."
console.warn: LoginRecipes: "Falling back to a synchronous message for: https://iam-uat.meditap.id."
Dynamically enable window occlusion 1
console.warn: services.settings: Ignoring preference override of remote settings server
console.warn: services.settings: Allow by setting MOZ_REMOTE_SETTINGS_DEVTOOLS=1 in the environment
console.error: (new TypeError("lazy.AsyncShutdown.profileBeforeChange is undefined", "resource://services-settings/Database.sys.mjs", 593))
1698977940306	geckodriver	INFO	Listening on 127.0.0.1:31078
1698977940345	mozrunner::runner	INFO	Running command: "C:\\Program Files\\Mozilla Firefox\\firefox.exe" "--marionette" "--remote-debugging-port" "36700" "--remote ... alhost:36700/,http://[::1]:36700/" "-no-remote" "-profile" "C:\\Users\\ARRUMI~1\\AppData\\Local\\Temp\\rust_mozprofileQptqx0"
console.warn: services.settings: Ignoring preference override of remote settings server
console.warn: services.settings: Allow by setting MOZ_REMOTE_SETTINGS_DEVTOOLS=1 in the environment
1698977940958	Marionette	INFO	Marionette enabled
Dynamically enable window occlusion 0
1698977941086	Marionette	INFO	Listening on port 64089
WebDriver BiDi listening on ws://127.0.0.1:36700
Read port: 64089
1698977941473	RemoteAgent	WARN	TLS certificate errors will be ignored for this session
]]></system-err>
  </testcase>
  <testcase name="verifyFilterTransNoNegListRI" classname="test.rawatinap.FilterRITest" time="8.753">
    <system-err><![CDATA[1698977942367	RemoteAgent	INFO	Perform WebSocket upgrade for incoming connection from 127.0.0.1:64100
1698977942375	CDP	WARN	Invalid browser preferences for CDP. Set "fission.webContentIsolationStrategy"to 0 and "fission.bfcacheInParent" to false before Firefox starts.
1698977942379	Marionette	INFO	Stopped listening on port 63994
Dynamically enable window occlusion 1
DevTools listening on ws://127.0.0.1:36700/devtools/browser/97d219e6-3490-48f7-a152-f85de15fc478
1698977944515	geckodriver	INFO	Listening on 127.0.0.1:39482
1698977944538	mozrunner::runner	INFO	Running command: "C:\\Program Files\\Mozilla Firefox\\firefox.exe" "--marionette" "--remote-debugging-port" "44910" "--remote ... alhost:44910/,http://[::1]:44910/" "-no-remote" "-profile" "C:\\Users\\ARRUMI~1\\AppData\\Local\\Temp\\rust_mozprofilepPLcad"
console.warn: services.settings: Ignoring preference override of remote settings server
console.warn: services.settings: Allow by setting MOZ_REMOTE_SETTINGS_DEVTOOLS=1 in the environment
1698977945204	Marionette	INFO	Marionette enabled
Dynamically enable window occlusion 0
1698977945358	Marionette	INFO	Listening on port 64130
WebDriver BiDi listening on ws://127.0.0.1:44910
Read port: 64130
1698977945746	RemoteAgent	WARN	TLS certificate errors will be ignored for this session
console.warn: LoginRecipes: "Falling back to a synchronous message for: https://iam-uat.meditap.id."
console.warn: LoginRecipes: "Falling back to a synchronous message for: https://iam-uat.meditap.id."
DevTools listening on ws://127.0.0.1:44910/devtools/browser/7ae5f166-5476-42c9-9d37-e31f92ea6a4c
]]></system-err>
  </testcase>
  <testcase name="verifyFilterCardNoListRI" classname="test.rawatinap.FilterRITest" time="0.221">
    <system-err><![CDATA[1698977948895	RemoteAgent	INFO	Perform WebSocket upgrade for incoming connection from 127.0.0.1:64166
1698977948900	CDP	WARN	Invalid browser preferences for CDP. Set "fission.webContentIsolationStrategy"to 0 and "fission.bfcacheInParent" to false before Firefox starts.
1698977948908	Marionette	INFO	Stopped listening on port 63853
console.warn: LoginRecipes: "Falling back to a synchronous message for: https://iam-uat.meditap.id."
console.warn: LoginRecipes: "Falling back to a synchronous message for: https://iam-uat.meditap.id."
console.warn: services.settings: Ignoring preference override of remote settings server
console.warn: services.settings: Allow by setting MOZ_REMOTE_SETTINGS_DEVTOOLS=1 in the environment
console.error: (new TypeError("lazy.AsyncShutdown.profileBeforeChange is undefined", "resource://services-settings/Database.sys.mjs", 593))
]]></system-err>
  </testcase>
  <testcase name="verifyFilterParticipantNameNegListRI" classname="test.rawatinap.FilterRITest" time="2.223">
    <failure message="The element with the reference 3a1fa5bc-0d10-4d7f-95ee-2c95cf79f28c is stale; either its node document is not the active document, or it is no longer connected to the DOM&#10;For documentation on this error, please visit: https://selenium.dev/exceptions/#stale_element_reference&#10;Build info: version: &apos;4.9.0&apos;, revision: &apos;d7057100a6&apos;&#10;System info: os.name: &apos;Windows 11&apos;, os.arch: &apos;amd64&apos;, os.version: &apos;10.0&apos;, java.version: &apos;17.0.7&apos;&#10;Driver info: org.openqa.selenium.firefox.FirefoxDriver&#10;Command: [ce2e2447-6495-4d5f-9a49-c18acd4724ee, isElementDisplayed {id=3a1fa5bc-0d10-4d7f-95ee-2c95cf79f28c}]&#10;Capabilities {acceptInsecureCerts: true, browserName: firefox, browserVersion: 118.0.2, moz:accessibilityChecks: false, moz:buildID: 20231009140911, moz:debuggerAddress: 127.0.0.1:44910, moz:geckodriverVersion: 0.33.0, moz:headless: false, moz:platformVersion: 10.0, moz:processID: 3140, moz:profile: C:\Users\ARRUMI~1\AppData\L..., moz:shutdownTimeout: 60000, moz:webdriverClick: true, moz:windowless: false, pageLoadStrategy: normal, platformName: WINDOWS, proxy: Proxy(), se:cdp: ws://127.0.0.1:44910/devtoo..., se:cdpVersion: 85.0, setWindowRect: true, strictFileInteractability: false, timeouts: {implicit: 0, pageLoad: 300000, script: 30000}, unhandledPromptBehavior: dismiss and notify}&#10;Element: [[FirefoxDriver: firefox on WINDOWS (ce2e2447-6495-4d5f-9a49-c18acd4724ee)] -&gt; xpath: //div[@data-testid=&apos;btnRawatInap&apos;]]&#10;Session ID: ce2e2447-6495-4d5f-9a49-c18acd4724ee" type="org.openqa.selenium.StaleElementReferenceException"><![CDATA[org.openqa.selenium.StaleElementReferenceException: 
The element with the reference 3a1fa5bc-0d10-4d7f-95ee-2c95cf79f28c is stale; either its node document is not the active document, or it is no longer connected to the DOM
For documentation on this error, please visit: https://selenium.dev/exceptions/#stale_element_reference
Build info: version: '4.9.0', revision: 'd7057100a6'
System info: os.name: 'Windows 11', os.arch: 'amd64', os.version: '10.0', java.version: '17.0.7'
Driver info: org.openqa.selenium.firefox.FirefoxDriver
Command: [ce2e2447-6495-4d5f-9a49-c18acd4724ee, isElementDisplayed {id=3a1fa5bc-0d10-4d7f-95ee-2c95cf79f28c}]
Capabilities {acceptInsecureCerts: true, browserName: firefox, browserVersion: 118.0.2, moz:accessibilityChecks: false, moz:buildID: 20231009140911, moz:debuggerAddress: 127.0.0.1:44910, moz:geckodriverVersion: 0.33.0, moz:headless: false, moz:platformVersion: 10.0, moz:processID: 3140, moz:profile: C:\Users\ARRUMI~1\AppData\L..., moz:shutdownTimeout: 60000, moz:webdriverClick: true, moz:windowless: false, pageLoadStrategy: normal, platformName: WINDOWS, proxy: Proxy(), se:cdp: ws://127.0.0.1:44910/devtoo..., se:cdpVersion: 85.0, setWindowRect: true, strictFileInteractability: false, timeouts: {implicit: 0, pageLoad: 300000, script: 30000}, unhandledPromptBehavior: dismiss and notify}
Element: [[FirefoxDriver: firefox on WINDOWS (ce2e2447-6495-4d5f-9a49-c18acd4724ee)] -> xpath: //div[@data-testid='btnRawatInap']]
Session ID: ce2e2447-6495-4d5f-9a49-c18acd4724ee
	at java.base/jdk.internal.reflect.NativeConstructorAccessorImpl.newInstance0(Native Method)
	at java.base/jdk.internal.reflect.NativeConstructorAccessorImpl.newInstance(NativeConstructorAccessorImpl.java:77)
	at java.base/jdk.internal.reflect.DelegatingConstructorAccessorImpl.newInstance(DelegatingConstructorAccessorImpl.java:45)
	at java.base/java.lang.reflect.Constructor.newInstanceWithCaller(Constructor.java:499)
	at java.base/java.lang.reflect.Constructor.newInstance(Constructor.java:480)
	at org.openqa.selenium.remote.codec.w3c.W3CHttpResponseCodec.createException(W3CHttpResponseCodec.java:200)
	at org.openqa.selenium.remote.codec.w3c.W3CHttpResponseCodec.decode(W3CHttpResponseCodec.java:133)
	at org.openqa.selenium.remote.codec.w3c.W3CHttpResponseCodec.decode(W3CHttpResponseCodec.java:53)
	at org.openqa.selenium.remote.HttpCommandExecutor.execute(HttpCommandExecutor.java:193)
	at org.openqa.selenium.remote.service.DriverCommandExecutor.invokeExecute(DriverCommandExecutor.java:183)
	at org.openqa.selenium.remote.service.DriverCommandExecutor.execute(DriverCommandExecutor.java:158)
	at org.openqa.selenium.remote.RemoteWebDriver.execute(RemoteWebDriver.java:543)
	at org.openqa.selenium.remote.RemoteWebElement.execute(RemoteWebElement.java:257)
	at org.openqa.selenium.remote.RemoteWebElement.isDisplayed(RemoteWebElement.java:313)
	at jdk.internal.reflect.GeneratedMethodAccessor6.invoke(Unknown Source)
	at java.base/jdk.internal.reflect.DelegatingMethodAccessorImpl.invoke(DelegatingMethodAccessorImpl.java:43)
	at java.base/java.lang.reflect.Method.invoke(Method.java:568)
	at org.openqa.selenium.support.pagefactory.internal.LocatingElementHandler.invoke(LocatingElementHandler.java:52)
	at jdk.proxy2/jdk.proxy2.$Proxy19.isDisplayed(Unknown Source)
	at org.openqa.selenium.support.ui.ExpectedConditions.elementIfVisible(ExpectedConditions.java:307)
	at org.openqa.selenium.support.ui.ExpectedConditions.access$000(ExpectedConditions.java:40)
	at org.openqa.selenium.support.ui.ExpectedConditions$10.apply(ExpectedConditions.java:293)
	at org.openqa.selenium.support.ui.ExpectedConditions$10.apply(ExpectedConditions.java:290)
	at org.openqa.selenium.support.ui.ExpectedConditions$23.apply(ExpectedConditions.java:660)
	at org.openqa.selenium.support.ui.ExpectedConditions$23.apply(ExpectedConditions.java:656)
	at org.openqa.selenium.support.ui.FluentWait.until(FluentWait.java:208)
	at page.BasePage.waitForClickable(BasePage.java:59)
	at page.BasePage.doClick(BasePage.java:24)
	at page.HomePage.clickRawatInap(HomePage.java:87)
	at test.rawatinap.FilterRITest.verifyFilterParticipantNameNegListRI(FilterRITest.java:188)
	at java.base/jdk.internal.reflect.NativeMethodAccessorImpl.invoke0(Native Method)
	at java.base/jdk.internal.reflect.NativeMethodAccessorImpl.invoke(NativeMethodAccessorImpl.java:77)
	at java.base/jdk.internal.reflect.DelegatingMethodAccessorImpl.invoke(DelegatingMethodAccessorImpl.java:43)
	at java.base/java.lang.reflect.Method.invoke(Method.java:568)
	at org.testng.internal.MethodInvocationHelper.invokeMethod(MethodInvocationHelper.java:124)
	at org.testng.internal.Invoker.invokeMethod(Invoker.java:583)
	at org.testng.internal.Invoker.invokeTestMethod(Invoker.java:719)
	at org.testng.internal.Invoker.invokeTestMethods(Invoker.java:989)
	at org.testng.internal.TestMethodWorker.invokeTestMethods(TestMethodWorker.java:125)
	at org.testng.internal.TestMethodWorker.run(TestMethodWorker.java:109)
	at java.base/java.util.concurrent.ThreadPoolExecutor.runWorker(ThreadPoolExecutor.java:1136)
	at java.base/java.util.concurrent.ThreadPoolExecutor$Worker.run(ThreadPoolExecutor.java:635)
	at java.base/java.lang.Thread.run(Thread.java:833)
]]></failure>
    <system-err><![CDATA[1698977950185	RemoteAgent	INFO	Perform WebSocket upgrade for incoming connection from 127.0.0.1:64177
1698977950197	CDP	WARN	Invalid browser preferences for CDP. Set "fission.webContentIsolationStrategy"to 0 and "fission.bfcacheInParent" to false before Firefox starts.
1698977950208	Marionette	INFO	Stopped listening on port 63878
JavaScript warning: https://provider-uat.meditap.id/_next/static/chunks/framework-2645a99191cfc5e9.js, line 9: Script terminated by timeout at:
nU@https://provider-uat.meditap.id/_next/static/chunks/framework-2645a99191cfc5e9.js:9:20809

Dynamically enable window occlusion 1
Dynamically enable window occlusion 1
1698977952074	geckodriver	INFO	Listening on 127.0.0.1:7750
1698977952102	mozrunner::runner	INFO	Running command: "C:\\Program Files\\Mozilla Firefox\\firefox.exe" "--marionette" "--remote-debugging-port" "4307" "--remote- ... ocalhost:4307/,http://[::1]:4307/" "-no-remote" "-profile" "C:\\Users\\ARRUMI~1\\AppData\\Local\\Temp\\rust_mozprofilezSb4D9"
console.warn: services.settings: Ignoring preference override of remote settings server
console.warn: services.settings: Allow by setting MOZ_REMOTE_SETTINGS_DEVTOOLS=1 in the environment
1698977952704	Marionette	INFO	Marionette enabled
Dynamically enable window occlusion 0
1698977952752	geckodriver	INFO	Listening on 127.0.0.1:43194
1698977952775	mozrunner::runner	INFO	Running command: "C:\\Program Files\\Mozilla Firefox\\firefox.exe" "--marionette" "--remote-debugging-port" "25476" "--remote ... alhost:25476/,http://[::1]:25476/" "-no-remote" "-profile" "C:\\Users\\ARRUMI~1\\AppData\\Local\\Temp\\rust_mozprofiletA4XXt"
1698977952845	Marionette	INFO	Listening on port 64192
WebDriver BiDi listening on ws://127.0.0.1:4307
Read port: 64192
console.warn: services.settings: Ignoring preference override of remote settings server
console.warn: services.settings: Allow by setting MOZ_REMOTE_SETTINGS_DEVTOOLS=1 in the environment
console.warn: services.settings: Ignoring preference override of remote settings server
console.warn: services.settings: Allow by setting MOZ_REMOTE_SETTINGS_DEVTOOLS=1 in the environment
console.error: (new TypeError("lazy.AsyncShutdown.profileBeforeChange is undefined", "resource://services-settings/Database.sys.mjs", 593))
1698977953315	RemoteAgent	WARN	TLS certificate errors will be ignored for this session
1698977953641	Marionette	INFO	Marionette enabled
Dynamically enable window occlusion 0
1698977953787	Marionette	INFO	Listening on port 64208
WebDriver BiDi listening on ws://127.0.0.1:25476
Read port: 64208
1698977954323	RemoteAgent	WARN	TLS certificate errors will be ignored for this session
]]></system-err>
  </testcase>
  <testcase name="verifyFilterParticipantNameListRI" classname="test.rawatinap.FilterRITest" time="4.922">
    <system-err><![CDATA[1698977955638	RemoteAgent	INFO	Perform WebSocket upgrade for incoming connection from 127.0.0.1:64229
1698977955642	CDP	WARN	Invalid browser preferences for CDP. Set "fission.webContentIsolationStrategy"to 0 and "fission.bfcacheInParent" to false before Firefox starts.
1698977955648	Marionette	INFO	Stopped listening on port 64130
DevTools listening on ws://127.0.0.1:4307/devtools/browser/b433c77d-da62-49e0-8973-3c1141abc317
Dynamically enable window occlusion 1
DevTools listening on ws://127.0.0.1:25476/devtools/browser/5c34ea57-c55d-4a7f-a87e-04d175e93589
1698977957655	geckodriver	INFO	Listening on 127.0.0.1:6270
1698977957684	mozrunner::runner	INFO	Running command: "C:\\Program Files\\Mozilla Firefox\\firefox.exe" "--marionette" "--remote-debugging-port" "22917" "--remote ... alhost:22917/,http://[::1]:22917/" "-no-remote" "-profile" "C:\\Users\\ARRUMI~1\\AppData\\Local\\Temp\\rust_mozprofileL9WqH2"
console.warn: LoginRecipes: "Falling back to a synchronous message for: https://iam-uat.meditap.id."
console.warn: LoginRecipes: "Falling back to a synchronous message for: https://iam-uat.meditap.id."
console.warn: services.settings: Ignoring preference override of remote settings server
console.warn: services.settings: Allow by setting MOZ_REMOTE_SETTINGS_DEVTOOLS=1 in the environment
1698977958766	Marionette	INFO	Marionette enabled
Dynamically enable window occlusion 0
console.warn: LoginRecipes: "Falling back to a synchronous message for: https://iam-uat.meditap.id."
console.warn: LoginRecipes: "Falling back to a synchronous message for: https://iam-uat.meditap.id."
1698977958923	Marionette	INFO	Listening on port 64300
WebDriver BiDi listening on ws://127.0.0.1:22917
Read port: 64300
1698977959308	RemoteAgent	WARN	TLS certificate errors will be ignored for this session
console.warn: services.settings: Ignoring preference override of remote settings server
console.warn: services.settings: Allow by setting MOZ_REMOTE_SETTINGS_DEVTOOLS=1 in the environment
console.error: (new TypeError("lazy.AsyncShutdown.profileBeforeChange is undefined", "resource://services-settings/Database.sys.mjs", 593))
console.warn: services.settings: Ignoring preference override of remote settings server
console.warn: services.settings: Allow by setting MOZ_REMOTE_SETTINGS_DEVTOOLS=1 in the environment
console.error: (new TypeError("lazy.AsyncShutdown.profileBeforeChange is undefined", "resource://services-settings/Database.sys.mjs", 593))
DevTools listening on ws://127.0.0.1:22917/devtools/browser/5645c6b1-2326-44aa-b7cb-8b96672a1b7b
console.warn: LoginRecipes: "Falling back to a synchronous message for: https://iam-uat.meditap.id."
console.warn: LoginRecipes: "Falling back to a synchronous message for: https://iam-uat.meditap.id."
console.warn: services.settings: Ignoring preference override of remote settings server
console.warn: services.settings: Allow by setting MOZ_REMOTE_SETTINGS_DEVTOOLS=1 in the environment
console.error: (new TypeError("lazy.AsyncShutdown.profileBeforeChange is undefined", "resource://services-settings/Database.sys.mjs", 593))
]]></system-err>
  </testcase>
  <testcase name="verifyFilterStatusListRI" classname="test.rawatinap.FilterRITest" time="15.884">
    <system-err><![CDATA[1698977970872	RemoteAgent	INFO	Perform WebSocket upgrade for incoming connection from 127.0.0.1:64373
1698977970876	CDP	WARN	Invalid browser preferences for CDP. Set "fission.webContentIsolationStrategy"to 0 and "fission.bfcacheInParent" to false before Firefox starts.
1698977970884	Marionette	INFO	Stopped listening on port 64089
Dynamically enable window occlusion 1
1698977972471	addons.xpi	ERROR	System addon update list error Error: Failed downloading XML, status: 0, channelStatus: null, errorCode: 5, reason: error
]]></system-err>
  </testcase>
  <testcase name="verifyMultipleFilterListRI" classname="test.rawatinap.FilterRITest" time="18.461">
    <system-err><![CDATA[1698977981833	RemoteAgent	INFO	Perform WebSocket upgrade for incoming connection from 127.0.0.1:64379
1698977981836	CDP	WARN	Invalid browser preferences for CDP. Set "fission.webContentIsolationStrategy"to 0 and "fission.bfcacheInParent" to false before Firefox starts.
1698977981841	Marionette	INFO	Stopped listening on port 64208
JavaScript warning: https://provider-uat.meditap.id/_next/static/chunks/framework-2645a99191cfc5e9.js, line 9: Script terminated by timeout at:
nU@https://provider-uat.meditap.id/_next/static/chunks/framework-2645a99191cfc5e9.js:9:20809

Dynamically enable window occlusion 1
]]></system-err>
  </testcase>
  <testcase name="verifyFilterTypeTreatmentListRI" classname="test.rawatinap.FilterRITest" time="74.948">
    <failure message="Index 0 out of bounds for length 0" type="java.lang.IndexOutOfBoundsException"><![CDATA[java.lang.IndexOutOfBoundsException: Index 0 out of bounds for length 0
	at java.base/jdk.internal.util.Preconditions.outOfBounds(Preconditions.java:64)
	at java.base/jdk.internal.util.Preconditions.outOfBoundsCheckIndex(Preconditions.java:70)
	at java.base/jdk.internal.util.Preconditions.checkIndex(Preconditions.java:266)
	at java.base/java.util.Objects.checkIndex(Objects.java:359)
	at java.base/java.util.ArrayList.get(ArrayList.java:427)
	at java.base/jdk.internal.reflect.NativeMethodAccessorImpl.invoke0(Native Method)
	at java.base/jdk.internal.reflect.NativeMethodAccessorImpl.invoke(NativeMethodAccessorImpl.java:77)
	at java.base/jdk.internal.reflect.DelegatingMethodAccessorImpl.invoke(DelegatingMethodAccessorImpl.java:43)
	at java.base/java.lang.reflect.Method.invoke(Method.java:568)
	at org.openqa.selenium.support.pagefactory.internal.LocatingElementListHandler.invoke(LocatingElementListHandler.java:40)
	at jdk.proxy2/jdk.proxy2.$Proxy22.get(Unknown Source)
	at page.rawatinap.ListRIPage.verifyFilterJenisPerawatan(ListRIPage.java:292)
	at test.rawatinap.FilterRITest.verifyFilterTypeTreatmentListRI(FilterRITest.java:212)
	at java.base/jdk.internal.reflect.NativeMethodAccessorImpl.invoke0(Native Method)
	at java.base/jdk.internal.reflect.NativeMethodAccessorImpl.invoke(NativeMethodAccessorImpl.java:77)
	at java.base/jdk.internal.reflect.DelegatingMethodAccessorImpl.invoke(DelegatingMethodAccessorImpl.java:43)
	at java.base/java.lang.reflect.Method.invoke(Method.java:568)
	at org.testng.internal.MethodInvocationHelper.invokeMethod(MethodInvocationHelper.java:124)
	at org.testng.internal.Invoker.invokeMethod(Invoker.java:583)
	at org.testng.internal.Invoker.invokeTestMethod(Invoker.java:719)
	at org.testng.internal.Invoker.invokeTestMethods(Invoker.java:989)
	at org.testng.internal.TestMethodWorker.invokeTestMethods(TestMethodWorker.java:125)
	at org.testng.internal.TestMethodWorker.run(TestMethodWorker.java:109)
	at java.base/java.util.concurrent.ThreadPoolExecutor.runWorker(ThreadPoolExecutor.java:1136)
	at java.base/java.util.concurrent.ThreadPoolExecutor$Worker.run(ThreadPoolExecutor.java:635)
	at java.base/java.lang.Thread.run(Thread.java:833)
]]></failure>
    <system-err><![CDATA[1698977984408	RemoteAgent	INFO	Perform WebSocket upgrade for incoming connection from 127.0.0.1:64382
1698977984412	CDP	WARN	Invalid browser preferences for CDP. Set "fission.webContentIsolationStrategy"to 0 and "fission.bfcacheInParent" to false before Firefox starts.
1698977984418	Marionette	INFO	Stopped listening on port 64300
JavaScript warning: https://provider-uat.meditap.id/_next/static/chunks/framework-2645a99191cfc5e9.js, line 9: Script terminated by timeout at:
nU@https://provider-uat.meditap.id/_next/static/chunks/framework-2645a99191cfc5e9.js:9:20809

Dynamically enable window occlusion 1
]]></system-err>
  </testcase>
  <testcase name="verifyFilterNoKlaimListRJ" classname="test.rawatjalan.FilterRJTest" time="3.509">
[...]
JavaScript warning: https://provider-uat.meditap.id/_next/static/chunks/pages/_app-e5992026d1596dfd.js, line 222: Script terminated by timeout at:
94671/ed/eN/en.promise<@https://provider-uat.meditap.id/_next/static/chunks/pages/_app-e5992026d1596dfd.js:222:26842
eN@https://provider-uat.meditap.id/_next/static/chunks/pages/_app-e5992026d1596dfd.js:222:26788
eZ@https://provider-uat.meditap.id/_next/static/chunks/pages/_app-e5992026d1596dfd.js:222:28256
94671/ed/ej/<@https://provider-uat.meditap.id/_next/static/chunks/pages/_app-e5992026d1596dfd.js:222:28183

Dynamically enable window occlusion 1
1698978417077	geckodriver	INFO	Listening on 127.0.0.1:26243
1698978417097	mozrunner::runner	INFO	Running command: "C:\\Program Files\\Mozilla Firefox\\firefox.exe" "--marionette" "--remote-debugging-port" "13694" "--remote ... alhost:13694/,http://[::1]:13694/" "-no-remote" "-profile" "C:\\Users\\ARRUMI~1\\AppData\\Local\\Temp\\rust_mozprofile9VQHOQ"
console.warn: services.settings: Ignoring preference override of remote settings server
console.warn: services.settings: Allow by setting MOZ_REMOTE_SETTINGS_DEVTOOLS=1 in the environment
1698978417727	Marionette	INFO	Marionette enabled
Dynamically enable window occlusion 0
1698978417812	Marionette	INFO	Listening on port 50106
WebDriver BiDi listening on ws://127.0.0.1:13694
Read port: 50106
1698978418110	RemoteAgent	WARN	TLS certificate errors will be ignored for this session
DevTools listening on ws://127.0.0.1:13694/devtools/browser/b4460979-9edb-4283-b5f3-5513b8467b1a
console.warn: LoginRecipes: "Falling back to a synchronous message for: https://iam-uat.meditap.id."
console.warn: LoginRecipes: "Falling back to a synchronous message for: https://iam-uat.meditap.id."
console.warn: services.settings: Ignoring preference override of remote settings server
console.warn: services.settings: Allow by setting MOZ_REMOTE_SETTINGS_DEVTOOLS=1 in the environment
console.error: (new TypeError("lazy.AsyncShutdown.profileBeforeChange is undefined", "resource://services-settings/Database.sys.mjs", 593))
console.warn: LoginRecipes: "Falling back to a synchronous message for: https://provider-uat.meditap.id."
]]></system-err>
  </testcase>
  <testcase name="positivePengesahanTagihan" classname="test.rawatjalan.PositiveRJTest" time="3.275">
    <failure message="The element with the reference 81f50ea7-08e4-4904-84e3-9661695cf631 is stale; either its node document is not the active document, or it is no longer connected to the DOM&#10;For documentation on this error, please visit: https://selenium.dev/exceptions/#stale_element_reference&#10;Build info: version: &apos;4.9.0&apos;, revision: &apos;d7057100a6&apos;&#10;System info: os.name: &apos;Windows 11&apos;, os.arch: &apos;amd64&apos;, os.version: &apos;10.0&apos;, java.version: &apos;17.0.7&apos;&#10;Driver info: org.openqa.selenium.firefox.FirefoxDriver&#10;Command: [12178472-9b6c-4135-9415-d3f875114041, isElementDisplayed {id=81f50ea7-08e4-4904-84e3-9661695cf631}]&#10;Capabilities {acceptInsecureCerts: true, browserName: firefox, browserVersion: 118.0.2, moz:accessibilityChecks: false, moz:buildID: 20231009140911, moz:debuggerAddress: 127.0.0.1:34179, moz:geckodriverVersion: 0.33.0, moz:headless: false, moz:platformVersion: 10.0, moz:processID: 72892, moz:profile: C:\Users\ARRUMI~1\AppData\L..., moz:shutdownTimeout: 60000, moz:webdriverClick: true, moz:windowless: false, pageLoadStrategy: normal, platformName: WINDOWS, proxy: Proxy(), se:cdp: ws://127.0.0.1:34179/devtoo..., se:cdpVersion: 85.0, setWindowRect: true, strictFileInteractability: false, timeouts: {implicit: 0, pageLoad: 300000, script: 30000}, unhandledPromptBehavior: dismiss and notify}&#10;Element: [[FirefoxDriver: firefox on WINDOWS (12178472-9b6c-4135-9415-d3f875114041)] -&gt; xpath: //div[@data-testid=&apos;btnShowFilter&apos;]]&#10;Session ID: 12178472-9b6c-4135-9415-d3f875114041" type="org.openqa.selenium.StaleElementReferenceException"><![CDATA[org.openqa.selenium.StaleElementReferenceException: 
The element with the reference 81f50ea7-08e4-4904-84e3-9661695cf631 is stale; either its node document is not the active document, or it is no longer connected to the DOM
For documentation on this error, please visit: https://selenium.dev/exceptions/#stale_element_reference
Build info: version: '4.9.0', revision: 'd7057100a6'
System info: os.name: 'Windows 11', os.arch: 'amd64', os.version: '10.0', java.version: '17.0.7'
Driver info: org.openqa.selenium.firefox.FirefoxDriver
Command: [12178472-9b6c-4135-9415-d3f875114041, isElementDisplayed {id=81f50ea7-08e4-4904-84e3-9661695cf631}]
Capabilities {acceptInsecureCerts: true, browserName: firefox, browserVersion: 118.0.2, moz:accessibilityChecks: false, moz:buildID: 20231009140911, moz:debuggerAddress: 127.0.0.1:34179, moz:geckodriverVersion: 0.33.0, moz:headless: false, moz:platformVersion: 10.0, moz:processID: 72892, moz:profile: C:\Users\ARRUMI~1\AppData\L..., moz:shutdownTimeout: 60000, moz:webdriverClick: true, moz:windowless: false, pageLoadStrategy: normal, platformName: WINDOWS, proxy: Proxy(), se:cdp: ws://127.0.0.1:34179/devtoo..., se:cdpVersion: 85.0, setWindowRect: true, strictFileInteractability: false, timeouts: {implicit: 0, pageLoad: 300000, script: 30000}, unhandledPromptBehavior: dismiss and notify}
Element: [[FirefoxDriver: firefox on WINDOWS (12178472-9b6c-4135-9415-d3f875114041)] -> xpath: //div[@data-testid='btnShowFilter']]
Session ID: 12178472-9b6c-4135-9415-d3f875114041
	at jdk.internal.reflect.GeneratedConstructorAccessor44.newInstance(Unknown Source)
	at java.base/jdk.internal.reflect.DelegatingConstructorAccessorImpl.newInstance(DelegatingConstructorAccessorImpl.java:45)
	at java.base/java.lang.reflect.Constructor.newInstanceWithCaller(Constructor.java:499)
	at java.base/java.lang.reflect.Constructor.newInstance(Constructor.java:480)
	at org.openqa.selenium.remote.codec.w3c.W3CHttpResponseCodec.createException(W3CHttpResponseCodec.java:200)
	at org.openqa.selenium.remote.codec.w3c.W3CHttpResponseCodec.decode(W3CHttpResponseCodec.java:133)
	at org.openqa.selenium.remote.codec.w3c.W3CHttpResponseCodec.decode(W3CHttpResponseCodec.java:53)
	at org.openqa.selenium.remote.HttpCommandExecutor.execute(HttpCommandExecutor.java:193)
	at org.openqa.selenium.remote.service.DriverCommandExecutor.invokeExecute(DriverCommandExecutor.java:183)
	at org.openqa.selenium.remote.service.DriverCommandExecutor.execute(DriverCommandExecutor.java:158)
	at org.openqa.selenium.remote.RemoteWebDriver.execute(RemoteWebDriver.java:543)
	at org.openqa.selenium.remote.RemoteWebElement.execute(RemoteWebElement.java:257)
	at org.openqa.selenium.remote.RemoteWebElement.isDisplayed(RemoteWebElement.java:313)
	at jdk.internal.reflect.GeneratedMethodAccessor6.invoke(Unknown Source)
	at java.base/jdk.internal.reflect.DelegatingMethodAccessorImpl.invoke(DelegatingMethodAccessorImpl.java:43)
	at java.base/java.lang.reflect.Method.invoke(Method.java:568)
	at org.openqa.selenium.support.pagefactory.internal.LocatingElementHandler.invoke(LocatingElementHandler.java:52)
	at jdk.proxy2/jdk.proxy2.$Proxy19.isDisplayed(Unknown Source)
	at org.openqa.selenium.support.ui.ExpectedConditions.elementIfVisible(ExpectedConditions.java:307)
	at org.openqa.selenium.support.ui.ExpectedConditions.access$000(ExpectedConditions.java:40)
	at org.openqa.selenium.support.ui.ExpectedConditions$10.apply(ExpectedConditions.java:293)
	at org.openqa.selenium.support.ui.ExpectedConditions$10.apply(ExpectedConditions.java:290)
	at org.openqa.selenium.support.ui.ExpectedConditions$23.apply(ExpectedConditions.java:660)
	at org.openqa.selenium.support.ui.ExpectedConditions$23.apply(ExpectedConditions.java:656)
	at org.openqa.selenium.support.ui.FluentWait.until(FluentWait.java:208)
	at page.BasePage.waitForClickable(BasePage.java:59)
	at page.BasePage.doClick(BasePage.java:24)
	at page.rawatjalan.ListRJPage.clickPencarian(ListRJPage.java:153)
	at test.rawatjalan.PositiveRJTest.positivePengesahanTagihan(PositiveRJTest.java:137)
	at java.base/jdk.internal.reflect.NativeMethodAccessorImpl.invoke0(Native Method)
	at java.base/jdk.internal.reflect.NativeMethodAccessorImpl.invoke(NativeMethodAccessorImpl.java:77)
	at java.base/jdk.internal.reflect.DelegatingMethodAccessorImpl.invoke(DelegatingMethodAccessorImpl.java:43)
	at java.base/java.lang.reflect.Method.invoke(Method.java:568)
	at org.testng.internal.MethodInvocationHelper.invokeMethod(MethodInvocationHelper.java:124)
	at org.testng.internal.Invoker.invokeMethod(Invoker.java:583)
	at org.testng.internal.Invoker.invokeTestMethod(Invoker.java:719)
	at org.testng.internal.Invoker.invokeTestMethods(Invoker.java:989)
	at org.testng.internal.TestMethodWorker.invokeTestMethods(TestMethodWorker.java:125)
	at org.testng.internal.TestMethodWorker.run(TestMethodWorker.java:109)
	at java.base/java.util.concurrent.ThreadPoolExecutor.runWorker(ThreadPoolExecutor.java:1136)
	at java.base/java.util.concurrent.ThreadPoolExecutor$Worker.run(ThreadPoolExecutor.java:635)
	at java.base/java.lang.Thread.run(Thread.java:833)
]]></failure>
    <system-err><![CDATA[1698978532365	RemoteAgent	INFO	Perform WebSocket upgrade for incoming connection from 127.0.0.1:50219
1698978532370	CDP	WARN	Invalid browser preferences for CDP. Set "fission.webContentIsolationStrategy"to 0 and "fission.bfcacheInParent" to false before Firefox starts.
1698978532377	Marionette	INFO	Stopped listening on port 50106
JavaScript warning: https://static.zdassets.com/web_widget/classic/latest/web-widget-main-2ac1a16.js, line 2: Script terminated by timeout at:
o@https://static.zdassets.com/web_widget/classic/latest/web-widget-main-2ac1a16.js:2:776955

Dynamically enable window occlusion 1
1698978533984	geckodriver	INFO	Listening on 127.0.0.1:1744
1698978534007	mozrunner::runner	INFO	Running command: "C:\\Program Files\\Mozilla Firefox\\firefox.exe" "--marionette" "--remote-debugging-port" "34179" "--remote ... alhost:34179/,http://[::1]:34179/" "-no-remote" "-profile" "C:\\Users\\ARRUMI~1\\AppData\\Local\\Temp\\rust_mozprofilepOf346"
console.warn: services.settings: Ignoring preference override of remote settings server
console.warn: services.settings: Allow by setting MOZ_REMOTE_SETTINGS_DEVTOOLS=1 in the environment
1698978534506	Marionette	INFO	Marionette enabled
Dynamically enable window occlusion 0
1698978534552	Marionette	INFO	Listening on port 50229
WebDriver BiDi listening on ws://127.0.0.1:34179
Read port: 50229
1698978534689	RemoteAgent	WARN	TLS certificate errors will be ignored for this session
[GFX1-]: RenderCompositorSWGL failed mapping default framebuffer, no dt
DevTools listening on ws://127.0.0.1:34179/devtools/browser/f873d7a7-758e-4e9d-833f-eac307e0f6cb
console.warn: LoginRecipes: "Falling back to a synchronous message for: https://iam-uat.meditap.id."
console.warn: LoginRecipes: "Falling back to a synchronous message for: https://iam-uat.meditap.id."
console.warn: services.settings: Ignoring preference override of remote settings server
console.warn: services.settings: Allow by setting MOZ_REMOTE_SETTINGS_DEVTOOLS=1 in the environment
console.error: (new TypeError("lazy.AsyncShutdown.profileBeforeChange is undefined", "resource://services-settings/Database.sys.mjs", 593))
]]></system-err>
  </testcase>
  <testcase name="positivePenagihanKlaimAndCancelRegis" classname="test.rawatjalan.PositiveRJTest" time="0.269">
    <failure message="Unable to locate element: //p[normalize-space()=&apos;Penagihan Klaim&apos;]&#10;For documentation on this error, please visit: https://selenium.dev/exceptions/#no_such_element&#10;Build info: version: &apos;4.9.0&apos;, revision: &apos;d7057100a6&apos;&#10;System info: os.name: &apos;Windows 11&apos;, os.arch: &apos;amd64&apos;, os.version: &apos;10.0&apos;, java.version: &apos;17.0.7&apos;&#10;Driver info: org.openqa.selenium.firefox.FirefoxDriver&#10;Command: [ae0ee626-b6af-455e-b33d-ef6364a0ab45, findElement {using=xpath, value=//p[normalize-space()=&apos;Penagihan Klaim&apos;]}]&#10;Capabilities {acceptInsecureCerts: true, browserName: firefox, browserVersion: 118.0.2, moz:accessibilityChecks: false, moz:buildID: 20231009140911, moz:debuggerAddress: 127.0.0.1:10368, moz:geckodriverVersion: 0.33.0, moz:headless: false, moz:platformVersion: 10.0, moz:processID: 74904, moz:profile: C:\Users\ARRUMI~1\AppData\L..., moz:shutdownTimeout: 60000, moz:webdriverClick: true, moz:windowless: false, pageLoadStrategy: normal, platformName: WINDOWS, proxy: Proxy(), se:cdp: ws://127.0.0.1:10368/devtoo..., se:cdpVersion: 85.0, setWindowRect: true, strictFileInteractability: false, timeouts: {implicit: 0, pageLoad: 300000, script: 30000}, unhandledPromptBehavior: dismiss and notify}&#10;Session ID: ae0ee626-b6af-455e-b33d-ef6364a0ab45" type="org.openqa.selenium.NoSuchElementException"><![CDATA[org.openqa.selenium.NoSuchElementException: 
Unable to locate element: //p[normalize-space()='Penagihan Klaim']
For documentation on this error, please visit: https://selenium.dev/exceptions/#no_such_element
Build info: version: '4.9.0', revision: 'd7057100a6'
System info: os.name: 'Windows 11', os.arch: 'amd64', os.version: '10.0', java.version: '17.0.7'
Driver info: org.openqa.selenium.firefox.FirefoxDriver
Command: [ae0ee626-b6af-455e-b33d-ef6364a0ab45, findElement {using=xpath, value=//p[normalize-space()='Penagihan Klaim']}]
Capabilities {acceptInsecureCerts: true, browserName: firefox, browserVersion: 118.0.2, moz:accessibilityChecks: false, moz:buildID: 20231009140911, moz:debuggerAddress: 127.0.0.1:10368, moz:geckodriverVersion: 0.33.0, moz:headless: false, moz:platformVersion: 10.0, moz:processID: 74904, moz:profile: C:\Users\ARRUMI~1\AppData\L..., moz:shutdownTimeout: 60000, moz:webdriverClick: true, moz:windowless: false, pageLoadStrategy: normal, platformName: WINDOWS, proxy: Proxy(), se:cdp: ws://127.0.0.1:10368/devtoo..., se:cdpVersion: 85.0, setWindowRect: true, strictFileInteractability: false, timeouts: {implicit: 0, pageLoad: 300000, script: 30000}, unhandledPromptBehavior: dismiss and notify}
Session ID: ae0ee626-b6af-455e-b33d-ef6364a0ab45
	at jdk.internal.reflect.GeneratedConstructorAccessor20.newInstance(Unknown Source)
	at java.base/jdk.internal.reflect.DelegatingConstructorAccessorImpl.newInstance(DelegatingConstructorAccessorImpl.java:45)
	at java.base/java.lang.reflect.Constructor.newInstanceWithCaller(Constructor.java:499)
	at java.base/java.lang.reflect.Constructor.newInstance(Constructor.java:480)
	at org.openqa.selenium.remote.codec.w3c.W3CHttpResponseCodec.createException(W3CHttpResponseCodec.java:200)
	at org.openqa.selenium.remote.codec.w3c.W3CHttpResponseCodec.decode(W3CHttpResponseCodec.java:133)
	at org.openqa.selenium.remote.codec.w3c.W3CHttpResponseCodec.decode(W3CHttpResponseCodec.java:53)
	at org.openqa.selenium.remote.HttpCommandExecutor.execute(HttpCommandExecutor.java:193)
	at org.openqa.selenium.remote.service.DriverCommandExecutor.invokeExecute(DriverCommandExecutor.java:183)
	at org.openqa.selenium.remote.service.DriverCommandExecutor.execute(DriverCommandExecutor.java:158)
	at org.openqa.selenium.remote.RemoteWebDriver.execute(RemoteWebDriver.java:543)
	at org.openqa.selenium.remote.ElementLocation$ElementFinder$2.findElement(ElementLocation.java:162)
	at org.openqa.selenium.remote.ElementLocation.findElement(ElementLocation.java:60)
	at org.openqa.selenium.remote.RemoteWebDriver.findElement(RemoteWebDriver.java:352)
	at org.openqa.selenium.remote.RemoteWebDriver.findElement(RemoteWebDriver.java:344)
	at org.openqa.selenium.support.pagefactory.DefaultElementLocator.findElement(DefaultElementLocator.java:70)
	at org.openqa.selenium.support.pagefactory.internal.LocatingElementHandler.invoke(LocatingElementHandler.java:39)
	at jdk.proxy2/jdk.proxy2.$Proxy19.getWrappedElement(Unknown Source)
	at org.openqa.selenium.remote.internal.WebElementToJsonConverter.apply(WebElementToJsonConverter.java:51)
	at java.base/java.util.stream.ReferencePipeline$3$1.accept(ReferencePipeline.java:197)
	at java.base/java.util.Spliterators$ArraySpliterator.forEachRemaining(Spliterators.java:992)
	at java.base/java.util.stream.AbstractPipeline.copyInto(AbstractPipeline.java:509)
	at java.base/java.util.stream.AbstractPipeline.wrapAndCopyInto(AbstractPipeline.java:499)
	at java.base/java.util.stream.ReduceOps$ReduceOp.evaluateSequential(ReduceOps.java:921)
	at java.base/java.util.stream.AbstractPipeline.evaluate(AbstractPipeline.java:234)
	at java.base/java.util.stream.ReferencePipeline.collect(ReferencePipeline.java:682)
	at org.openqa.selenium.remote.RemoteWebDriver.executeScript(RemoteWebDriver.java:477)
	at page.HomePage.scrollUntilBtnPenagihanKlaim(HomePage.java:112)
	at test.rawatjalan.PositiveRJTest.positivePenagihanKlaimAndCancelRegis(PositiveRJTest.java:238)
	at java.base/jdk.internal.reflect.NativeMethodAccessorImpl.invoke0(Native Method)
	at java.base/jdk.internal.reflect.NativeMethodAccessorImpl.invoke(NativeMethodAccessorImpl.java:77)
	at java.base/jdk.internal.reflect.DelegatingMethodAccessorImpl.invoke(DelegatingMethodAccessorImpl.java:43)
	at java.base/java.lang.reflect.Method.invoke(Method.java:568)
	at org.testng.internal.MethodInvocationHelper.invokeMethod(MethodInvocationHelper.java:124)
	at org.testng.internal.Invoker.invokeMethod(Invoker.java:583)
	at org.testng.internal.Invoker.invokeTestMethod(Invoker.java:719)
	at org.testng.internal.Invoker.invokeTestMethods(Invoker.java:989)
	at org.testng.internal.TestMethodWorker.invokeTestMethods(TestMethodWorker.java:125)
	at org.testng.internal.TestMethodWorker.run(TestMethodWorker.java:109)
	at java.base/java.util.concurrent.ThreadPoolExecutor.runWorker(ThreadPoolExecutor.java:1136)
	at java.base/java.util.concurrent.ThreadPoolExecutor$Worker.run(ThreadPoolExecutor.java:635)
	at java.base/java.lang.Thread.run(Thread.java:833)
]]></failure>
    <system-err><![CDATA[1698978542718	RemoteAgent	INFO	Perform WebSocket upgrade for incoming connection from 127.0.0.1:50255
1698978542734	CDP	WARN	Invalid browser preferences for CDP. Set "fission.webContentIsolationStrategy"to 0 and "fission.bfcacheInParent" to false before Firefox starts.
1698978542737	Marionette	INFO	Stopped listening on port 50229
JavaScript warning: https://provider-uat.meditap.id/_next/static/chunks/framework-2645a99191cfc5e9.js, line 9: Script terminated by timeout at:
nU@https://provider-uat.meditap.id/_next/static/chunks/framework-2645a99191cfc5e9.js:9:20809

Dynamically enable window occlusion 1
1698978544765	geckodriver	INFO	Listening on 127.0.0.1:7838
1698978544779	mozrunner::runner	INFO	Running command: "C:\\Program Files\\Mozilla Firefox\\firefox.exe" "--marionette" "--remote-debugging-port" "10368" "--remote ... alhost:10368/,http://[::1]:10368/" "-no-remote" "-profile" "C:\\Users\\ARRUMI~1\\AppData\\Local\\Temp\\rust_mozprofileAEKzNB"
console.warn: services.settings: Ignoring preference override of remote settings server
console.warn: services.settings: Allow by setting MOZ_REMOTE_SETTINGS_DEVTOOLS=1 in the environment
1698978545174	Marionette	INFO	Marionette enabled
Dynamically enable window occlusion 0
1698978545271	Marionette	INFO	Listening on port 50263
WebDriver BiDi listening on ws://127.0.0.1:10368
Read port: 50263
1698978545540	RemoteAgent	WARN	TLS certificate errors will be ignored for this session
DevTools listening on ws://127.0.0.1:10368/devtools/browser/f878d684-5e84-4e91-955a-bcb71284bbfe
console.warn: LoginRecipes: "Falling back to a synchronous message for: https://iam-uat.meditap.id."
console.warn: LoginRecipes: "Falling back to a synchronous message for: https://iam-uat.meditap.id."
console.warn: services.settings: Ignoring preference override of remote settings server
console.warn: services.settings: Allow by setting MOZ_REMOTE_SETTINGS_DEVTOOLS=1 in the environment
console.error: (new TypeError("lazy.AsyncShutdown.profileBeforeChange is undefined", "resource://services-settings/Database.sys.mjs", 593))
]]></system-err>
  </testcase>
</testsuite>