<?xml version="1.0" encoding="UTF-8"?>
<testsuite name="automationprovider"
           tests="1"
           failures="1"
           errors="0"
           skipped="0"
           time="9.377">
    <properties></properties>

            <testcase
                name="verifyFilterStatus"
                time="9.377"
                classname="test.rawatjalan.FilterRJTest">

            <failure type="java.lang.IndexOutOfBoundsException" message="Index 10 out of bounds for length 10">
                <![CDATA[java.lang.IndexOutOfBoundsException: Index 10 out of bounds for length 10
                java.base/jdk.internal.util.Preconditions.outOfBounds(Preconditions.java:64)java.base/jdk.internal.util.Preconditions.outOfBoundsCheckIndex(Preconditions.java:70)java.base/jdk.internal.util.Preconditions.checkIndex(Preconditions.java:266)java.base/java.util.Objects.checkIndex(Objects.java:361)java.base/java.util.ArrayList.get(ArrayList.java:427)java.base/jdk.internal.reflect.GeneratedMethodAccessor1.invoke(Unknown Source)java.base/jdk.internal.reflect.DelegatingMethodAccessorImpl.invoke(DelegatingMethodAccessorImpl.java:43)java.base/java.lang.reflect.Method.invoke(Method.java:568)org.openqa.selenium.support.pagefactory.internal.LocatingElementListHandler.invoke(LocatingElementListHandler.java:40)jdk.proxy2/jdk.proxy2.$Proxy24.get(Unknown Source)page.rawatjalan.ListRJPage.verifyFilterStatus(ListRawatJalanPage.java:339)test.rawatjalan.FilterRJTest.verifyFilterStatus(FilterTest.java:207)java.base/jdk.internal.reflect.NativeMethodAccessorImpl.invoke0(Native Method)java.base/jdk.internal.reflect.NativeMethodAccessorImpl.invoke(NativeMethodAccessorImpl.java:77)java.base/jdk.internal.reflect.DelegatingMethodAccessorImpl.invoke(DelegatingMethodAccessorImpl.java:43)java.base/java.lang.reflect.Method.invoke(Method.java:568)org.testng.internal.MethodInvocationHelper.invokeMethod(MethodInvocationHelper.java:124)org.testng.internal.Invoker.invokeMethod(Invoker.java:583)org.testng.internal.Invoker.invokeTestMethod(Invoker.java:719)org.testng.internal.Invoker.invokeTestMethods(Invoker.java:989)org.testng.internal.TestMethodWorker.invokeTestMethods(TestMethodWorker.java:125)org.testng.internal.TestMethodWorker.run(TestMethodWorker.java:109)org.testng.TestRunner.privateRun(TestRunner.java:648)org.testng.TestRunner.run(TestRunner.java:505)org.testng.SuiteRunner.runTest(SuiteRunner.java:455)org.testng.SuiteRunner.runSequentially(SuiteRunner.java:450)org.testng.SuiteRunner.privateRun(SuiteRunner.java:415)org.testng.SuiteRunner.run(SuiteRunner.java:364)org.testng.SuiteRunnerWorker.runSuite(SuiteRunnerWorker.java:52)org.testng.SuiteRunnerWorker.run(SuiteRunnerWorker.java:84)org.testng.TestNG.runSuitesSequentially(TestNG.java:1208)org.testng.TestNG.runSuitesLocally(TestNG.java:1137)org.testng.TestNG.runSuites(TestNG.java:1049)org.testng.TestNG.run(TestNG.java:1017)com.intellij.rt.testng.IDEARemoteTestNG.run(IDEARemoteTestNG.java:66)com.intellij.rt.testng.RemoteTestNGStarter.main(RemoteTestNGStarter.java:105)
]]>
            </failure>
    </testcase>


</testsuite>
