<?xml version="1.0" encoding="UTF-8"?>
<testsuite name="automationproviderFindBy"
           tests="1"
           failures="1"
           errors="0"
           skipped="0"
           time="0.610">
    <properties></properties>

            <testcase
                name="login"
                time="0.610"
                classname="test.BaseAPIMobileWebTest">

            <failure type="java.lang.IllegalArgumentException" message="Don&apos;t know how to encode {&quot;email&quot;: &quot;whinda.permatasari@meditap.id&quot;,&quot;password&quot;: &quot;@Whinda1001&quot;} as a byte stream.

Please use EncoderConfig (EncoderConfig#encodeContentTypeAs) to specify how to serialize data for this content-type.
For example: &quot;given().config(RestAssured.config().encoderConfig(encoderConfig().encodeContentTypeAs(&quot;multipart/form-data&quot;, ContentType.TEXT))). ..&quot;">
                <![CDATA[java.lang.IllegalArgumentException: Don't know how to encode {"email": "whinda.permatasari@meditap.id","password": "@Whinda1001"} as a byte stream.

Please use EncoderConfig (EncoderConfig#encodeContentTypeAs) to specify how to serialize data for this content-type.
For example: "given().config(RestAssured.config().encoderConfig(encoderConfig().encodeContentTypeAs("multipart/form-data", ContentType.TEXT))). .."
                io.restassured.internal.http.EncoderRegistry.encodeStream(EncoderRegistry.java:132)java.base/jdk.internal.reflect.NativeMethodAccessorImpl.invoke0(Native Method)java.base/jdk.internal.reflect.NativeMethodAccessorImpl.invoke(NativeMethodAccessorImpl.java:77)java.base/jdk.internal.reflect.DelegatingMethodAccessorImpl.invoke(DelegatingMethodAccessorImpl.java:43)java.base/java.lang.reflect.Method.invoke(Method.java:568)org.codehaus.groovy.reflection.CachedMethod.invoke(CachedMethod.java:343)groovy.lang.MetaMethod.doMethodInvoke(MetaMethod.java:328)groovy.lang.MetaClassImpl.doInvokeMethod(MetaClassImpl.java:1348)groovy.lang.MetaClassImpl.invokeMethod(MetaClassImpl.java:1103)groovy.lang.MetaClassImpl.invokeMethodClosure(MetaClassImpl.java:1022)groovy.lang.MetaClassImpl.doInvokeMethod(MetaClassImpl.java:1222)groovy.lang.MetaClassImpl.invokeMethod(MetaClassImpl.java:1103)groovy.lang.MetaClassImpl.invokeMethod(MetaClassImpl.java:1009)groovy.lang.Closure.call(Closure.java:418)io.restassured.internal.http.HTTPBuilder$RequestConfigDelegate.setBody(HTTPBuilder.java:1134)io.restassured.internal.http.HTTPBuilder$RequestConfigDelegate.setPropertiesFromMap(HTTPBuilder.java:1046)io.restassured.internal.http.HTTPBuilder.post(HTTPBuilder.java:344)io.restassured.internal.http.HTTPBuilder$post$2.call(Unknown Source)org.codehaus.groovy.runtime.callsite.CallSiteArray.defaultCall(CallSiteArray.java:45)org.codehaus.groovy.runtime.callsite.AbstractCallSite.call(AbstractCallSite.java:125)org.codehaus.groovy.runtime.callsite.AbstractCallSite.call(AbstractCallSite.java:148)io.restassured.internal.RequestSpecificationImpl.sendRequest(RequestSpecificationImpl.groovy:1209)io.restassured.internal.RequestSpecificationImpl.this$2$sendRequest(RequestSpecificationImpl.groovy)java.base/jdk.internal.reflect.NativeMethodAccessorImpl.invoke0(Native Method)java.base/jdk.internal.reflect.NativeMethodAccessorImpl.invoke(NativeMethodAccessorImpl.java:77)java.base/jdk.internal.reflect.DelegatingMethodAccessorImpl.invoke(DelegatingMethodAccessorImpl.java:43)java.base/java.lang.reflect.Method.invoke(Method.java:568)org.codehaus.groovy.reflection.CachedMethod.invoke(CachedMethod.java:343)groovy.lang.MetaMethod.doMethodInvoke(MetaMethod.java:328)groovy.lang.MetaClassImpl.doInvokeMethod(MetaClassImpl.java:1348)groovy.lang.MetaClassImpl.invokeMethod(MetaClassImpl.java:1103)groovy.lang.MetaClassImpl.invokeMethod(MetaClassImpl.java:1009)groovy.lang.MetaClassImpl.invokeMethod(MetaClassImpl.java:792)io.restassured.internal.RequestSpecificationImpl.invokeMethod(RequestSpecificationImpl.groovy)org.codehaus.groovy.runtime.callsite.PogoInterceptableSite.call(PogoInterceptableSite.java:46)org.codehaus.groovy.runtime.callsite.CallSiteArray.defaultCall(CallSiteArray.java:45)org.codehaus.groovy.runtime.callsite.AbstractCallSite.call(AbstractCallSite.java:125)org.codehaus.groovy.runtime.callsite.AbstractCallSite.call(AbstractCallSite.java:166)io.restassured.internal.filter.SendRequestFilter.filter(SendRequestFilter.groovy:30)io.restassured.filter.Filter$filter.call(Unknown Source)org.codehaus.groovy.runtime.callsite.CallSiteArray.defaultCall(CallSiteArray.java:45)io.restassured.filter.Filter$filter$0.call(Unknown Source)io.restassured.internal.filter.FilterContextImpl.next(FilterContextImpl.groovy:72)io.restassured.filter.time.TimingFilter.filter(TimingFilter.java:56)io.restassured.filter.Filter$filter$0.call(Unknown Source)org.codehaus.groovy.runtime.callsite.CallSiteArray.defaultCall(CallSiteArray.java:45)io.restassured.filter.Filter$filter.call(Unknown Source)io.restassured.internal.filter.FilterContextImpl.next(FilterContextImpl.groovy:72)io.restassured.filter.FilterContext$next.call(Unknown Source)org.codehaus.groovy.runtime.callsite.CallSiteArray.defaultCall(CallSiteArray.java:45)org.codehaus.groovy.runtime.callsite.AbstractCallSite.call(AbstractCallSite.java:125)org.codehaus.groovy.runtime.callsite.AbstractCallSite.call(AbstractCallSite.java:148)io.restassured.internal.filter.CsrfFilter.filter(CsrfFilter.groovy:70)io.restassured.filter.Filter$filter.call(Unknown Source)org.codehaus.groovy.runtime.callsite.CallSiteArray.defaultCall(CallSiteArray.java:45)org.codehaus.groovy.runtime.callsite.AbstractCallSite.call(AbstractCallSite.java:125)org.codehaus.groovy.runtime.callsite.AbstractCallSite.call(AbstractCallSite.java:157)io.restassured.internal.filter.FilterContextImpl.next(FilterContextImpl.groovy:72)io.restassured.filter.FilterContext$next.call(Unknown Source)org.codehaus.groovy.runtime.callsite.CallSiteArray.defaultCall(CallSiteArray.java:45)org.codehaus.groovy.runtime.callsite.AbstractCallSite.call(AbstractCallSite.java:125)org.codehaus.groovy.runtime.callsite.AbstractCallSite.call(AbstractCallSite.java:148)io.restassured.internal.RequestSpecificationImpl.applyPathParamsAndSendRequest(RequestSpecificationImpl.groovy:1704)io.restassured.internal.RequestSpecificationImpl.this$2$applyPathParamsAndSendRequest(RequestSpecificationImpl.groovy)java.base/jdk.internal.reflect.NativeMethodAccessorImpl.invoke0(Native Method)java.base/jdk.internal.reflect.NativeMethodAccessorImpl.invoke(NativeMethodAccessorImpl.java:77)java.base/jdk.internal.reflect.DelegatingMethodAccessorImpl.invoke(DelegatingMethodAccessorImpl.java:43)java.base/java.lang.reflect.Method.invoke(Method.java:568)org.codehaus.groovy.reflection.CachedMethod.invoke(CachedMethod.java:343)groovy.lang.MetaMethod.doMethodInvoke(MetaMethod.java:328)groovy.lang.MetaClassImpl.doInvokeMethod(MetaClassImpl.java:1348)groovy.lang.MetaClassImpl.invokeMethod(MetaClassImpl.java:1103)groovy.lang.MetaClassImpl.invokeMethod(MetaClassImpl.java:1009)groovy.lang.MetaClassImpl.invokeMethod(MetaClassImpl.java:792)io.restassured.internal.RequestSpecificationImpl.invokeMethod(RequestSpecificationImpl.groovy)org.codehaus.groovy.runtime.callsite.PogoInterceptableSite.call(PogoInterceptableSite.java:46)org.codehaus.groovy.runtime.callsite.PogoInterceptableSite.callCurrent(PogoInterceptableSite.java:57)org.codehaus.groovy.runtime.callsite.CallSiteArray.defaultCallCurrent(CallSiteArray.java:49)org.codehaus.groovy.runtime.callsite.AbstractCallSite.callCurrent(AbstractCallSite.java:171)org.codehaus.groovy.runtime.callsite.AbstractCallSite.callCurrent(AbstractCallSite.java:203)io.restassured.internal.RequestSpecificationImpl.applyPathParamsAndSendRequest(RequestSpecificationImpl.groovy:1710)io.restassured.internal.RequestSpecificationImpl.this$2$applyPathParamsAndSendRequest(RequestSpecificationImpl.groovy)java.base/jdk.internal.reflect.NativeMethodAccessorImpl.invoke0(Native Method)java.base/jdk.internal.reflect.NativeMethodAccessorImpl.invoke(NativeMethodAccessorImpl.java:77)java.base/jdk.internal.reflect.DelegatingMethodAccessorImpl.invoke(DelegatingMethodAccessorImpl.java:43)java.base/java.lang.reflect.Method.invoke(Method.java:568)org.codehaus.groovy.reflection.CachedMethod.invoke(CachedMethod.java:343)groovy.lang.MetaMethod.doMethodInvoke(MetaMethod.java:328)groovy.lang.MetaClassImpl.doInvokeMethod(MetaClassImpl.java:1348)groovy.lang.MetaClassImpl.invokeMethod(MetaClassImpl.java:1103)groovy.lang.MetaClassImpl.invokeMethod(MetaClassImpl.java:1009)groovy.lang.MetaClassImpl.invokeMethod(MetaClassImpl.java:792)io.restassured.internal.RequestSpecificationImpl.invokeMethod(RequestSpecificationImpl.groovy)org.codehaus.groovy.runtime.callsite.PogoInterceptableSite.call(PogoInterceptableSite.java:46)org.codehaus.groovy.runtime.callsite.PogoInterceptableSite.callCurrent(PogoInterceptableSite.java:57)org.codehaus.groovy.runtime.callsite.CallSiteArray.defaultCallCurrent(CallSiteArray.java:49)org.codehaus.groovy.runtime.callsite.AbstractCallSite.callCurrent(AbstractCallSite.java:171)org.codehaus.groovy.runtime.callsite.AbstractCallSite.callCurrent(AbstractCallSite.java:203)io.restassured.internal.RequestSpecificationImpl.post(RequestSpecificationImpl.groovy:176)io.restassured.internal.RequestSpecificationImpl.post(RequestSpecificationImpl.groovy)test.BaseAPIMobileWebTest.login(BaseAPIMobileWebTest.java:28)java.base/jdk.internal.reflect.NativeMethodAccessorImpl.invoke0(Native Method)java.base/jdk.internal.reflect.NativeMethodAccessorImpl.invoke(NativeMethodAccessorImpl.java:77)java.base/jdk.internal.reflect.DelegatingMethodAccessorImpl.invoke(DelegatingMethodAccessorImpl.java:43)java.base/java.lang.reflect.Method.invoke(Method.java:568)org.testng.internal.MethodInvocationHelper.invokeMethod(MethodInvocationHelper.java:124)org.testng.internal.Invoker.invokeMethod(Invoker.java:583)org.testng.internal.Invoker.invokeTestMethod(Invoker.java:719)org.testng.internal.Invoker.invokeTestMethods(Invoker.java:989)org.testng.internal.TestMethodWorker.invokeTestMethods(TestMethodWorker.java:125)org.testng.internal.TestMethodWorker.run(TestMethodWorker.java:109)org.testng.TestRunner.privateRun(TestRunner.java:648)org.testng.TestRunner.run(TestRunner.java:505)org.testng.SuiteRunner.runTest(SuiteRunner.java:455)org.testng.SuiteRunner.runSequentially(SuiteRunner.java:450)org.testng.SuiteRunner.privateRun(SuiteRunner.java:415)org.testng.SuiteRunner.run(SuiteRunner.java:364)org.testng.SuiteRunnerWorker.runSuite(SuiteRunnerWorker.java:52)org.testng.SuiteRunnerWorker.run(SuiteRunnerWorker.java:84)org.testng.TestNG.runSuitesSequentially(TestNG.java:1208)org.testng.TestNG.runSuitesLocally(TestNG.java:1137)org.testng.TestNG.runSuites(TestNG.java:1049)org.testng.TestNG.run(TestNG.java:1017)com.intellij.rt.testng.IDEARemoteTestNG.run(IDEARemoteTestNG.java:66)com.intellij.rt.testng.RemoteTestNGStarter.main(RemoteTestNGStarter.java:105)
]]>
            </failure>
    </testcase>


</testsuite>
